[ 2018-03-10T00:33:28+08:00 ] 172.19.226.46 123.125.71.49 GET /
[ log ] www.yuanzigo.com/ [运行时间：0.018919s][吞吐率：52.86req/s] [内存消耗：1,978.98kb] [文件加载：48]
[ info ] [ LANG ] /home/wwwroot/www.yuanzigo.com/thinkphp/lang/zh-cn.php
[ info ] [ ROUTE ] array (
  'type' => 'module',
  'module' => 
  array (
    0 => '',
    1 => NULL,
    2 => NULL,
  ),
)
[ info ] [ HEADER ] array (
  'host' => 'www.yuanzigo.com',
  'connection' => 'close',
  'user-agent' => 'Mozilla/5.0 (compatible; Baiduspider/2.0; +http://www.baidu.com/search/spider.html)',
  'accept-language' => 'zh-cn,zh-tw',
  'if-none-match' => '"@NULL@"',
  'accept-encoding' => 'gzip',
  'accept' => '*/*',
  'content-type' => '',
  'content-length' => '',
)
[ info ] [ PARAM ] array (
)
[ info ] [ LOG ] INIT File

---------------------------------------------------------------
[ 2018-03-10T00:33:29+08:00 ] 172.19.226.46 123.125.71.115 GET /home/index/index
[ log ] www.yuanzigo.com/home/index/index [运行时间：0.379415s][吞吐率：2.64req/s] [内存消耗：3,438.84kb] [文件加载：92]
[ info ] [ LANG ] /home/wwwroot/www.yuanzigo.com/thinkphp/lang/zh-cn.php
[ info ] [ ROUTE ] array (
  'type' => 'module',
  'module' => 
  array (
    0 => 'home',
    1 => 'index',
    2 => 'index',
  ),
)
[ info ] [ HEADER ] array (
  'host' => 'www.yuanzigo.com',
  'connection' => 'close',
  'user-agent' => 'Mozilla/5.0 (compatible; Baiduspider/2.0; +http://www.baidu.com/search/spider.html)',
  'accept-language' => 'zh-cn,zh-tw',
  'if-none-match' => '"@NULL@"',
  'accept-encoding' => 'gzip',
  'accept' => '*/*',
  'content-type' => '',
  'content-length' => '',
)
[ info ] [ PARAM ] array (
)
[ info ] [ RUN ] app\home\controller\Index->index[ /home/wwwroot/www.yuanzigo.com/application/home/controller/Index.php ]
[ info ] [ VIEW ] /home/wwwroot/www.yuanzigo.com/public/../application/home/view/index/index.html [ array (
  0 => 'qr',
  1 => 'code',
) ]
[ info ] [ LOG ] INIT File

---------------------------------------------------------------
[ 2018-03-10T00:48:29+08:00 ] 172.19.226.46 59.64.129.62 GET /
[ log ] www.yuanzigo.com/ [运行时间：0.019146s][吞吐率：52.23req/s] [内存消耗：1,978.40kb] [文件加载：48]
[ info ] [ LANG ] /home/wwwroot/www.yuanzigo.com/thinkphp/lang/zh-cn.php
[ info ] [ ROUTE ] array (
  'type' => 'module',
  'module' => 
  array (
    0 => '',
    1 => NULL,
    2 => NULL,
  ),
)
[ info ] [ HEADER ] array (
  'user-agent' => 'curl/7.29.0',
  'host' => 'www.yuanzigo.com',
  'accept' => '*/*',
  'content-type' => '',
  'content-length' => '',
)
[ info ] [ PARAM ] array (
)
[ info ] [ LOG ] INIT File

---------------------------------------------------------------
[ 2018-03-10T01:11:47+08:00 ] 172.19.226.46 60.191.38.77 GET /
[ log ] 47.100.166.58:443/ [运行时间：0.019898s][吞吐率：50.26req/s] [内存消耗：1,978.84kb] [文件加载：48]
[ info ] [ LANG ] /home/wwwroot/www.yuanzigo.com/thinkphp/lang/zh-cn.php
[ info ] [ ROUTE ] array (
  'type' => 'module',
  'module' => 
  array (
    0 => '',
    1 => NULL,
    2 => NULL,
  ),
)
[ info ] [ HEADER ] array (
  'host' => '47.100.166.58:443',
  'user-agent' => 'Mozilla/5.0 (Macintosh; Intel Mac OS X 10.11; rv:47.0) Gecko/20100101 Firefox/47.0',
  'accept' => 'text/html,application/xhtml+xml,application/xml;q=0.9,*/*;q=0.8',
  'accept-encoding' => 'gzip',
  'connection' => 'keep-alive',
  'content-type' => '',
  'content-length' => '',
)
[ info ] [ PARAM ] array (
)
[ info ] [ LOG ] INIT File

---------------------------------------------------------------
[ 2018-03-10T01:28:52+08:00 ] 172.19.226.46 140.205.205.25 HEAD /
[ log ] yuanzigo.com:443/ [运行时间：0.018249s][吞吐率：54.80req/s] [内存消耗：1,978.31kb] [文件加载：48]
[ info ] [ LANG ] /home/wwwroot/www.yuanzigo.com/thinkphp/lang/zh-cn.php
[ info ] [ ROUTE ] array (
  'type' => 'module',
  'module' => 
  array (
    0 => '',
    1 => NULL,
    2 => NULL,
  ),
)
[ info ] [ HEADER ] array (
  'host' => 'yuanzigo.com:443',
  'user-agent' => 'Go-http-client/1.1',
  'connection' => 'close',
  'content-type' => '',
  'content-length' => '',
)
[ info ] [ PARAM ] array (
)
[ info ] [ LOG ] INIT File

---------------------------------------------------------------
[ 2018-03-10T01:31:33+08:00 ] 172.19.226.46 140.205.205.25 HEAD /
[ log ] www.yuanzigo.com:443/ [运行时间：0.020007s][吞吐率：49.98req/s] [内存消耗：1,978.37kb] [文件加载：48]
[ info ] [ LANG ] /home/wwwroot/www.yuanzigo.com/thinkphp/lang/zh-cn.php
[ info ] [ ROUTE ] array (
  'type' => 'module',
  'module' => 
  array (
    0 => '',
    1 => NULL,
    2 => NULL,
  ),
)
[ info ] [ HEADER ] array (
  'host' => 'www.yuanzigo.com:443',
  'user-agent' => 'Go-http-client/1.1',
  'connection' => 'close',
  'content-type' => '',
  'content-length' => '',
)
[ info ] [ PARAM ] array (
)
[ info ] [ LOG ] INIT File

---------------------------------------------------------------
[ 2018-03-10T01:32:40+08:00 ] 172.19.226.46 140.205.205.23 HEAD /
[ log ] www.yuanzichufa.com:443/ [运行时间：0.017800s][吞吐率：56.18req/s] [内存消耗：1,978.63kb] [文件加载：48]
[ info ] [ LANG ] /home/wwwroot/www.yuanzigo.com/thinkphp/lang/zh-cn.php
[ info ] [ ROUTE ] array (
  'type' => 'module',
  'module' => 
  array (
    0 => '',
    1 => NULL,
    2 => NULL,
  ),
)
[ info ] [ HEADER ] array (
  'host' => 'www.yuanzichufa.com:443',
  'user-agent' => 'Go-http-client/1.1',
  'connection' => 'close',
  'content-type' => '',
  'content-length' => '',
)
[ info ] [ PARAM ] array (
)
[ info ] [ LOG ] INIT File

---------------------------------------------------------------
[ 2018-03-10T01:47:46+08:00 ] 172.19.226.46 71.6.202.204 GET /
[ log ] 47.100.166.58/ [运行时间：0.019615s][吞吐率：50.98req/s] [内存消耗：1,978.58kb] [文件加载：48]
[ info ] [ LANG ] /home/wwwroot/www.yuanzigo.com/thinkphp/lang/zh-cn.php
[ info ] [ ROUTE ] array (
  'type' => 'module',
  'module' => 
  array (
    0 => '',
    1 => NULL,
    2 => NULL,
  ),
)
[ info ] [ HEADER ] array (
  'host' => '47.100.166.58',
  'user-agent' => 'Mozilla/5.0 (Windows NT 10.0; WOW64) AppleWebKit/537.36 (KHTML, like Gecko) Chrome/63.0.3239.132 Safari/537.36',
  'accept' => '*/*',
  'accept-encoding' => 'gzip',
  'content-type' => '',
  'content-length' => '',
)
[ info ] [ PARAM ] array (
)
[ info ] [ LOG ] INIT File

---------------------------------------------------------------
[ 2018-03-10T01:47:47+08:00 ] 172.19.226.46 71.6.202.204 GET /home/index/index
[ log ] 47.100.166.58:443/home/index/index [运行时间：0.198397s][吞吐率：5.04req/s] [内存消耗：3,438.13kb] [文件加载：92]
[ info ] [ LANG ] /home/wwwroot/www.yuanzigo.com/thinkphp/lang/zh-cn.php
[ info ] [ ROUTE ] array (
  'type' => 'module',
  'module' => 
  array (
    0 => 'home',
    1 => 'index',
    2 => 'index',
  ),
)
[ info ] [ HEADER ] array (
  'host' => '47.100.166.58:443',
  'user-agent' => 'Mozilla/5.0 (Windows NT 10.0; WOW64) AppleWebKit/537.36 (KHTML, like Gecko) Chrome/63.0.3239.132 Safari/537.36',
  'accept' => '*/*',
  'referer' => 'https://47.100.166.58:443/',
  'accept-encoding' => 'gzip',
  'content-type' => '',
  'content-length' => '',
)
[ info ] [ PARAM ] array (
)
[ info ] [ RUN ] app\home\controller\Index->index[ /home/wwwroot/www.yuanzigo.com/application/home/controller/Index.php ]
[ info ] [ VIEW ] /home/wwwroot/www.yuanzigo.com/public/../application/home/view/index/index.html [ array (
  0 => 'qr',
  1 => 'code',
) ]
[ info ] [ LOG ] INIT File

---------------------------------------------------------------
[ 2018-03-10T04:35:58+08:00 ] 172.19.226.46 140.205.205.25 GET /
[ log ] www.yuanzigo.com/ [运行时间：0.020158s][吞吐率：49.61req/s] [内存消耗：1,978.62kb] [文件加载：48]
[ info ] [ LANG ] /home/wwwroot/www.yuanzigo.com/thinkphp/lang/zh-cn.php
[ info ] [ ROUTE ] array (
  'type' => 'module',
  'module' => 
  array (
    0 => '',
    1 => NULL,
    2 => NULL,
  ),
)
[ info ] [ HEADER ] array (
  'host' => 'www.yuanzigo.com',
  'accept-language' => 'en',
  'accept-encoding' => 'gzip,deflate',
  'accept' => 'text/html,application/xhtml+xml,application/xml;q=0.9,*/*;q=0.8',
  'user-agent' => 'Scrapy/1.5.0 (+https://scrapy.org)',
  'content-type' => '',
  'content-length' => '',
)
[ info ] [ PARAM ] array (
)
[ info ] [ LOG ] INIT File

---------------------------------------------------------------
[ 2018-03-10T04:35:58+08:00 ] 172.19.226.46 140.205.205.25 GET /home/index/index
[ log ] www.yuanzigo.com/home/index/index [运行时间：0.292410s][吞吐率：3.42req/s] [内存消耗：3,438.54kb] [文件加载：92]
[ info ] [ LANG ] /home/wwwroot/www.yuanzigo.com/thinkphp/lang/zh-cn.php
[ info ] [ ROUTE ] array (
  'type' => 'module',
  'module' => 
  array (
    0 => 'home',
    1 => 'index',
    2 => 'index',
  ),
)
[ info ] [ HEADER ] array (
  'host' => 'www.yuanzigo.com',
  'accept-language' => 'en',
  'accept-encoding' => 'gzip,deflate',
  'accept' => 'text/html,application/xhtml+xml,application/xml;q=0.9,*/*;q=0.8',
  'user-agent' => 'Scrapy/1.5.0 (+https://scrapy.org)',
  'content-type' => '',
  'content-length' => '',
)
[ info ] [ PARAM ] array (
)
[ info ] [ RUN ] app\home\controller\Index->index[ /home/wwwroot/www.yuanzigo.com/application/home/controller/Index.php ]
[ info ] [ VIEW ] /home/wwwroot/www.yuanzigo.com/public/../application/home/view/index/index.html [ array (
  0 => 'qr',
  1 => 'code',
) ]
[ info ] [ LOG ] INIT File

---------------------------------------------------------------
[ 2018-03-10T04:35:58+08:00 ] 172.19.226.46 140.205.205.25 GET /home/index/index
[ log ] www.yuanzigo.com/home/index/index [运行时间：0.184051s][吞吐率：5.43req/s] [内存消耗：3,438.21kb] [文件加载：92]
[ info ] [ LANG ] /home/wwwroot/www.yuanzigo.com/thinkphp/lang/zh-cn.php
[ info ] [ ROUTE ] array (
  'type' => 'module',
  'module' => 
  array (
    0 => 'home',
    1 => 'index',
    2 => 'index',
  ),
)
[ info ] [ HEADER ] array (
  'accept-language' => 'en',
  'accept-encoding' => 'gzip,deflate',
  'accept' => 'text/html,application/xhtml+xml,application/xml;q=0.9,*/*;q=0.8',
  'user-agent' => 'Scrapy/1.5.0 (+https://scrapy.org)',
  'host' => 'www.yuanzigo.com',
  'referer' => 'https://www.yuanzigo.com/home/index/index',
  'content-type' => '',
  'content-length' => '',
)
[ info ] [ PARAM ] array (
)
[ info ] [ RUN ] app\home\controller\Index->index[ /home/wwwroot/www.yuanzigo.com/application/home/controller/Index.php ]
[ info ] [ VIEW ] /home/wwwroot/www.yuanzigo.com/public/../application/home/view/index/index.html [ array (
  0 => 'qr',
  1 => 'code',
) ]
[ info ] [ LOG ] INIT File

---------------------------------------------------------------
[ 2018-03-10T04:55:20+08:00 ] 172.19.226.46 60.191.38.77 GET /
[ log ] 47.100.166.58:443/ [运行时间：0.019380s][吞吐率：51.60req/s] [内存消耗：1,978.84kb] [文件加载：48]
[ info ] [ LANG ] /home/wwwroot/www.yuanzigo.com/thinkphp/lang/zh-cn.php
[ info ] [ ROUTE ] array (
  'type' => 'module',
  'module' => 
  array (
    0 => '',
    1 => NULL,
    2 => NULL,
  ),
)
[ info ] [ HEADER ] array (
  'host' => '47.100.166.58:443',
  'user-agent' => 'Mozilla/5.0 (Macintosh; Intel Mac OS X 10.11; rv:47.0) Gecko/20100101 Firefox/47.0',
  'accept' => 'text/html,application/xhtml+xml,application/xml;q=0.9,*/*;q=0.8',
  'accept-encoding' => 'gzip',
  'connection' => 'keep-alive',
  'content-type' => '',
  'content-length' => '',
)
[ info ] [ PARAM ] array (
)
[ info ] [ LOG ] INIT File

---------------------------------------------------------------
[ 2018-03-10T04:56:08+08:00 ] 172.19.226.46 101.251.246.66 GET /
[ log ] 47.100.166.58/ [运行时间：0.018404s][吞吐率：54.34req/s] [内存消耗：1,978.42kb] [文件加载：48]
[ info ] [ LANG ] /home/wwwroot/www.yuanzigo.com/thinkphp/lang/zh-cn.php
[ info ] [ ROUTE ] array (
  'type' => 'module',
  'module' => 
  array (
    0 => '',
    1 => NULL,
    2 => NULL,
  ),
)
[ info ] [ HEADER ] array (
  'host' => '47.100.166.58',
  'user-agent' => 'Mozilla/5.0 zgrab/0.x',
  'accept-encoding' => 'gzip',
  'content-type' => '',
  'content-length' => '',
)
[ info ] [ PARAM ] array (
)
[ info ] [ LOG ] INIT File

---------------------------------------------------------------
[ 2018-03-10T06:08:12+08:00 ] 172.19.226.46 140.205.205.23 GET /
[ log ] yuanzigo.com/ [运行时间：0.018295s][吞吐率：54.66req/s] [内存消耗：1,978.59kb] [文件加载：48]
[ info ] [ LANG ] /home/wwwroot/www.yuanzigo.com/thinkphp/lang/zh-cn.php
[ info ] [ ROUTE ] array (
  'type' => 'module',
  'module' => 
  array (
    0 => '',
    1 => NULL,
    2 => NULL,
  ),
)
[ info ] [ HEADER ] array (
  'host' => 'yuanzigo.com',
  'accept-language' => 'en',
  'accept-encoding' => 'gzip,deflate',
  'accept' => 'text/html,application/xhtml+xml,application/xml;q=0.9,*/*;q=0.8',
  'user-agent' => 'Scrapy/1.5.0 (+https://scrapy.org)',
  'content-type' => '',
  'content-length' => '',
)
[ info ] [ PARAM ] array (
)
[ info ] [ LOG ] INIT File

---------------------------------------------------------------
[ 2018-03-10T06:08:13+08:00 ] 172.19.226.46 140.205.205.25 GET /home/index/index
[ log ] yuanzigo.com/home/index/index [运行时间：0.512073s][吞吐率：1.95req/s] [内存消耗：3,438.72kb] [文件加载：92]
[ info ] [ LANG ] /home/wwwroot/www.yuanzigo.com/thinkphp/lang/zh-cn.php
[ info ] [ ROUTE ] array (
  'type' => 'module',
  'module' => 
  array (
    0 => 'home',
    1 => 'index',
    2 => 'index',
  ),
)
[ info ] [ HEADER ] array (
  'host' => 'yuanzigo.com',
  'accept-language' => 'en',
  'accept-encoding' => 'gzip,deflate',
  'accept' => 'text/html,application/xhtml+xml,application/xml;q=0.9,*/*;q=0.8',
  'user-agent' => 'Scrapy/1.5.0 (+https://scrapy.org)',
  'content-type' => '',
  'content-length' => '',
)
[ info ] [ PARAM ] array (
)
[ info ] [ RUN ] app\home\controller\Index->index[ /home/wwwroot/www.yuanzigo.com/application/home/controller/Index.php ]
[ info ] [ VIEW ] /home/wwwroot/www.yuanzigo.com/public/../application/home/view/index/index.html [ array (
  0 => 'qr',
  1 => 'code',
) ]
[ info ] [ LOG ] INIT File

---------------------------------------------------------------
[ 2018-03-10T06:08:14+08:00 ] 172.19.226.46 140.205.205.23 GET /home/index/index
[ log ] yuanzigo.com/home/index/index [运行时间：0.190969s][吞吐率：5.24req/s] [内存消耗：3,438.38kb] [文件加载：92]
[ info ] [ LANG ] /home/wwwroot/www.yuanzigo.com/thinkphp/lang/zh-cn.php
[ info ] [ ROUTE ] array (
  'type' => 'module',
  'module' => 
  array (
    0 => 'home',
    1 => 'index',
    2 => 'index',
  ),
)
[ info ] [ HEADER ] array (
  'accept-language' => 'en',
  'accept-encoding' => 'gzip,deflate',
  'accept' => 'text/html,application/xhtml+xml,application/xml;q=0.9,*/*;q=0.8',
  'user-agent' => 'Scrapy/1.5.0 (+https://scrapy.org)',
  'host' => 'yuanzigo.com',
  'referer' => 'https://yuanzigo.com/home/index/index',
  'content-type' => '',
  'content-length' => '',
)
[ info ] [ PARAM ] array (
)
[ info ] [ RUN ] app\home\controller\Index->index[ /home/wwwroot/www.yuanzigo.com/application/home/controller/Index.php ]
[ info ] [ VIEW ] /home/wwwroot/www.yuanzigo.com/public/../application/home/view/index/index.html [ array (
  0 => 'qr',
  1 => 'code',
) ]
[ info ] [ LOG ] INIT File

---------------------------------------------------------------
[ 2018-03-10T07:02:38+08:00 ] 172.19.226.46 140.205.205.23 GET /
[ log ] www.yuanzichufa.com/ [运行时间：0.019228s][吞吐率：52.01req/s] [内存消耗：1,978.53kb] [文件加载：48]
[ info ] [ LANG ] /home/wwwroot/www.yuanzigo.com/thinkphp/lang/zh-cn.php
[ info ] [ ROUTE ] array (
  'type' => 'module',
  'module' => 
  array (
    0 => '',
    1 => NULL,
    2 => NULL,
  ),
)
[ info ] [ HEADER ] array (
  'host' => 'www.yuanzichufa.com',
  'accept-language' => 'en',
  'accept-encoding' => 'gzip,deflate',
  'accept' => 'text/html,application/xhtml+xml,application/xml;q=0.9,*/*;q=0.8',
  'user-agent' => 'Scrapy/1.5.0 (+https://scrapy.org)',
  'content-type' => '',
  'content-length' => '',
)
[ info ] [ PARAM ] array (
)
[ info ] [ LOG ] INIT File

---------------------------------------------------------------
[ 2018-03-10T07:02:39+08:00 ] 172.19.226.46 140.205.205.23 GET /home/index/index
[ log ] www.yuanzichufa.com/home/index/index [运行时间：0.196828s][吞吐率：5.08req/s] [内存消耗：3,438.39kb] [文件加载：92]
[ info ] [ LANG ] /home/wwwroot/www.yuanzigo.com/thinkphp/lang/zh-cn.php
[ info ] [ ROUTE ] array (
  'type' => 'module',
  'module' => 
  array (
    0 => 'home',
    1 => 'index',
    2 => 'index',
  ),
)
[ info ] [ HEADER ] array (
  'host' => 'www.yuanzichufa.com',
  'accept-language' => 'en',
  'accept-encoding' => 'gzip,deflate',
  'accept' => 'text/html,application/xhtml+xml,application/xml;q=0.9,*/*;q=0.8',
  'user-agent' => 'Scrapy/1.5.0 (+https://scrapy.org)',
  'content-type' => '',
  'content-length' => '',
)
[ info ] [ PARAM ] array (
)
[ info ] [ RUN ] app\home\controller\Index->index[ /home/wwwroot/www.yuanzigo.com/application/home/controller/Index.php ]
[ info ] [ VIEW ] /home/wwwroot/www.yuanzigo.com/public/../application/home/view/index/index.html [ array (
  0 => 'qr',
  1 => 'code',
) ]
[ info ] [ LOG ] INIT File

---------------------------------------------------------------
[ 2018-03-10T07:02:39+08:00 ] 172.19.226.46 140.205.205.25 GET /home/index/index
[ log ] www.yuanzichufa.com/home/index/index [运行时间：0.208231s][吞吐率：4.80req/s] [内存消耗：3,438.55kb] [文件加载：92]
[ info ] [ LANG ] /home/wwwroot/www.yuanzigo.com/thinkphp/lang/zh-cn.php
[ info ] [ ROUTE ] array (
  'type' => 'module',
  'module' => 
  array (
    0 => 'home',
    1 => 'index',
    2 => 'index',
  ),
)
[ info ] [ HEADER ] array (
  'accept-language' => 'en',
  'accept-encoding' => 'gzip,deflate',
  'accept' => 'text/html,application/xhtml+xml,application/xml;q=0.9,*/*;q=0.8',
  'user-agent' => 'Scrapy/1.5.0 (+https://scrapy.org)',
  'host' => 'www.yuanzichufa.com',
  'referer' => 'https://www.yuanzichufa.com/home/index/index',
  'content-type' => '',
  'content-length' => '',
)
[ info ] [ PARAM ] array (
)
[ info ] [ RUN ] app\home\controller\Index->index[ /home/wwwroot/www.yuanzigo.com/application/home/controller/Index.php ]
[ info ] [ VIEW ] /home/wwwroot/www.yuanzigo.com/public/../application/home/view/index/index.html [ array (
  0 => 'qr',
  1 => 'code',
) ]
[ info ] [ LOG ] INIT File

---------------------------------------------------------------
[ 2018-03-10T08:03:33+08:00 ] 172.19.226.46 106.38.241.106 GET /
[ log ] www.yuanzigo.com/ [运行时间：0.019284s][吞吐率：51.86req/s] [内存消耗：1,978.71kb] [文件加载：48]
[ info ] [ LANG ] /home/wwwroot/www.yuanzigo.com/thinkphp/lang/zh-cn.php
[ info ] [ ROUTE ] array (
  'type' => 'module',
  'module' => 
  array (
    0 => '',
    1 => NULL,
    2 => NULL,
  ),
)
[ info ] [ HEADER ] array (
  'host' => 'www.yuanzigo.com',
  'accept' => '*/*',
  'accept-language' => 'zh-cn',
  'accept-encoding' => 'gzip,deflate',
  'user-agent' => 'Sogou web spider/4.0(+http://www.sogou.com/docs/help/webmasters.htm#07)',
  'connection' => 'close',
  'content-type' => '',
  'content-length' => '',
)
[ info ] [ PARAM ] array (
)
[ info ] [ LOG ] INIT File

---------------------------------------------------------------
[ 2018-03-10T08:04:37+08:00 ] 172.19.226.46 106.38.241.106 GET /home/index/index
[ log ] www.yuanzigo.com/home/index/index [运行时间：0.323368s][吞吐率：3.09req/s] [内存消耗：3,438.82kb] [文件加载：92]
[ info ] [ LANG ] /home/wwwroot/www.yuanzigo.com/thinkphp/lang/zh-cn.php
[ info ] [ ROUTE ] array (
  'type' => 'module',
  'module' => 
  array (
    0 => 'home',
    1 => 'index',
    2 => 'index',
  ),
)
[ info ] [ HEADER ] array (
  'host' => 'www.yuanzigo.com',
  'accept' => '*/*',
  'accept-language' => 'zh-cn',
  'accept-encoding' => 'gzip,deflate',
  'user-agent' => 'Sogou web spider/4.0(+http://www.sogou.com/docs/help/webmasters.htm#07)',
  'connection' => 'close',
  'content-type' => '',
  'content-length' => '',
)
[ info ] [ PARAM ] array (
)
[ info ] [ RUN ] app\home\controller\Index->index[ /home/wwwroot/www.yuanzigo.com/application/home/controller/Index.php ]
[ info ] [ VIEW ] /home/wwwroot/www.yuanzigo.com/public/../application/home/view/index/index.html [ array (
  0 => 'qr',
  1 => 'code',
) ]
[ info ] [ LOG ] INIT File

---------------------------------------------------------------
[ 2018-03-10T08:06:24+08:00 ] 172.19.226.46 118.31.157.67 GET /home/index/index
[ log ] www.yuanzigo.com/home/index/index [运行时间：0.204003s][吞吐率：4.90req/s] [内存消耗：3,438.45kb] [文件加载：92]
[ info ] [ LANG ] /home/wwwroot/www.yuanzigo.com/thinkphp/lang/zh-cn.php
[ info ] [ ROUTE ] array (
  'type' => 'module',
  'module' => 
  array (
    0 => 'home',
    1 => 'index',
    2 => 'index',
  ),
)
[ info ] [ HEADER ] array (
  'user-agent' => 'Mozilla/5.0 (X11; Ubuntu; Linux x86_64; rv:36.0) Gecko/20100101 Firefox/36.0',
  'cache-control' => 'no-cache',
  'pragma' => 'no-cache',
  'host' => 'www.yuanzigo.com',
  'accept' => 'text/html, image/gif, image/jpeg, *; q=.2, */*; q=.2',
  'connection' => 'keep-alive',
  'content-type' => '',
  'content-length' => '',
)
[ info ] [ PARAM ] array (
)
[ info ] [ RUN ] app\home\controller\Index->index[ /home/wwwroot/www.yuanzigo.com/application/home/controller/Index.php ]
[ info ] [ VIEW ] /home/wwwroot/www.yuanzigo.com/public/../application/home/view/index/index.html [ array (
  0 => 'qr',
  1 => 'code',
) ]
[ info ] [ LOG ] INIT File

---------------------------------------------------------------
[ 2018-03-10T08:31:42+08:00 ] 172.19.226.46 123.125.71.54 GET /
[ log ] www.yuanzigo.com/ [运行时间：0.018876s][吞吐率：52.98req/s] [内存消耗：1,978.99kb] [文件加载：48]
[ info ] [ LANG ] /home/wwwroot/www.yuanzigo.com/thinkphp/lang/zh-cn.php
[ info ] [ ROUTE ] array (
  'type' => 'module',
  'module' => 
  array (
    0 => '',
    1 => NULL,
    2 => NULL,
  ),
)
[ info ] [ HEADER ] array (
  'host' => 'www.yuanzigo.com',
  'connection' => 'close',
  'user-agent' => 'Mozilla/5.0 (compatible; Baiduspider/2.0; +http://www.baidu.com/search/spider.html)',
  'accept-language' => 'zh-cn,zh-tw',
  'if-none-match' => '"@NULL@"',
  'accept-encoding' => 'gzip',
  'accept' => '*/*',
  'content-type' => '',
  'content-length' => '',
)
[ info ] [ PARAM ] array (
)
[ info ] [ LOG ] INIT File

---------------------------------------------------------------
[ 2018-03-10T08:31:42+08:00 ] 172.19.226.46 123.125.71.16 GET /home/index/index
[ log ] www.yuanzigo.com/home/index/index [运行时间：0.196299s][吞吐率：5.09req/s] [内存消耗：3,438.57kb] [文件加载：92]
[ info ] [ LANG ] /home/wwwroot/www.yuanzigo.com/thinkphp/lang/zh-cn.php
[ info ] [ ROUTE ] array (
  'type' => 'module',
  'module' => 
  array (
    0 => 'home',
    1 => 'index',
    2 => 'index',
  ),
)
[ info ] [ HEADER ] array (
  'host' => 'www.yuanzigo.com',
  'connection' => 'close',
  'user-agent' => 'Mozilla/5.0 (compatible; Baiduspider/2.0; +http://www.baidu.com/search/spider.html)',
  'accept-language' => 'zh-cn,zh-tw',
  'if-none-match' => '"@NULL@"',
  'accept-encoding' => 'gzip',
  'accept' => '*/*',
  'content-type' => '',
  'content-length' => '',
)
[ info ] [ PARAM ] array (
)
[ info ] [ RUN ] app\home\controller\Index->index[ /home/wwwroot/www.yuanzigo.com/application/home/controller/Index.php ]
[ info ] [ VIEW ] /home/wwwroot/www.yuanzigo.com/public/../application/home/view/index/index.html [ array (
  0 => 'qr',
  1 => 'code',
) ]
[ info ] [ LOG ] INIT File

---------------------------------------------------------------
[ 2018-03-10T08:50:43+08:00 ] 172.19.226.46 106.11.226.13 GET /
[ log ] www.yuanzigo.com/ [运行时间：0.020050s][吞吐率：49.88req/s] [内存消耗：1,979.04kb] [文件加载：48]
[ info ] [ LANG ] /home/wwwroot/www.yuanzigo.com/thinkphp/lang/zh-cn.php
[ info ] [ ROUTE ] array (
  'type' => 'module',
  'module' => 
  array (
    0 => '',
    1 => NULL,
    2 => NULL,
  ),
)
[ info ] [ HEADER ] array (
  'accept-encoding' => 'gzip',
  'user-agent' => 'Mozilla/5.0 (iPad; CPU OS 9_1 like Mac OS X) AppleWebKit/601.1.46 (KHTML, like Gecko) Version/9.0 Mobile/13B143 Safari/601.1',
  'cache-control' => 'no-cache',
  'pragma' => 'no-cache',
  'host' => 'www.yuanzigo.com',
  'accept' => 'text/html, image/gif, image/jpeg, *; q=.2, */*; q=.2',
  'connection' => 'keep-alive',
  'content-type' => '',
  'content-length' => '',
)
[ info ] [ PARAM ] array (
)
[ info ] [ LOG ] INIT File

---------------------------------------------------------------
[ 2018-03-10T08:50:43+08:00 ] 172.19.226.46 106.11.226.195 GET /home/index/index
[ log ] www.yuanzigo.com/home/index/index [运行时间：0.203961s][吞吐率：4.90req/s] [内存消耗：3,438.73kb] [文件加载：92]
[ info ] [ LANG ] /home/wwwroot/www.yuanzigo.com/thinkphp/lang/zh-cn.php
[ info ] [ ROUTE ] array (
  'type' => 'module',
  'module' => 
  array (
    0 => 'home',
    1 => 'index',
    2 => 'index',
  ),
)
[ info ] [ HEADER ] array (
  'accept-encoding' => 'gzip',
  'user-agent' => 'Mozilla/5.0 (iPad; CPU OS 9_1 like Mac OS X) AppleWebKit/601.1.46 (KHTML, like Gecko) Version/9.0 Mobile/13B143 Safari/601.1',
  'cache-control' => 'no-cache',
  'pragma' => 'no-cache',
  'host' => 'www.yuanzigo.com',
  'accept' => 'text/html, image/gif, image/jpeg, *; q=.2, */*; q=.2',
  'connection' => 'keep-alive',
  'content-type' => '',
  'content-length' => '',
)
[ info ] [ PARAM ] array (
)
[ info ] [ RUN ] app\home\controller\Index->index[ /home/wwwroot/www.yuanzigo.com/application/home/controller/Index.php ]
[ info ] [ VIEW ] /home/wwwroot/www.yuanzigo.com/public/../application/home/view/index/index.html [ array (
  0 => 'qr',
  1 => 'code',
) ]
[ info ] [ LOG ] INIT File

---------------------------------------------------------------
[ 2018-03-10T09:48:49+08:00 ] 172.19.226.46 60.191.38.77 GET /
[ log ] 47.100.166.58:443/ [运行时间：0.020589s][吞吐率：48.57req/s] [内存消耗：1,978.84kb] [文件加载：48]
[ info ] [ LANG ] /home/wwwroot/www.yuanzigo.com/thinkphp/lang/zh-cn.php
[ info ] [ ROUTE ] array (
  'type' => 'module',
  'module' => 
  array (
    0 => '',
    1 => NULL,
    2 => NULL,
  ),
)
[ info ] [ HEADER ] array (
  'host' => '47.100.166.58:443',
  'user-agent' => 'Mozilla/5.0 (Macintosh; Intel Mac OS X 10.11; rv:47.0) Gecko/20100101 Firefox/47.0',
  'accept' => 'text/html,application/xhtml+xml,application/xml;q=0.9,*/*;q=0.8',
  'accept-encoding' => 'gzip',
  'connection' => 'keep-alive',
  'content-type' => '',
  'content-length' => '',
)
[ info ] [ PARAM ] array (
)
[ info ] [ LOG ] INIT File

---------------------------------------------------------------
[ 2018-03-10T11:45:18+08:00 ] 172.19.226.46 38.142.99.2 GET /
[ log ] yuanzigo.com/ [运行时间：0.020303s][吞吐率：49.25req/s] [内存消耗：2,015.27kb] [文件加载：50]
[ info ] [ LANG ] /home/wwwroot/www.yuanzigo.com/thinkphp/lang/zh-cn.php
[ info ] [ ROUTE ] array (
  'type' => 'module',
  'module' => 
  array (
    0 => '',
    1 => NULL,
    2 => NULL,
  ),
)
[ info ] [ HEADER ] array (
  'host' => 'yuanzigo.com',
  'content-type' => '',
  'content-length' => '',
)
[ info ] [ PARAM ] array (
)
[ info ] [ LOG ] INIT File
[ error ] [8]未定义数组索引: HTTP_USER_AGENT[/home/wwwroot/www.yuanzigo.com/application/common.php:13]

---------------------------------------------------------------
[ 2018-03-10T13:57:56+08:00 ] 172.19.226.46 106.11.242.103 GET /
[ log ] yuanzigo.com/ [运行时间：0.019100s][吞吐率：52.36req/s] [内存消耗：1,979.05kb] [文件加载：48]
[ info ] [ LANG ] /home/wwwroot/www.yuanzigo.com/thinkphp/lang/zh-cn.php
[ info ] [ ROUTE ] array (
  'type' => 'module',
  'module' => 
  array (
    0 => '',
    1 => NULL,
    2 => NULL,
  ),
)
[ info ] [ HEADER ] array (
  'accept-encoding' => 'gzip',
  'user-agent' => 'Mozilla/5.0 (iPad; CPU OS 9_1 like Mac OS X) AppleWebKit/601.1.46 (KHTML, like Gecko) Version/9.0 Mobile/13B143 Safari/601.1',
  'cache-control' => 'no-cache',
  'pragma' => 'no-cache',
  'host' => 'yuanzigo.com',
  'accept' => 'text/html, image/gif, image/jpeg, *; q=.2, */*; q=.2',
  'connection' => 'keep-alive',
  'content-type' => '',
  'content-length' => '',
)
[ info ] [ PARAM ] array (
)
[ info ] [ LOG ] INIT File

---------------------------------------------------------------
[ 2018-03-10T13:57:56+08:00 ] 172.19.226.46 106.11.242.128 GET /home/index/index
[ log ] yuanzigo.com/home/index/index [运行时间：0.293259s][吞吐率：3.41req/s] [内存消耗：3,439.08kb] [文件加载：92]
[ info ] [ LANG ] /home/wwwroot/www.yuanzigo.com/thinkphp/lang/zh-cn.php
[ info ] [ ROUTE ] array (
  'type' => 'module',
  'module' => 
  array (
    0 => 'home',
    1 => 'index',
    2 => 'index',
  ),
)
[ info ] [ HEADER ] array (
  'accept-encoding' => 'gzip',
  'user-agent' => 'Mozilla/5.0 (iPad; CPU OS 9_1 like Mac OS X) AppleWebKit/601.1.46 (KHTML, like Gecko) Version/9.0 Mobile/13B143 Safari/601.1',
  'cache-control' => 'no-cache',
  'pragma' => 'no-cache',
  'host' => 'yuanzigo.com',
  'accept' => 'text/html, image/gif, image/jpeg, *; q=.2, */*; q=.2',
  'connection' => 'keep-alive',
  'content-type' => '',
  'content-length' => '',
)
[ info ] [ PARAM ] array (
)
[ info ] [ RUN ] app\home\controller\Index->index[ /home/wwwroot/www.yuanzigo.com/application/home/controller/Index.php ]
[ info ] [ VIEW ] /home/wwwroot/www.yuanzigo.com/public/../application/home/view/index/index.html [ array (
  0 => 'qr',
  1 => 'code',
) ]
[ info ] [ LOG ] INIT File

---------------------------------------------------------------
[ 2018-03-10T15:03:50+08:00 ] 172.19.226.46 60.191.38.77 GET /
[ log ] 47.100.166.58:443/ [运行时间：0.018340s][吞吐率：54.53req/s] [内存消耗：1,978.84kb] [文件加载：48]
[ info ] [ LANG ] /home/wwwroot/www.yuanzigo.com/thinkphp/lang/zh-cn.php
[ info ] [ ROUTE ] array (
  'type' => 'module',
  'module' => 
  array (
    0 => '',
    1 => NULL,
    2 => NULL,
  ),
)
[ info ] [ HEADER ] array (
  'host' => '47.100.166.58:443',
  'user-agent' => 'Mozilla/5.0 (Macintosh; Intel Mac OS X 10.11; rv:47.0) Gecko/20100101 Firefox/47.0',
  'accept' => 'text/html,application/xhtml+xml,application/xml;q=0.9,*/*;q=0.8',
  'accept-encoding' => 'gzip',
  'connection' => 'keep-alive',
  'content-type' => '',
  'content-length' => '',
)
[ info ] [ PARAM ] array (
)
[ info ] [ LOG ] INIT File

---------------------------------------------------------------
[ 2018-03-10T15:36:17+08:00 ] 172.19.226.46 198.20.103.243 GET /
[ log ] 47.100.166.58:443/ [运行时间：0.020003s][吞吐率：49.99req/s] [内存消耗：1,978.32kb] [文件加载：48]
[ info ] [ LANG ] /home/wwwroot/www.yuanzigo.com/thinkphp/lang/zh-cn.php
[ info ] [ ROUTE ] array (
  'type' => 'module',
  'module' => 
  array (
    0 => '',
    1 => NULL,
    2 => NULL,
  ),
)
[ info ] [ HEADER ] array (
  'host' => '47.100.166.58:443',
  'user-agent' => 'Mozilla/5.0 zgrab/0.x',
  'accept-encoding' => 'gzip',
  'content-type' => '',
  'content-length' => '',
)
[ info ] [ PARAM ] array (
)
[ info ] [ LOG ] INIT File

---------------------------------------------------------------
[ 2018-03-10T15:36:18+08:00 ] 172.19.226.46 198.20.103.243 GET /home/index/index
[ log ] 47.100.166.58:443/home/index/index [运行时间：0.322339s][吞吐率：3.10req/s] [内存消耗：3,438.52kb] [文件加载：92]
[ info ] [ LANG ] /home/wwwroot/www.yuanzigo.com/thinkphp/lang/zh-cn.php
[ info ] [ ROUTE ] array (
  'type' => 'module',
  'module' => 
  array (
    0 => 'home',
    1 => 'index',
    2 => 'index',
  ),
)
[ info ] [ HEADER ] array (
  'host' => '47.100.166.58:443',
  'user-agent' => 'Mozilla/5.0 zgrab/0.x',
  'referer' => 'https://47.100.166.58:443/',
  'accept-encoding' => 'gzip',
  'content-type' => '',
  'content-length' => '',
)
[ info ] [ PARAM ] array (
)
[ info ] [ RUN ] app\home\controller\Index->index[ /home/wwwroot/www.yuanzigo.com/application/home/controller/Index.php ]
[ info ] [ VIEW ] /home/wwwroot/www.yuanzigo.com/public/../application/home/view/index/index.html [ array (
  0 => 'qr',
  1 => 'code',
) ]
[ info ] [ LOG ] INIT File

---------------------------------------------------------------
[ 2018-03-10T15:56:14+08:00 ] 172.19.226.46 137.226.113.26 GET /
[ log ] www.yuanzichufa.com/ [运行时间：0.019033s][吞吐率：52.54req/s] [内存消耗：1,978.30kb] [文件加载：48]
[ info ] [ LANG ] /home/wwwroot/www.yuanzigo.com/thinkphp/lang/zh-cn.php
[ info ] [ ROUTE ] array (
  'type' => 'module',
  'module' => 
  array (
    0 => '',
    1 => NULL,
    2 => NULL,
  ),
)
[ info ] [ HEADER ] array (
  'host' => 'www.yuanzichufa.com',
  'user-agent' => 'Mozilla/5.0 zgrab/0.x (compatible; Researchscan/t13rl; +http://researchscan.comsys.rwth-aachen.de)',
  'accept-encoding' => 'gzip',
  'content-type' => '',
  'content-length' => '',
)
[ info ] [ PARAM ] array (
)
[ info ] [ LOG ] INIT File

---------------------------------------------------------------
[ 2018-03-10T15:56:15+08:00 ] 172.19.226.46 137.226.113.26 GET /home/index/index
[ log ] 47.100.166.58:443/home/index/index [运行时间：0.208333s][吞吐率：4.80req/s] [内存消耗：3,437.90kb] [文件加载：92]
[ info ] [ LANG ] /home/wwwroot/www.yuanzigo.com/thinkphp/lang/zh-cn.php
[ info ] [ ROUTE ] array (
  'type' => 'module',
  'module' => 
  array (
    0 => 'home',
    1 => 'index',
    2 => 'index',
  ),
)
[ info ] [ HEADER ] array (
  'host' => '47.100.166.58:443',
  'user-agent' => 'Mozilla/5.0 zgrab/0.x (compatible; Researchscan/t13rl; +http://researchscan.comsys.rwth-aachen.de)',
  'referer' => 'https://47.100.166.58:443/',
  'accept-encoding' => 'gzip',
  'content-type' => '',
  'content-length' => '',
)
[ info ] [ PARAM ] array (
)
[ info ] [ RUN ] app\home\controller\Index->index[ /home/wwwroot/www.yuanzigo.com/application/home/controller/Index.php ]
[ info ] [ VIEW ] /home/wwwroot/www.yuanzigo.com/public/../application/home/view/index/index.html [ array (
  0 => 'qr',
  1 => 'code',
) ]
[ info ] [ LOG ] INIT File

---------------------------------------------------------------
[ 2018-03-10T16:27:04+08:00 ] 172.19.226.46 220.181.108.174 GET /
[ log ] www.yuanzigo.com/ [运行时间：0.018482s][吞吐率：54.11req/s] [内存消耗：1,978.99kb] [文件加载：48]
[ info ] [ LANG ] /home/wwwroot/www.yuanzigo.com/thinkphp/lang/zh-cn.php
[ info ] [ ROUTE ] array (
  'type' => 'module',
  'module' => 
  array (
    0 => '',
    1 => NULL,
    2 => NULL,
  ),
)
[ info ] [ HEADER ] array (
  'host' => 'www.yuanzigo.com',
  'connection' => 'close',
  'user-agent' => 'Mozilla/5.0 (compatible; Baiduspider/2.0; +http://www.baidu.com/search/spider.html)',
  'accept-language' => 'zh-cn,zh-tw',
  'if-none-match' => '"@NULL@"',
  'accept-encoding' => 'gzip',
  'accept' => '*/*',
  'content-type' => '',
  'content-length' => '',
)
[ info ] [ PARAM ] array (
)
[ info ] [ LOG ] INIT File

---------------------------------------------------------------
[ 2018-03-10T16:27:04+08:00 ] 172.19.226.46 220.181.108.77 GET /home/index/index
[ log ] www.yuanzigo.com/home/index/index [运行时间：0.217959s][吞吐率：4.59req/s] [内存消耗：3,438.57kb] [文件加载：92]
[ info ] [ LANG ] /home/wwwroot/www.yuanzigo.com/thinkphp/lang/zh-cn.php
[ info ] [ ROUTE ] array (
  'type' => 'module',
  'module' => 
  array (
    0 => 'home',
    1 => 'index',
    2 => 'index',
  ),
)
[ info ] [ HEADER ] array (
  'host' => 'www.yuanzigo.com',
  'connection' => 'close',
  'user-agent' => 'Mozilla/5.0 (compatible; Baiduspider/2.0; +http://www.baidu.com/search/spider.html)',
  'accept-language' => 'zh-cn,zh-tw',
  'if-none-match' => '"@NULL@"',
  'accept-encoding' => 'gzip',
  'accept' => '*/*',
  'content-type' => '',
  'content-length' => '',
)
[ info ] [ PARAM ] array (
)
[ info ] [ RUN ] app\home\controller\Index->index[ /home/wwwroot/www.yuanzigo.com/application/home/controller/Index.php ]
[ info ] [ VIEW ] /home/wwwroot/www.yuanzigo.com/public/../application/home/view/index/index.html [ array (
  0 => 'qr',
  1 => 'code',
) ]
[ info ] [ LOG ] INIT File

---------------------------------------------------------------
[ 2018-03-10T16:27:08+08:00 ] 172.19.226.46 111.206.221.80 POST /home/index/scan
[ log ] www.yuanzigo.com/home/index/scan [运行时间：0.027802s][吞吐率：35.97req/s] [内存消耗：2,892.27kb] [文件加载：53]
[ info ] [ LANG ] /home/wwwroot/www.yuanzigo.com/thinkphp/lang/zh-cn.php
[ info ] [ ROUTE ] array (
  'type' => 'module',
  'module' => 
  array (
    0 => 'home',
    1 => 'index',
    2 => 'scan',
  ),
)
[ info ] [ HEADER ] array (
  'host' => 'www.yuanzigo.com',
  'content-length' => '3',
  'user-agent' => 'Mozilla/5.0 (iPhone; CPU iPhone OS 9_1 like Mac OS X) AppleWebKit/601.1.46 (KHTML, like Gecko) Version/9.0 Mobile/13B143 Safari/601.1 (compatible; Baiduspider-render/2.0; +http://www.baidu.com/search/spider.html)',
  'proxy-connection' => 'keep-alive',
  'origin' => 'http://www.yuanzigo.com',
  'accept-language' => 'zh-CN,zh;q=0.8,en-US;q=0.5,en;q=0.3',
  'content-type' => 'application/x-www-form-urlencoded; charset=UTF-8',
  'accept' => '*/*',
  'x-devtools-emulate-network-conditions-client-id' => 'a4126ffc-bac0-4c37-bf78-c9c85375689f',
  'x-requested-with' => 'XMLHttpRequest',
  'resource-type' => '13',
  'referer' => 'http://www.yuanzigo.com/home/index/index',
)
[ info ] [ PARAM ] array (
  'c' => '1',
)
[ info ] [ RUN ] app\home\controller\Index->scan[ /home/wwwroot/www.yuanzigo.com/application/home/controller/Index.php ]
[ info ] [ DB ] INIT mysql
[ info ] [ LOG ] INIT File
[ sql ] [ DB ] CONNECT:[ UseTime:0.000490s ] mysql:dbname=yuanzi;host=127.0.0.1;charset=utf8
[ sql ] [ SQL ] SHOW COLUMNS FROM `aman_scanlogin` [ RunTime:0.000638s ]
[ sql ] [ SQL ] SELECT * FROM `aman_scanlogin` WHERE  `code` = null LIMIT 1 [ RunTime:0.000330s ]

---------------------------------------------------------------
[ 2018-03-10T17:01:57+08:00 ] 172.19.226.46 106.38.241.146 GET /
[ log ] yuanzigo.com/ [运行时间：0.018384s][吞吐率：54.40req/s] [内存消耗：1,978.74kb] [文件加载：48]
[ info ] [ LANG ] /home/wwwroot/www.yuanzigo.com/thinkphp/lang/zh-cn.php
[ info ] [ ROUTE ] array (
  'type' => 'module',
  'module' => 
  array (
    0 => '',
    1 => NULL,
    2 => NULL,
  ),
)
[ info ] [ HEADER ] array (
  'host' => 'yuanzigo.com',
  'accept' => '*/*',
  'accept-language' => 'zh-cn',
  'accept-encoding' => 'gzip,deflate',
  'user-agent' => 'Sogou web spider/4.0(+http://www.sogou.com/docs/help/webmasters.htm#07)',
  'connection' => 'close',
  'content-type' => '',
  'content-length' => '',
)
[ info ] [ PARAM ] array (
)
[ info ] [ LOG ] INIT File

---------------------------------------------------------------
[ 2018-03-10T17:03:01+08:00 ] 172.19.226.46 106.38.241.146 GET /home/index/index
[ log ] yuanzigo.com/home/index/index [运行时间：0.341697s][吞吐率：2.93req/s] [内存消耗：3,438.53kb] [文件加载：92]
[ info ] [ LANG ] /home/wwwroot/www.yuanzigo.com/thinkphp/lang/zh-cn.php
[ info ] [ ROUTE ] array (
  'type' => 'module',
  'module' => 
  array (
    0 => 'home',
    1 => 'index',
    2 => 'index',
  ),
)
[ info ] [ HEADER ] array (
  'host' => 'yuanzigo.com',
  'accept' => '*/*',
  'accept-language' => 'zh-cn',
  'accept-encoding' => 'gzip,deflate',
  'user-agent' => 'Sogou web spider/4.0(+http://www.sogou.com/docs/help/webmasters.htm#07)',
  'connection' => 'close',
  'content-type' => '',
  'content-length' => '',
)
[ info ] [ PARAM ] array (
)
[ info ] [ RUN ] app\home\controller\Index->index[ /home/wwwroot/www.yuanzigo.com/application/home/controller/Index.php ]
[ info ] [ VIEW ] /home/wwwroot/www.yuanzigo.com/public/../application/home/view/index/index.html [ array (
  0 => 'qr',
  1 => 'code',
) ]
[ info ] [ LOG ] INIT File

---------------------------------------------------------------
[ 2018-03-10T17:57:48+08:00 ] 172.19.226.46 123.126.113.178 GET /
[ log ] www.yuanzigo.com/ [运行时间：0.018447s][吞吐率：54.21req/s] [内存消耗：1,978.71kb] [文件加载：48]
[ info ] [ LANG ] /home/wwwroot/www.yuanzigo.com/thinkphp/lang/zh-cn.php
[ info ] [ ROUTE ] array (
  'type' => 'module',
  'module' => 
  array (
    0 => '',
    1 => NULL,
    2 => NULL,
  ),
)
[ info ] [ HEADER ] array (
  'host' => 'www.yuanzigo.com',
  'accept' => '*/*',
  'accept-language' => 'zh-cn',
  'accept-encoding' => 'gzip,deflate',
  'user-agent' => 'Sogou web spider/4.0(+http://www.sogou.com/docs/help/webmasters.htm#07)',
  'connection' => 'close',
  'content-type' => '',
  'content-length' => '',
)
[ info ] [ PARAM ] array (
)
[ info ] [ LOG ] INIT File

---------------------------------------------------------------
[ 2018-03-10T17:58:52+08:00 ] 172.19.226.46 123.126.113.178 GET /home/index/index
[ log ] www.yuanzigo.com/home/index/index [运行时间：0.205188s][吞吐率：4.87req/s] [内存消耗：3,438.38kb] [文件加载：92]
[ info ] [ LANG ] /home/wwwroot/www.yuanzigo.com/thinkphp/lang/zh-cn.php
[ info ] [ ROUTE ] array (
  'type' => 'module',
  'module' => 
  array (
    0 => 'home',
    1 => 'index',
    2 => 'index',
  ),
)
[ info ] [ HEADER ] array (
  'host' => 'www.yuanzigo.com',
  'accept' => '*/*',
  'accept-language' => 'zh-cn',
  'accept-encoding' => 'gzip,deflate',
  'user-agent' => 'Sogou web spider/4.0(+http://www.sogou.com/docs/help/webmasters.htm#07)',
  'connection' => 'close',
  'content-type' => '',
  'content-length' => '',
)
[ info ] [ PARAM ] array (
)
[ info ] [ RUN ] app\home\controller\Index->index[ /home/wwwroot/www.yuanzigo.com/application/home/controller/Index.php ]
[ info ] [ VIEW ] /home/wwwroot/www.yuanzigo.com/public/../application/home/view/index/index.html [ array (
  0 => 'qr',
  1 => 'code',
) ]
[ info ] [ LOG ] INIT File

---------------------------------------------------------------
[ 2018-03-10T19:01:23+08:00 ] 172.19.226.46 123.126.113.178 GET /
[ log ] www.yuanzigo.com/ [运行时间：0.018317s][吞吐率：54.59req/s] [内存消耗：1,978.71kb] [文件加载：48]
[ info ] [ LANG ] /home/wwwroot/www.yuanzigo.com/thinkphp/lang/zh-cn.php
[ info ] [ ROUTE ] array (
  'type' => 'module',
  'module' => 
  array (
    0 => '',
    1 => NULL,
    2 => NULL,
  ),
)
[ info ] [ HEADER ] array (
  'host' => 'www.yuanzigo.com',
  'accept' => '*/*',
  'accept-language' => 'zh-cn',
  'accept-encoding' => 'gzip,deflate',
  'user-agent' => 'Sogou web spider/4.0(+http://www.sogou.com/docs/help/webmasters.htm#07)',
  'connection' => 'close',
  'content-type' => '',
  'content-length' => '',
)
[ info ] [ PARAM ] array (
)
[ info ] [ LOG ] INIT File

---------------------------------------------------------------
[ 2018-03-10T19:02:27+08:00 ] 172.19.226.46 123.126.113.178 GET /home/index/index
[ log ] www.yuanzigo.com/home/index/index [运行时间：0.328152s][吞吐率：3.05req/s] [内存消耗：3,438.86kb] [文件加载：92]
[ info ] [ LANG ] /home/wwwroot/www.yuanzigo.com/thinkphp/lang/zh-cn.php
[ info ] [ ROUTE ] array (
  'type' => 'module',
  'module' => 
  array (
    0 => 'home',
    1 => 'index',
    2 => 'index',
  ),
)
[ info ] [ HEADER ] array (
  'host' => 'www.yuanzigo.com',
  'accept' => '*/*',
  'accept-language' => 'zh-cn',
  'accept-encoding' => 'gzip,deflate',
  'user-agent' => 'Sogou web spider/4.0(+http://www.sogou.com/docs/help/webmasters.htm#07)',
  'connection' => 'close',
  'content-type' => '',
  'content-length' => '',
)
[ info ] [ PARAM ] array (
)
[ info ] [ RUN ] app\home\controller\Index->index[ /home/wwwroot/www.yuanzigo.com/application/home/controller/Index.php ]
[ info ] [ VIEW ] /home/wwwroot/www.yuanzigo.com/public/../application/home/view/index/index.html [ array (
  0 => 'qr',
  1 => 'code',
) ]
[ info ] [ LOG ] INIT File

---------------------------------------------------------------
[ 2018-03-10T19:29:12+08:00 ] 172.19.226.46 137.226.113.28 GET /
[ log ] www.yuanzichufa.com/ [运行时间：0.020205s][吞吐率：49.49req/s] [内存消耗：1,978.21kb] [文件加载：48]
[ info ] [ LANG ] /home/wwwroot/www.yuanzigo.com/thinkphp/lang/zh-cn.php
[ info ] [ ROUTE ] array (
  'type' => 'module',
  'module' => 
  array (
    0 => '',
    1 => NULL,
    2 => NULL,
  ),
)
[ info ] [ HEADER ] array (
  'host' => 'www.yuanzichufa.com',
  'user-agent' => 'Mozilla/5.0 zgrab/0.x (compatible; Researchscan/t13l; +http://researchscan.comsys.rwth-aachen.de)',
  'accept-encoding' => 'gzip',
  'content-type' => '',
  'content-length' => '',
)
[ info ] [ PARAM ] array (
)
[ info ] [ LOG ] INIT File

---------------------------------------------------------------
[ 2018-03-10T19:29:12+08:00 ] 172.19.226.46 137.226.113.28 GET /home/index/index
[ log ] 47.100.166.58:443/home/index/index [运行时间：0.225811s][吞吐率：4.43req/s] [内存消耗：3,437.91kb] [文件加载：92]
[ info ] [ LANG ] /home/wwwroot/www.yuanzigo.com/thinkphp/lang/zh-cn.php
[ info ] [ ROUTE ] array (
  'type' => 'module',
  'module' => 
  array (
    0 => 'home',
    1 => 'index',
    2 => 'index',
  ),
)
[ info ] [ HEADER ] array (
  'host' => '47.100.166.58:443',
  'user-agent' => 'Mozilla/5.0 zgrab/0.x (compatible; Researchscan/t13l; +http://researchscan.comsys.rwth-aachen.de)',
  'referer' => 'https://47.100.166.58:443/',
  'accept-encoding' => 'gzip',
  'content-type' => '',
  'content-length' => '',
)
[ info ] [ PARAM ] array (
)
[ info ] [ RUN ] app\home\controller\Index->index[ /home/wwwroot/www.yuanzigo.com/application/home/controller/Index.php ]
[ info ] [ VIEW ] /home/wwwroot/www.yuanzigo.com/public/../application/home/view/index/index.html [ array (
  0 => 'qr',
  1 => 'code',
) ]
[ info ] [ LOG ] INIT File

---------------------------------------------------------------
[ 2018-03-10T20:43:47+08:00 ] 172.19.226.46 60.191.38.77 GET /
[ log ] 47.100.166.58:443/ [运行时间：0.018521s][吞吐率：53.99req/s] [内存消耗：1,978.84kb] [文件加载：48]
[ info ] [ LANG ] /home/wwwroot/www.yuanzigo.com/thinkphp/lang/zh-cn.php
[ info ] [ ROUTE ] array (
  'type' => 'module',
  'module' => 
  array (
    0 => '',
    1 => NULL,
    2 => NULL,
  ),
)
[ info ] [ HEADER ] array (
  'host' => '47.100.166.58:443',
  'user-agent' => 'Mozilla/5.0 (Macintosh; Intel Mac OS X 10.11; rv:47.0) Gecko/20100101 Firefox/47.0',
  'accept' => 'text/html,application/xhtml+xml,application/xml;q=0.9,*/*;q=0.8',
  'accept-encoding' => 'gzip',
  'connection' => 'keep-alive',
  'content-type' => '',
  'content-length' => '',
)
[ info ] [ PARAM ] array (
)
[ info ] [ LOG ] INIT File

---------------------------------------------------------------
[ 2018-03-10T21:16:10+08:00 ] 172.19.226.46 216.218.206.68 GET /
[ log ] 47.100.166.58/ [运行时间：0.020921s][吞吐率：47.80req/s] [内存消耗：2,015.23kb] [文件加载：50]
[ info ] [ LANG ] /home/wwwroot/www.yuanzigo.com/thinkphp/lang/zh-cn.php
[ info ] [ ROUTE ] array (
  'type' => 'module',
  'module' => 
  array (
    0 => '',
    1 => NULL,
    2 => NULL,
  ),
)
[ info ] [ HEADER ] array (
  'host' => '47.100.166.58',
  'content-type' => '',
  'content-length' => '',
)
[ info ] [ PARAM ] array (
)
[ info ] [ LOG ] INIT File
[ error ] [8]未定义数组索引: HTTP_USER_AGENT[/home/wwwroot/www.yuanzigo.com/application/common.php:13]

---------------------------------------------------------------
[ 2018-03-10T22:58:11+08:00 ] 172.19.226.46 203.208.60.177 GET /fmzpazidteh.html
[ log ] www.yuanzigo.com/fmzpazidteh.html [运行时间：0.016903s][吞吐率：59.16req/s] [内存消耗：1,572.67kb] [文件加载：40]
[ info ] [ LANG ] /home/wwwroot/www.yuanzigo.com/thinkphp/lang/zh-cn.php
[ info ] [ ROUTE ] array (
  'type' => 'module',
  'module' => 
  array (
    0 => 'fmzpazidteh',
    1 => NULL,
    2 => NULL,
  ),
)
[ info ] [ HEADER ] array (
  'host' => 'www.yuanzigo.com',
  'connection' => 'keep-alive',
  'accept' => 'text/html,application/xhtml+xml,application/xml;q=0.9,*/*;q=0.8',
  'from' => 'googlebot(at)googlebot.com',
  'user-agent' => 'Mozilla/5.0 (compatible; Googlebot/2.1; +http://www.google.com/bot.html)',
  'accept-encoding' => 'gzip,deflate,br',
  'content-type' => '',
  'content-length' => '',
)
[ info ] [ PARAM ] array (
)
[ info ] [ LOG ] INIT File

---------------------------------------------------------------
