[ 2018-03-11T00:13:37+08:00 ] 172.19.226.46 137.226.113.28 GET /
[ log ] www.yuanzichufa.com/ [运行时间：0.019323s][吞吐率：51.75req/s] [内存消耗：1,978.65kb] [文件加载：48]
[ info ] [ LANG ] /home/wwwroot/www.yuanzigo.com/thinkphp/lang/zh-cn.php
[ info ] [ ROUTE ] array (
  'type' => 'module',
  'module' => 
  array (
    0 => '',
    1 => NULL,
    2 => NULL,
  ),
)
[ info ] [ HEADER ] array (
  'host' => 'www.yuanzichufa.com',
  'user-agent' => 'Mozilla/5.0 zgrab/0.x (compatible; Researchscan/t12ca; +http://researchscan.comsys.rwth-aachen.de)',
  'accept' => '*/*',
  'accept-encoding' => 'gzip',
  'content-type' => '',
  'content-length' => '',
)
[ info ] [ PARAM ] array (
)
[ info ] [ LOG ] INIT File

---------------------------------------------------------------
[ 2018-03-11T00:13:38+08:00 ] 172.19.226.46 137.226.113.28 GET /home/index/index
[ log ] 47.100.166.58:443/home/index/index [运行时间：0.339508s][吞吐率：2.95req/s] [内存消耗：3,439.02kb] [文件加载：92]
[ info ] [ LANG ] /home/wwwroot/www.yuanzigo.com/thinkphp/lang/zh-cn.php
[ info ] [ ROUTE ] array (
  'type' => 'module',
  'module' => 
  array (
    0 => 'home',
    1 => 'index',
    2 => 'index',
  ),
)
[ info ] [ HEADER ] array (
  'host' => '47.100.166.58:443',
  'user-agent' => 'Mozilla/5.0 zgrab/0.x (compatible; Researchscan/t12ca; +http://researchscan.comsys.rwth-aachen.de)',
  'accept' => '*/*',
  'referer' => 'https://47.100.166.58:443/',
  'accept-encoding' => 'gzip',
  'content-type' => '',
  'content-length' => '',
)
[ info ] [ PARAM ] array (
)
[ info ] [ RUN ] app\home\controller\Index->index[ /home/wwwroot/www.yuanzigo.com/application/home/controller/Index.php ]
[ info ] [ VIEW ] /home/wwwroot/www.yuanzigo.com/public/../application/home/view/index/index.html [ array (
  0 => 'qr',
  1 => 'code',
) ]
[ info ] [ LOG ] INIT File

---------------------------------------------------------------
[ 2018-03-11T00:22:49+08:00 ] 172.19.226.46 59.64.129.60 GET /
[ log ] www.yuanzigo.com/ [运行时间：0.019765s][吞吐率：50.59req/s] [内存消耗：1,978.40kb] [文件加载：48]
[ info ] [ LANG ] /home/wwwroot/www.yuanzigo.com/thinkphp/lang/zh-cn.php
[ info ] [ ROUTE ] array (
  'type' => 'module',
  'module' => 
  array (
    0 => '',
    1 => NULL,
    2 => NULL,
  ),
)
[ info ] [ HEADER ] array (
  'user-agent' => 'curl/7.29.0',
  'host' => 'www.yuanzigo.com',
  'accept' => '*/*',
  'content-type' => '',
  'content-length' => '',
)
[ info ] [ PARAM ] array (
)
[ info ] [ LOG ] INIT File

---------------------------------------------------------------
[ 2018-03-11T00:34:49+08:00 ] 172.19.226.46 123.125.71.78 GET /
[ log ] www.yuanzigo.com/ [运行时间：0.020491s][吞吐率：48.80req/s] [内存消耗：1,978.99kb] [文件加载：48]
[ info ] [ LANG ] /home/wwwroot/www.yuanzigo.com/thinkphp/lang/zh-cn.php
[ info ] [ ROUTE ] array (
  'type' => 'module',
  'module' => 
  array (
    0 => '',
    1 => NULL,
    2 => NULL,
  ),
)
[ info ] [ HEADER ] array (
  'host' => 'www.yuanzigo.com',
  'connection' => 'close',
  'user-agent' => 'Mozilla/5.0 (compatible; Baiduspider/2.0; +http://www.baidu.com/search/spider.html)',
  'accept-language' => 'zh-cn,zh-tw',
  'if-none-match' => '"@NULL@"',
  'accept-encoding' => 'gzip',
  'accept' => '*/*',
  'content-type' => '',
  'content-length' => '',
)
[ info ] [ PARAM ] array (
)
[ info ] [ LOG ] INIT File

---------------------------------------------------------------
[ 2018-03-11T00:34:49+08:00 ] 172.19.226.46 123.125.71.60 GET /home/index/index
[ log ] www.yuanzigo.com/home/index/index [运行时间：0.197794s][吞吐率：5.06req/s] [内存消耗：3,438.53kb] [文件加载：92]
[ info ] [ LANG ] /home/wwwroot/www.yuanzigo.com/thinkphp/lang/zh-cn.php
[ info ] [ ROUTE ] array (
  'type' => 'module',
  'module' => 
  array (
    0 => 'home',
    1 => 'index',
    2 => 'index',
  ),
)
[ info ] [ HEADER ] array (
  'host' => 'www.yuanzigo.com',
  'connection' => 'close',
  'user-agent' => 'Mozilla/5.0 (compatible; Baiduspider/2.0; +http://www.baidu.com/search/spider.html)',
  'accept-language' => 'zh-cn,zh-tw',
  'if-none-match' => '"@NULL@"',
  'accept-encoding' => 'gzip',
  'accept' => '*/*',
  'content-type' => '',
  'content-length' => '',
)
[ info ] [ PARAM ] array (
)
[ info ] [ RUN ] app\home\controller\Index->index[ /home/wwwroot/www.yuanzigo.com/application/home/controller/Index.php ]
[ info ] [ VIEW ] /home/wwwroot/www.yuanzigo.com/public/../application/home/view/index/index.html [ array (
  0 => 'qr',
  1 => 'code',
) ]
[ info ] [ LOG ] INIT File

---------------------------------------------------------------
[ 2018-03-11T00:41:35+08:00 ] 172.19.226.46 140.205.205.23 HEAD /
[ log ] www.yuanzichufa.com:443/ [运行时间：0.018725s][吞吐率：53.40req/s] [内存消耗：1,978.63kb] [文件加载：48]
[ info ] [ LANG ] /home/wwwroot/www.yuanzigo.com/thinkphp/lang/zh-cn.php
[ info ] [ ROUTE ] array (
  'type' => 'module',
  'module' => 
  array (
    0 => '',
    1 => NULL,
    2 => NULL,
  ),
)
[ info ] [ HEADER ] array (
  'host' => 'www.yuanzichufa.com:443',
  'user-agent' => 'Go-http-client/1.1',
  'connection' => 'close',
  'content-type' => '',
  'content-length' => '',
)
[ info ] [ PARAM ] array (
)
[ info ] [ LOG ] INIT File

---------------------------------------------------------------
[ 2018-03-11T01:08:16+08:00 ] 172.19.226.46 140.205.205.23 HEAD /
[ log ] yuanzigo.com:443/ [运行时间：0.019180s][吞吐率：52.14req/s] [内存消耗：1,978.31kb] [文件加载：48]
[ info ] [ LANG ] /home/wwwroot/www.yuanzigo.com/thinkphp/lang/zh-cn.php
[ info ] [ ROUTE ] array (
  'type' => 'module',
  'module' => 
  array (
    0 => '',
    1 => NULL,
    2 => NULL,
  ),
)
[ info ] [ HEADER ] array (
  'host' => 'yuanzigo.com:443',
  'user-agent' => 'Go-http-client/1.1',
  'connection' => 'close',
  'content-type' => '',
  'content-length' => '',
)
[ info ] [ PARAM ] array (
)
[ info ] [ LOG ] INIT File

---------------------------------------------------------------
[ 2018-03-11T02:05:05+08:00 ] 172.19.226.46 137.226.113.26 GET /
[ log ] www.yuanzigo.com/ [运行时间：0.018847s][吞吐率：53.06req/s] [内存消耗：1,978.28kb] [文件加载：48]
[ info ] [ LANG ] /home/wwwroot/www.yuanzigo.com/thinkphp/lang/zh-cn.php
[ info ] [ ROUTE ] array (
  'type' => 'module',
  'module' => 
  array (
    0 => '',
    1 => NULL,
    2 => NULL,
  ),
)
[ info ] [ HEADER ] array (
  'host' => 'www.yuanzigo.com',
  'user-agent' => 'Mozilla/5.0 zgrab/0.x (compatible; Researchscan/t13rl; +http://researchscan.comsys.rwth-aachen.de)',
  'accept-encoding' => 'gzip',
  'content-type' => '',
  'content-length' => '',
)
[ info ] [ PARAM ] array (
)
[ info ] [ LOG ] INIT File

---------------------------------------------------------------
[ 2018-03-11T02:05:06+08:00 ] 172.19.226.46 137.226.113.26 GET /home/index/index
[ log ] 47.100.166.58:443/home/index/index [运行时间：0.320058s][吞吐率：3.12req/s] [内存消耗：3,438.41kb] [文件加载：92]
[ info ] [ LANG ] /home/wwwroot/www.yuanzigo.com/thinkphp/lang/zh-cn.php
[ info ] [ ROUTE ] array (
  'type' => 'module',
  'module' => 
  array (
    0 => 'home',
    1 => 'index',
    2 => 'index',
  ),
)
[ info ] [ HEADER ] array (
  'host' => '47.100.166.58:443',
  'user-agent' => 'Mozilla/5.0 zgrab/0.x (compatible; Researchscan/t13rl; +http://researchscan.comsys.rwth-aachen.de)',
  'referer' => 'https://47.100.166.58:443/',
  'accept-encoding' => 'gzip',
  'content-type' => '',
  'content-length' => '',
)
[ info ] [ PARAM ] array (
)
[ info ] [ RUN ] app\home\controller\Index->index[ /home/wwwroot/www.yuanzigo.com/application/home/controller/Index.php ]
[ info ] [ VIEW ] /home/wwwroot/www.yuanzigo.com/public/../application/home/view/index/index.html [ array (
  0 => 'qr',
  1 => 'code',
) ]
[ info ] [ LOG ] INIT File

---------------------------------------------------------------
[ 2018-03-11T02:31:52+08:00 ] 172.19.226.46 60.191.38.77 GET /
[ log ] 47.100.166.58:443/ [运行时间：0.019732s][吞吐率：50.68req/s] [内存消耗：1,978.84kb] [文件加载：48]
[ info ] [ LANG ] /home/wwwroot/www.yuanzigo.com/thinkphp/lang/zh-cn.php
[ info ] [ ROUTE ] array (
  'type' => 'module',
  'module' => 
  array (
    0 => '',
    1 => NULL,
    2 => NULL,
  ),
)
[ info ] [ HEADER ] array (
  'host' => '47.100.166.58:443',
  'user-agent' => 'Mozilla/5.0 (Macintosh; Intel Mac OS X 10.11; rv:47.0) Gecko/20100101 Firefox/47.0',
  'accept' => 'text/html,application/xhtml+xml,application/xml;q=0.9,*/*;q=0.8',
  'accept-encoding' => 'gzip',
  'connection' => 'keep-alive',
  'content-type' => '',
  'content-length' => '',
)
[ info ] [ PARAM ] array (
)
[ info ] [ LOG ] INIT File

---------------------------------------------------------------
[ 2018-03-11T02:51:58+08:00 ] 172.19.226.46 112.66.35.242 GET /
[ log ] www.yuanzigo.com/ [运行时间：0.019123s][吞吐率：52.29req/s] [内存消耗：1,979.51kb] [文件加载：48]
[ info ] [ LANG ] /home/wwwroot/www.yuanzigo.com/thinkphp/lang/zh-cn.php
[ info ] [ ROUTE ] array (
  'type' => 'module',
  'module' => 
  array (
    0 => '',
    1 => NULL,
    2 => NULL,
  ),
)
[ info ] [ HEADER ] array (
  'host' => 'www.yuanzigo.com',
  'connection' => 'keep-alive',
  'upgrade-insecure-requests' => '1',
  'user-agent' => 'Mozilla/5.0 (Macintosh; Intel Mac OS X 10_13_3) AppleWebKit/537.36 (KHTML, like Gecko) Chrome/64.0.3282.186 Safari/537.36',
  'accept' => 'text/html,application/xhtml+xml,application/xml;q=0.9,image/webp,image/apng,*/*;q=0.8',
  'dnt' => '1',
  'referer' => 'https://www.baidu.com/link?url=37-zVumvc9pNFF-B4PiAGbR0y8dGGlm8TiI_mkiZmdV8JKKACwWzezseNx31d4mQ&wd=&eqid=de07f91b0000972e000000065aa42948',
  'accept-encoding' => 'gzip, deflate',
  'accept-language' => 'zh-CN,zh;q=0.9,en;q=0.8,zh-TW;q=0.7',
  'content-type' => '',
  'content-length' => '',
)
[ info ] [ PARAM ] array (
)
[ info ] [ LOG ] INIT File

---------------------------------------------------------------
[ 2018-03-11T02:51:58+08:00 ] 172.19.226.46 112.66.35.242 GET /home/index/index
[ log ] www.yuanzigo.com/home/index/index [运行时间：0.197217s][吞吐率：5.07req/s] [内存消耗：3,438.91kb] [文件加载：92]
[ info ] [ LANG ] /home/wwwroot/www.yuanzigo.com/thinkphp/lang/zh-cn.php
[ info ] [ ROUTE ] array (
  'type' => 'module',
  'module' => 
  array (
    0 => 'home',
    1 => 'index',
    2 => 'index',
  ),
)
[ info ] [ HEADER ] array (
  'host' => 'www.yuanzigo.com',
  'connection' => 'keep-alive',
  'upgrade-insecure-requests' => '1',
  'user-agent' => 'Mozilla/5.0 (Macintosh; Intel Mac OS X 10_13_3) AppleWebKit/537.36 (KHTML, like Gecko) Chrome/64.0.3282.186 Safari/537.36',
  'accept' => 'text/html,application/xhtml+xml,application/xml;q=0.9,image/webp,image/apng,*/*;q=0.8',
  'dnt' => '1',
  'referer' => 'https://www.baidu.com/link?url=37-zVumvc9pNFF-B4PiAGbR0y8dGGlm8TiI_mkiZmdV8JKKACwWzezseNx31d4mQ&wd=&eqid=de07f91b0000972e000000065aa42948',
  'accept-encoding' => 'gzip, deflate',
  'accept-language' => 'zh-CN,zh;q=0.9,en;q=0.8,zh-TW;q=0.7',
  'content-type' => '',
  'content-length' => '',
)
[ info ] [ PARAM ] array (
)
[ info ] [ RUN ] app\home\controller\Index->index[ /home/wwwroot/www.yuanzigo.com/application/home/controller/Index.php ]
[ info ] [ VIEW ] /home/wwwroot/www.yuanzigo.com/public/../application/home/view/index/index.html [ array (
  0 => 'qr',
  1 => 'code',
) ]
[ info ] [ LOG ] INIT File

---------------------------------------------------------------
[ 2018-03-11T04:32:20+08:00 ] 172.19.226.46 60.191.38.77 GET /
[ log ] 47.100.166.58:443/ [运行时间：0.018445s][吞吐率：54.22req/s] [内存消耗：1,978.84kb] [文件加载：48]
[ info ] [ LANG ] /home/wwwroot/www.yuanzigo.com/thinkphp/lang/zh-cn.php
[ info ] [ ROUTE ] array (
  'type' => 'module',
  'module' => 
  array (
    0 => '',
    1 => NULL,
    2 => NULL,
  ),
)
[ info ] [ HEADER ] array (
  'host' => '47.100.166.58:443',
  'user-agent' => 'Mozilla/5.0 (Macintosh; Intel Mac OS X 10.11; rv:47.0) Gecko/20100101 Firefox/47.0',
  'accept' => 'text/html,application/xhtml+xml,application/xml;q=0.9,*/*;q=0.8',
  'accept-encoding' => 'gzip',
  'connection' => 'keep-alive',
  'content-type' => '',
  'content-length' => '',
)
[ info ] [ PARAM ] array (
)
[ info ] [ LOG ] INIT File

---------------------------------------------------------------
[ 2018-03-11T05:01:20+08:00 ] 172.19.226.46 203.208.60.207 GET /
[ log ] yuanzigo.com/ [运行时间：0.018989s][吞吐率：52.66req/s] [内存消耗：1,979.00kb] [文件加载：48]
[ info ] [ LANG ] /home/wwwroot/www.yuanzigo.com/thinkphp/lang/zh-cn.php
[ info ] [ ROUTE ] array (
  'type' => 'module',
  'module' => 
  array (
    0 => '',
    1 => NULL,
    2 => NULL,
  ),
)
[ info ] [ HEADER ] array (
  'host' => 'yuanzigo.com',
  'connection' => 'keep-alive',
  'accept' => 'text/html,application/xhtml+xml,application/xml;q=0.9,*/*;q=0.8',
  'from' => 'googlebot(at)googlebot.com',
  'user-agent' => 'Mozilla/5.0 (compatible; Googlebot/2.1; +http://www.google.com/bot.html)',
  'accept-encoding' => 'gzip,deflate,br',
  'content-type' => '',
  'content-length' => '',
)
[ info ] [ PARAM ] array (
)
[ info ] [ LOG ] INIT File

---------------------------------------------------------------
[ 2018-03-11T05:01:22+08:00 ] 172.19.226.46 203.208.60.207 GET /home/index/index
[ log ] yuanzigo.com/home/index/index [运行时间：0.332395s][吞吐率：3.01req/s] [内存消耗：3,439.01kb] [文件加载：92]
[ info ] [ LANG ] /home/wwwroot/www.yuanzigo.com/thinkphp/lang/zh-cn.php
[ info ] [ ROUTE ] array (
  'type' => 'module',
  'module' => 
  array (
    0 => 'home',
    1 => 'index',
    2 => 'index',
  ),
)
[ info ] [ HEADER ] array (
  'host' => 'yuanzigo.com',
  'connection' => 'keep-alive',
  'accept' => 'text/html,application/xhtml+xml,application/xml;q=0.9,*/*;q=0.8',
  'from' => 'googlebot(at)googlebot.com',
  'user-agent' => 'Mozilla/5.0 (compatible; Googlebot/2.1; +http://www.google.com/bot.html)',
  'accept-encoding' => 'gzip,deflate,br',
  'content-type' => '',
  'content-length' => '',
)
[ info ] [ PARAM ] array (
)
[ info ] [ RUN ] app\home\controller\Index->index[ /home/wwwroot/www.yuanzigo.com/application/home/controller/Index.php ]
[ info ] [ VIEW ] /home/wwwroot/www.yuanzigo.com/public/../application/home/view/index/index.html [ array (
  0 => 'qr',
  1 => 'code',
) ]
[ info ] [ LOG ] INIT File

---------------------------------------------------------------
[ 2018-03-11T05:35:26+08:00 ] 172.19.226.46 139.162.113.204 GET /
[ log ] 47.100.166.58/ [运行时间：0.018796s][吞吐率：53.20req/s] [内存消耗：1,978.44kb] [文件加载：48]
[ info ] [ LANG ] /home/wwwroot/www.yuanzigo.com/thinkphp/lang/zh-cn.php
[ info ] [ ROUTE ] array (
  'type' => 'module',
  'module' => 
  array (
    0 => '',
    1 => NULL,
    2 => NULL,
  ),
)
[ info ] [ HEADER ] array (
  'host' => '47.100.166.58',
  'user-agent' => 'Mozilla/5.0 (Windows NT 10.0; WOW64) AppleWebKit/537.36 (KHTML, like Gecko) Chrome/50.0.2661.102 Safari/537.36',
  'connection' => 'close',
  'content-type' => '',
  'content-length' => '',
)
[ info ] [ PARAM ] array (
)
[ info ] [ LOG ] INIT File

---------------------------------------------------------------
[ 2018-03-11T05:35:26+08:00 ] 172.19.226.46 139.162.113.204 GET /home/index/index
[ log ] 47.100.166.58:443/home/index/index [运行时间：0.226888s][吞吐率：4.41req/s] [内存消耗：3,438.05kb] [文件加载：92]
[ info ] [ LANG ] /home/wwwroot/www.yuanzigo.com/thinkphp/lang/zh-cn.php
[ info ] [ ROUTE ] array (
  'type' => 'module',
  'module' => 
  array (
    0 => 'home',
    1 => 'index',
    2 => 'index',
  ),
)
[ info ] [ HEADER ] array (
  'host' => '47.100.166.58:443',
  'user-agent' => 'Go-http-client/1.1',
  'referer' => 'https://47.100.166.58:443/',
  'connection' => 'close',
  'content-type' => '',
  'content-length' => '',
)
[ info ] [ PARAM ] array (
)
[ info ] [ RUN ] app\home\controller\Index->index[ /home/wwwroot/www.yuanzigo.com/application/home/controller/Index.php ]
[ info ] [ VIEW ] /home/wwwroot/www.yuanzigo.com/public/../application/home/view/index/index.html [ array (
  0 => 'qr',
  1 => 'code',
) ]
[ info ] [ LOG ] INIT File

---------------------------------------------------------------
[ 2018-03-11T05:45:51+08:00 ] 172.19.226.46 115.239.212.196 GET /&wd=&eqid=de07f91b0000972e000000065aa42948
[ log ] www.yuanzigo.com/&wd=&eqid=de07f91b0000972e000000065aa42948 [运行时间：0.017306s][吞吐率：57.78req/s] [内存消耗：1,578.89kb] [文件加载：41]
[ info ] [ LANG ] /home/wwwroot/www.yuanzigo.com/thinkphp/lang/zh-cn.php
[ info ] [ LOG ] INIT File
[ error ] [8]未定义变量: path[/home/wwwroot/www.yuanzigo.com/thinkphp/library/think/Route.php:1284]

---------------------------------------------------------------
[ 2018-03-11T05:58:15+08:00 ] 172.19.226.46 140.205.205.23 GET /
[ log ] yuanzigo.com/ [运行时间：0.018504s][吞吐率：54.04req/s] [内存消耗：1,978.59kb] [文件加载：48]
[ info ] [ LANG ] /home/wwwroot/www.yuanzigo.com/thinkphp/lang/zh-cn.php
[ info ] [ ROUTE ] array (
  'type' => 'module',
  'module' => 
  array (
    0 => '',
    1 => NULL,
    2 => NULL,
  ),
)
[ info ] [ HEADER ] array (
  'host' => 'yuanzigo.com',
  'accept-language' => 'en',
  'accept-encoding' => 'gzip,deflate',
  'accept' => 'text/html,application/xhtml+xml,application/xml;q=0.9,*/*;q=0.8',
  'user-agent' => 'Scrapy/1.5.0 (+https://scrapy.org)',
  'content-type' => '',
  'content-length' => '',
)
[ info ] [ PARAM ] array (
)
[ info ] [ LOG ] INIT File

---------------------------------------------------------------
[ 2018-03-11T05:58:15+08:00 ] 172.19.226.46 140.205.205.25 GET /home/index/index
[ log ] yuanzigo.com/home/index/index [运行时间：0.210786s][吞吐率：4.74req/s] [内存消耗：3,438.13kb] [文件加载：92]
[ info ] [ LANG ] /home/wwwroot/www.yuanzigo.com/thinkphp/lang/zh-cn.php
[ info ] [ ROUTE ] array (
  'type' => 'module',
  'module' => 
  array (
    0 => 'home',
    1 => 'index',
    2 => 'index',
  ),
)
[ info ] [ HEADER ] array (
  'host' => 'yuanzigo.com',
  'accept-language' => 'en',
  'accept-encoding' => 'gzip,deflate',
  'accept' => 'text/html,application/xhtml+xml,application/xml;q=0.9,*/*;q=0.8',
  'user-agent' => 'Scrapy/1.5.0 (+https://scrapy.org)',
  'content-type' => '',
  'content-length' => '',
)
[ info ] [ PARAM ] array (
)
[ info ] [ RUN ] app\home\controller\Index->index[ /home/wwwroot/www.yuanzigo.com/application/home/controller/Index.php ]
[ info ] [ VIEW ] /home/wwwroot/www.yuanzigo.com/public/../application/home/view/index/index.html [ array (
  0 => 'qr',
  1 => 'code',
) ]
[ info ] [ LOG ] INIT File

---------------------------------------------------------------
[ 2018-03-11T05:58:16+08:00 ] 172.19.226.46 140.205.205.25 GET /home/index/index
[ log ] yuanzigo.com/home/index/index [运行时间：0.183730s][吞吐率：5.44req/s] [内存消耗：3,438.36kb] [文件加载：92]
[ info ] [ LANG ] /home/wwwroot/www.yuanzigo.com/thinkphp/lang/zh-cn.php
[ info ] [ ROUTE ] array (
  'type' => 'module',
  'module' => 
  array (
    0 => 'home',
    1 => 'index',
    2 => 'index',
  ),
)
[ info ] [ HEADER ] array (
  'accept-language' => 'en',
  'accept-encoding' => 'gzip,deflate',
  'accept' => 'text/html,application/xhtml+xml,application/xml;q=0.9,*/*;q=0.8',
  'user-agent' => 'Scrapy/1.5.0 (+https://scrapy.org)',
  'host' => 'yuanzigo.com',
  'referer' => 'https://yuanzigo.com/home/index/index',
  'content-type' => '',
  'content-length' => '',
)
[ info ] [ PARAM ] array (
)
[ info ] [ RUN ] app\home\controller\Index->index[ /home/wwwroot/www.yuanzigo.com/application/home/controller/Index.php ]
[ info ] [ VIEW ] /home/wwwroot/www.yuanzigo.com/public/../application/home/view/index/index.html [ array (
  0 => 'qr',
  1 => 'code',
) ]
[ info ] [ LOG ] INIT File

---------------------------------------------------------------
[ 2018-03-11T06:34:30+08:00 ] 172.19.226.46 106.38.241.107 GET /
[ log ] www.yuanzigo.com/ [运行时间：0.020117s][吞吐率：49.71req/s] [内存消耗：1,978.71kb] [文件加载：48]
[ info ] [ LANG ] /home/wwwroot/www.yuanzigo.com/thinkphp/lang/zh-cn.php
[ info ] [ ROUTE ] array (
  'type' => 'module',
  'module' => 
  array (
    0 => '',
    1 => NULL,
    2 => NULL,
  ),
)
[ info ] [ HEADER ] array (
  'host' => 'www.yuanzigo.com',
  'accept' => '*/*',
  'accept-language' => 'zh-cn',
  'accept-encoding' => 'gzip,deflate',
  'user-agent' => 'Sogou web spider/4.0(+http://www.sogou.com/docs/help/webmasters.htm#07)',
  'connection' => 'close',
  'content-type' => '',
  'content-length' => '',
)
[ info ] [ PARAM ] array (
)
[ info ] [ LOG ] INIT File

---------------------------------------------------------------
[ 2018-03-11T06:35:34+08:00 ] 172.19.226.46 106.38.241.107 GET /home/index/index
[ log ] www.yuanzigo.com/home/index/index [运行时间：0.310797s][吞吐率：3.22req/s] [内存消耗：3,438.84kb] [文件加载：92]
[ info ] [ LANG ] /home/wwwroot/www.yuanzigo.com/thinkphp/lang/zh-cn.php
[ info ] [ ROUTE ] array (
  'type' => 'module',
  'module' => 
  array (
    0 => 'home',
    1 => 'index',
    2 => 'index',
  ),
)
[ info ] [ HEADER ] array (
  'host' => 'www.yuanzigo.com',
  'accept' => '*/*',
  'accept-language' => 'zh-cn',
  'accept-encoding' => 'gzip,deflate',
  'user-agent' => 'Sogou web spider/4.0(+http://www.sogou.com/docs/help/webmasters.htm#07)',
  'connection' => 'close',
  'content-type' => '',
  'content-length' => '',
)
[ info ] [ PARAM ] array (
)
[ info ] [ RUN ] app\home\controller\Index->index[ /home/wwwroot/www.yuanzigo.com/application/home/controller/Index.php ]
[ info ] [ VIEW ] /home/wwwroot/www.yuanzigo.com/public/../application/home/view/index/index.html [ array (
  0 => 'qr',
  1 => 'code',
) ]
[ info ] [ LOG ] INIT File

---------------------------------------------------------------
[ 2018-03-11T06:42:25+08:00 ] 172.19.226.46 123.126.113.189 GET /
[ log ] yuanzigo.com/ [运行时间：0.019047s][吞吐率：52.50req/s] [内存消耗：1,979.11kb] [文件加载：48]
[ info ] [ LANG ] /home/wwwroot/www.yuanzigo.com/thinkphp/lang/zh-cn.php
[ info ] [ ROUTE ] array (
  'type' => 'module',
  'module' => 
  array (
    0 => '',
    1 => NULL,
    2 => NULL,
  ),
)
[ info ] [ HEADER ] array (
  'host' => 'yuanzigo.com',
  'accept' => '*/*',
  'accept-language' => 'zh-cn',
  'accept-encoding' => 'gzip,deflate',
  'user-agent' => 'Sogou web spider/4.0(+http://www.sogou.com/docs/help/webmasters.htm#07)',
  'connection' => 'close',
  'if-modified-since' => 'Tue, 23 Jan 2018 19:32:36 GMT',
  'content-type' => '',
  'content-length' => '',
)
[ info ] [ PARAM ] array (
)
[ info ] [ LOG ] INIT File

---------------------------------------------------------------
[ 2018-03-11T06:42:35+08:00 ] 172.19.226.46 123.126.113.189 GET /
[ log ] www.yuanzigo.com/ [运行时间：0.019509s][吞吐率：51.26req/s] [内存消耗：1,978.85kb] [文件加载：48]
[ info ] [ LANG ] /home/wwwroot/www.yuanzigo.com/thinkphp/lang/zh-cn.php
[ info ] [ ROUTE ] array (
  'type' => 'module',
  'module' => 
  array (
    0 => '',
    1 => NULL,
    2 => NULL,
  ),
)
[ info ] [ HEADER ] array (
  'host' => 'www.yuanzigo.com',
  'accept' => '*/*',
  'accept-language' => 'zh-cn',
  'accept-encoding' => 'gzip,deflate',
  'user-agent' => 'Sogou web spider/4.0(+http://www.sogou.com/docs/help/webmasters.htm#07)',
  'connection' => 'close',
  'if-modified-since' => 'Sun, 18 Feb 2018 12:23:43 GMT',
  'content-type' => '',
  'content-length' => '',
)
[ info ] [ PARAM ] array (
)
[ info ] [ LOG ] INIT File

---------------------------------------------------------------
[ 2018-03-11T06:42:45+08:00 ] 172.19.226.46 123.126.113.189 GET /home/index/index
[ log ] yuanzigo.com/home/index/index [运行时间：0.186088s][吞吐率：5.37req/s] [内存消耗：3,438.46kb] [文件加载：92]
[ info ] [ LANG ] /home/wwwroot/www.yuanzigo.com/thinkphp/lang/zh-cn.php
[ info ] [ ROUTE ] array (
  'type' => 'module',
  'module' => 
  array (
    0 => 'home',
    1 => 'index',
    2 => 'index',
  ),
)
[ info ] [ HEADER ] array (
  'host' => 'yuanzigo.com',
  'accept' => '*/*',
  'accept-language' => 'zh-cn',
  'accept-encoding' => 'gzip,deflate',
  'user-agent' => 'Sogou web spider/4.0(+http://www.sogou.com/docs/help/webmasters.htm#07)',
  'connection' => 'close',
  'if-modified-since' => 'Tue, 23 Jan 2018 19:32:36 GMT',
  'content-type' => '',
  'content-length' => '',
)
[ info ] [ PARAM ] array (
)
[ info ] [ RUN ] app\home\controller\Index->index[ /home/wwwroot/www.yuanzigo.com/application/home/controller/Index.php ]
[ info ] [ VIEW ] /home/wwwroot/www.yuanzigo.com/public/../application/home/view/index/index.html [ array (
  0 => 'qr',
  1 => 'code',
) ]
[ info ] [ LOG ] INIT File

---------------------------------------------------------------
[ 2018-03-11T06:42:55+08:00 ] 172.19.226.46 123.126.113.189 GET /home/index/index
[ log ] www.yuanzigo.com/home/index/index [运行时间：0.180219s][吞吐率：5.55req/s] [内存消耗：3,438.50kb] [文件加载：92]
[ info ] [ LANG ] /home/wwwroot/www.yuanzigo.com/thinkphp/lang/zh-cn.php
[ info ] [ ROUTE ] array (
  'type' => 'module',
  'module' => 
  array (
    0 => 'home',
    1 => 'index',
    2 => 'index',
  ),
)
[ info ] [ HEADER ] array (
  'host' => 'www.yuanzigo.com',
  'accept' => '*/*',
  'accept-language' => 'zh-cn',
  'accept-encoding' => 'gzip,deflate',
  'user-agent' => 'Sogou web spider/4.0(+http://www.sogou.com/docs/help/webmasters.htm#07)',
  'connection' => 'close',
  'if-modified-since' => 'Sun, 18 Feb 2018 12:23:43 GMT',
  'content-type' => '',
  'content-length' => '',
)
[ info ] [ PARAM ] array (
)
[ info ] [ RUN ] app\home\controller\Index->index[ /home/wwwroot/www.yuanzigo.com/application/home/controller/Index.php ]
[ info ] [ VIEW ] /home/wwwroot/www.yuanzigo.com/public/../application/home/view/index/index.html [ array (
  0 => 'qr',
  1 => 'code',
) ]
[ info ] [ LOG ] INIT File

---------------------------------------------------------------
[ 2018-03-11T06:51:30+08:00 ] 172.19.226.46 140.205.205.23 GET /
[ log ] www.yuanzichufa.com/ [运行时间：0.018483s][吞吐率：54.10req/s] [内存消耗：1,978.53kb] [文件加载：48]
[ info ] [ LANG ] /home/wwwroot/www.yuanzigo.com/thinkphp/lang/zh-cn.php
[ info ] [ ROUTE ] array (
  'type' => 'module',
  'module' => 
  array (
    0 => '',
    1 => NULL,
    2 => NULL,
  ),
)
[ info ] [ HEADER ] array (
  'host' => 'www.yuanzichufa.com',
  'accept-language' => 'en',
  'accept-encoding' => 'gzip,deflate',
  'accept' => 'text/html,application/xhtml+xml,application/xml;q=0.9,*/*;q=0.8',
  'user-agent' => 'Scrapy/1.5.0 (+https://scrapy.org)',
  'content-type' => '',
  'content-length' => '',
)
[ info ] [ PARAM ] array (
)
[ info ] [ LOG ] INIT File

---------------------------------------------------------------
[ 2018-03-11T06:51:31+08:00 ] 172.19.226.46 140.205.205.23 GET /home/index/index
[ log ] www.yuanzichufa.com/home/index/index [运行时间：0.196967s][吞吐率：5.08req/s] [内存消耗：3,438.45kb] [文件加载：92]
[ info ] [ LANG ] /home/wwwroot/www.yuanzigo.com/thinkphp/lang/zh-cn.php
[ info ] [ ROUTE ] array (
  'type' => 'module',
  'module' => 
  array (
    0 => 'home',
    1 => 'index',
    2 => 'index',
  ),
)
[ info ] [ HEADER ] array (
  'host' => 'www.yuanzichufa.com',
  'accept-language' => 'en',
  'accept-encoding' => 'gzip,deflate',
  'accept' => 'text/html,application/xhtml+xml,application/xml;q=0.9,*/*;q=0.8',
  'user-agent' => 'Scrapy/1.5.0 (+https://scrapy.org)',
  'content-type' => '',
  'content-length' => '',
)
[ info ] [ PARAM ] array (
)
[ info ] [ RUN ] app\home\controller\Index->index[ /home/wwwroot/www.yuanzigo.com/application/home/controller/Index.php ]
[ info ] [ VIEW ] /home/wwwroot/www.yuanzigo.com/public/../application/home/view/index/index.html [ array (
  0 => 'qr',
  1 => 'code',
) ]
[ info ] [ LOG ] INIT File

---------------------------------------------------------------
[ 2018-03-11T06:51:31+08:00 ] 172.19.226.46 140.205.205.25 GET /home/index/index
[ log ] www.yuanzichufa.com/home/index/index [运行时间：0.189516s][吞吐率：5.28req/s] [内存消耗：3,438.48kb] [文件加载：92]
[ info ] [ LANG ] /home/wwwroot/www.yuanzigo.com/thinkphp/lang/zh-cn.php
[ info ] [ ROUTE ] array (
  'type' => 'module',
  'module' => 
  array (
    0 => 'home',
    1 => 'index',
    2 => 'index',
  ),
)
[ info ] [ HEADER ] array (
  'accept-language' => 'en',
  'accept-encoding' => 'gzip,deflate',
  'accept' => 'text/html,application/xhtml+xml,application/xml;q=0.9,*/*;q=0.8',
  'user-agent' => 'Scrapy/1.5.0 (+https://scrapy.org)',
  'host' => 'www.yuanzichufa.com',
  'referer' => 'https://www.yuanzichufa.com/home/index/index',
  'content-type' => '',
  'content-length' => '',
)
[ info ] [ PARAM ] array (
)
[ info ] [ RUN ] app\home\controller\Index->index[ /home/wwwroot/www.yuanzigo.com/application/home/controller/Index.php ]
[ info ] [ VIEW ] /home/wwwroot/www.yuanzigo.com/public/../application/home/view/index/index.html [ array (
  0 => 'qr',
  1 => 'code',
) ]
[ info ] [ LOG ] INIT File

---------------------------------------------------------------
[ 2018-03-11T06:56:47+08:00 ] 172.19.226.46 118.31.157.15 GET /home/index/index
[ log ] www.yuanzigo.com/home/index/index [运行时间：0.235619s][吞吐率：4.24req/s] [内存消耗：3,438.41kb] [文件加载：92]
[ info ] [ LANG ] /home/wwwroot/www.yuanzigo.com/thinkphp/lang/zh-cn.php
[ info ] [ ROUTE ] array (
  'type' => 'module',
  'module' => 
  array (
    0 => 'home',
    1 => 'index',
    2 => 'index',
  ),
)
[ info ] [ HEADER ] array (
  'user-agent' => 'Mozilla/5.0 (X11; Ubuntu; Linux x86_64; rv:36.0) Gecko/20100101 Firefox/36.0',
  'cache-control' => 'no-cache',
  'pragma' => 'no-cache',
  'host' => 'www.yuanzigo.com',
  'accept' => 'text/html, image/gif, image/jpeg, *; q=.2, */*; q=.2',
  'connection' => 'keep-alive',
  'content-type' => '',
  'content-length' => '',
)
[ info ] [ PARAM ] array (
)
[ info ] [ RUN ] app\home\controller\Index->index[ /home/wwwroot/www.yuanzigo.com/application/home/controller/Index.php ]
[ info ] [ VIEW ] /home/wwwroot/www.yuanzigo.com/public/../application/home/view/index/index.html [ array (
  0 => 'qr',
  1 => 'code',
) ]
[ info ] [ LOG ] INIT File

---------------------------------------------------------------
[ 2018-03-11T08:30:59+08:00 ] 172.19.226.46 220.181.108.116 GET /
[ log ] www.yuanzigo.com/ [运行时间：0.019617s][吞吐率：50.98req/s] [内存消耗：1,978.99kb] [文件加载：48]
[ info ] [ LANG ] /home/wwwroot/www.yuanzigo.com/thinkphp/lang/zh-cn.php
[ info ] [ ROUTE ] array (
  'type' => 'module',
  'module' => 
  array (
    0 => '',
    1 => NULL,
    2 => NULL,
  ),
)
[ info ] [ HEADER ] array (
  'host' => 'www.yuanzigo.com',
  'connection' => 'close',
  'user-agent' => 'Mozilla/5.0 (compatible; Baiduspider/2.0; +http://www.baidu.com/search/spider.html)',
  'accept-language' => 'zh-cn,zh-tw',
  'if-none-match' => '"@NULL@"',
  'accept-encoding' => 'gzip',
  'accept' => '*/*',
  'content-type' => '',
  'content-length' => '',
)
[ info ] [ PARAM ] array (
)
[ info ] [ LOG ] INIT File

---------------------------------------------------------------
[ 2018-03-11T08:31:00+08:00 ] 172.19.226.46 220.181.108.159 GET /home/index/index
[ log ] www.yuanzigo.com/home/index/index [运行时间：0.350067s][吞吐率：2.86req/s] [内存消耗：3,438.84kb] [文件加载：92]
[ info ] [ LANG ] /home/wwwroot/www.yuanzigo.com/thinkphp/lang/zh-cn.php
[ info ] [ ROUTE ] array (
  'type' => 'module',
  'module' => 
  array (
    0 => 'home',
    1 => 'index',
    2 => 'index',
  ),
)
[ info ] [ HEADER ] array (
  'host' => 'www.yuanzigo.com',
  'connection' => 'close',
  'user-agent' => 'Mozilla/5.0 (compatible; Baiduspider/2.0; +http://www.baidu.com/search/spider.html)',
  'accept-language' => 'zh-cn,zh-tw',
  'if-none-match' => '"@NULL@"',
  'accept-encoding' => 'gzip',
  'accept' => '*/*',
  'content-type' => '',
  'content-length' => '',
)
[ info ] [ PARAM ] array (
)
[ info ] [ RUN ] app\home\controller\Index->index[ /home/wwwroot/www.yuanzigo.com/application/home/controller/Index.php ]
[ info ] [ VIEW ] /home/wwwroot/www.yuanzigo.com/public/../application/home/view/index/index.html [ array (
  0 => 'qr',
  1 => 'code',
) ]
[ info ] [ LOG ] INIT File

---------------------------------------------------------------
[ 2018-03-11T08:31:04+08:00 ] 172.19.226.46 111.206.198.35 POST /home/index/scan
[ log ] www.yuanzigo.com/home/index/scan [运行时间：0.027604s][吞吐率：36.23req/s] [内存消耗：2,892.27kb] [文件加载：53]
[ info ] [ LANG ] /home/wwwroot/www.yuanzigo.com/thinkphp/lang/zh-cn.php
[ info ] [ ROUTE ] array (
  'type' => 'module',
  'module' => 
  array (
    0 => 'home',
    1 => 'index',
    2 => 'scan',
  ),
)
[ info ] [ HEADER ] array (
  'host' => 'www.yuanzigo.com',
  'content-length' => '3',
  'user-agent' => 'Mozilla/5.0 (iPhone; CPU iPhone OS 9_1 like Mac OS X) AppleWebKit/601.1.46 (KHTML, like Gecko) Version/9.0 Mobile/13B143 Safari/601.1 (compatible; Baiduspider-render/2.0; +http://www.baidu.com/search/spider.html)',
  'proxy-connection' => 'keep-alive',
  'origin' => 'http://www.yuanzigo.com',
  'accept-language' => 'zh-CN,zh;q=0.8,en-US;q=0.5,en;q=0.3',
  'content-type' => 'application/x-www-form-urlencoded; charset=UTF-8',
  'accept' => '*/*',
  'x-devtools-emulate-network-conditions-client-id' => '548a35f6-222d-4024-bb8b-d930f6da98b3',
  'x-requested-with' => 'XMLHttpRequest',
  'resource-type' => '13',
  'referer' => 'http://www.yuanzigo.com/home/index/index',
)
[ info ] [ PARAM ] array (
  'c' => '1',
)
[ info ] [ RUN ] app\home\controller\Index->scan[ /home/wwwroot/www.yuanzigo.com/application/home/controller/Index.php ]
[ info ] [ DB ] INIT mysql
[ info ] [ LOG ] INIT File
[ sql ] [ DB ] CONNECT:[ UseTime:0.000501s ] mysql:dbname=yuanzi;host=127.0.0.1;charset=utf8
[ sql ] [ SQL ] SHOW COLUMNS FROM `aman_scanlogin` [ RunTime:0.000611s ]
[ sql ] [ SQL ] SELECT * FROM `aman_scanlogin` WHERE  `code` = null LIMIT 1 [ RunTime:0.000284s ]

---------------------------------------------------------------
[ 2018-03-11T08:31:07+08:00 ] 172.19.226.46 111.206.198.108 POST /home/index/scan
[ log ] www.yuanzigo.com/home/index/scan [运行时间：0.027174s][吞吐率：36.80req/s] [内存消耗：2,892.27kb] [文件加载：53]
[ info ] [ LANG ] /home/wwwroot/www.yuanzigo.com/thinkphp/lang/zh-cn.php
[ info ] [ ROUTE ] array (
  'type' => 'module',
  'module' => 
  array (
    0 => 'home',
    1 => 'index',
    2 => 'scan',
  ),
)
[ info ] [ HEADER ] array (
  'host' => 'www.yuanzigo.com',
  'content-length' => '3',
  'user-agent' => 'Mozilla/5.0 (iPhone; CPU iPhone OS 9_1 like Mac OS X) AppleWebKit/601.1.46 (KHTML, like Gecko) Version/9.0 Mobile/13B143 Safari/601.1 (compatible; Baiduspider-render/2.0; +http://www.baidu.com/search/spider.html)',
  'proxy-connection' => 'keep-alive',
  'origin' => 'http://www.yuanzigo.com',
  'accept-language' => 'zh-CN,zh;q=0.8,en-US;q=0.5,en;q=0.3',
  'content-type' => 'application/x-www-form-urlencoded; charset=UTF-8',
  'accept' => '*/*',
  'x-devtools-emulate-network-conditions-client-id' => '548a35f6-222d-4024-bb8b-d930f6da98b3',
  'x-requested-with' => 'XMLHttpRequest',
  'resource-type' => '13',
  'referer' => 'http://www.yuanzigo.com/home/index/index',
)
[ info ] [ PARAM ] array (
  'c' => '1',
)
[ info ] [ RUN ] app\home\controller\Index->scan[ /home/wwwroot/www.yuanzigo.com/application/home/controller/Index.php ]
[ info ] [ DB ] INIT mysql
[ info ] [ LOG ] INIT File
[ sql ] [ DB ] CONNECT:[ UseTime:0.000444s ] mysql:dbname=yuanzi;host=127.0.0.1;charset=utf8
[ sql ] [ SQL ] SHOW COLUMNS FROM `aman_scanlogin` [ RunTime:0.000737s ]
[ sql ] [ SQL ] SELECT * FROM `aman_scanlogin` WHERE  `code` = null LIMIT 1 [ RunTime:0.000277s ]

---------------------------------------------------------------
[ 2018-03-11T09:06:26+08:00 ] 172.19.226.46 106.11.227.209 GET /
[ log ] www.yuanzigo.com/ [运行时间：0.019357s][吞吐率：51.66req/s] [内存消耗：1,979.04kb] [文件加载：48]
[ info ] [ LANG ] /home/wwwroot/www.yuanzigo.com/thinkphp/lang/zh-cn.php
[ info ] [ ROUTE ] array (
  'type' => 'module',
  'module' => 
  array (
    0 => '',
    1 => NULL,
    2 => NULL,
  ),
)
[ info ] [ HEADER ] array (
  'accept-encoding' => 'gzip',
  'user-agent' => 'Mozilla/5.0 (iPad; CPU OS 9_1 like Mac OS X) AppleWebKit/601.1.46 (KHTML, like Gecko) Version/9.0 Mobile/13B143 Safari/601.1',
  'cache-control' => 'no-cache',
  'pragma' => 'no-cache',
  'host' => 'www.yuanzigo.com',
  'accept' => 'text/html, image/gif, image/jpeg, *; q=.2, */*; q=.2',
  'connection' => 'keep-alive',
  'content-type' => '',
  'content-length' => '',
)
[ info ] [ PARAM ] array (
)
[ info ] [ LOG ] INIT File

---------------------------------------------------------------
[ 2018-03-11T09:06:26+08:00 ] 172.19.226.46 106.11.227.99 GET /home/index/index
[ log ] www.yuanzigo.com/home/index/index [运行时间：0.249913s][吞吐率：4.00req/s] [内存消耗：3,438.73kb] [文件加载：92]
[ info ] [ LANG ] /home/wwwroot/www.yuanzigo.com/thinkphp/lang/zh-cn.php
[ info ] [ ROUTE ] array (
  'type' => 'module',
  'module' => 
  array (
    0 => 'home',
    1 => 'index',
    2 => 'index',
  ),
)
[ info ] [ HEADER ] array (
  'accept-encoding' => 'gzip',
  'user-agent' => 'Mozilla/5.0 (iPad; CPU OS 9_1 like Mac OS X) AppleWebKit/601.1.46 (KHTML, like Gecko) Version/9.0 Mobile/13B143 Safari/601.1',
  'cache-control' => 'no-cache',
  'pragma' => 'no-cache',
  'host' => 'www.yuanzigo.com',
  'accept' => 'text/html, image/gif, image/jpeg, *; q=.2, */*; q=.2',
  'connection' => 'keep-alive',
  'content-type' => '',
  'content-length' => '',
)
[ info ] [ PARAM ] array (
)
[ info ] [ RUN ] app\home\controller\Index->index[ /home/wwwroot/www.yuanzigo.com/application/home/controller/Index.php ]
[ info ] [ VIEW ] /home/wwwroot/www.yuanzigo.com/public/../application/home/view/index/index.html [ array (
  0 => 'qr',
  1 => 'code',
) ]
[ info ] [ LOG ] INIT File

---------------------------------------------------------------
[ 2018-03-11T09:43:46+08:00 ] 172.19.226.46 137.226.113.28 GET /
[ log ] www.yuanzigo.com/ [运行时间：0.019416s][吞吐率：51.50req/s] [内存消耗：1,978.23kb] [文件加载：48]
[ info ] [ LANG ] /home/wwwroot/www.yuanzigo.com/thinkphp/lang/zh-cn.php
[ info ] [ ROUTE ] array (
  'type' => 'module',
  'module' => 
  array (
    0 => '',
    1 => NULL,
    2 => NULL,
  ),
)
[ info ] [ HEADER ] array (
  'host' => 'www.yuanzigo.com',
  'user-agent' => 'Mozilla/5.0 zgrab/0.x (compatible; Researchscan/t13l; +http://researchscan.comsys.rwth-aachen.de)',
  'accept-encoding' => 'gzip',
  'content-type' => '',
  'content-length' => '',
)
[ info ] [ PARAM ] array (
)
[ info ] [ LOG ] INIT File

---------------------------------------------------------------
[ 2018-03-11T09:43:47+08:00 ] 172.19.226.46 137.226.113.28 GET /home/index/index
[ log ] 47.100.166.58:443/home/index/index [运行时间：0.192256s][吞吐率：5.20req/s] [内存消耗：3,437.97kb] [文件加载：92]
[ info ] [ LANG ] /home/wwwroot/www.yuanzigo.com/thinkphp/lang/zh-cn.php
[ info ] [ ROUTE ] array (
  'type' => 'module',
  'module' => 
  array (
    0 => 'home',
    1 => 'index',
    2 => 'index',
  ),
)
[ info ] [ HEADER ] array (
  'host' => '47.100.166.58:443',
  'user-agent' => 'Mozilla/5.0 zgrab/0.x (compatible; Researchscan/t13l; +http://researchscan.comsys.rwth-aachen.de)',
  'referer' => 'https://47.100.166.58:443/',
  'accept-encoding' => 'gzip',
  'content-type' => '',
  'content-length' => '',
)
[ info ] [ PARAM ] array (
)
[ info ] [ RUN ] app\home\controller\Index->index[ /home/wwwroot/www.yuanzigo.com/application/home/controller/Index.php ]
[ info ] [ VIEW ] /home/wwwroot/www.yuanzigo.com/public/../application/home/view/index/index.html [ array (
  0 => 'qr',
  1 => 'code',
) ]
[ info ] [ LOG ] INIT File

---------------------------------------------------------------
[ 2018-03-11T14:39:45+08:00 ] 172.19.226.46 120.92.11.92 GET /
[ log ] yuanzigo.com/ [运行时间：0.019571s][吞吐率：51.10req/s] [内存消耗：1,978.66kb] [文件加载：48]
[ info ] [ LANG ] /home/wwwroot/www.yuanzigo.com/thinkphp/lang/zh-cn.php
[ info ] [ ROUTE ] array (
  'type' => 'module',
  'module' => 
  array (
    0 => '',
    1 => NULL,
    2 => NULL,
  ),
)
[ info ] [ HEADER ] array (
  'host' => 'yuanzigo.com',
  'user-agent' => 'Mozilla/5.0 (Windows NT 10.0; Win64; x64) AppleWebKit/537.36 (KHTML, like Gecko) Chrome/59.0.3071.115 Safari/537.36Connect Us: webauth@cmcm.com',
  'accept-encoding' => 'gzip, deflate',
  'accept' => '*/*',
  'connection' => 'keep-alive',
  'cookie' => '',
  'content-type' => '',
  'content-length' => '',
)
[ info ] [ PARAM ] array (
)
[ info ] [ LOG ] INIT File

---------------------------------------------------------------
[ 2018-03-11T14:39:46+08:00 ] 172.19.226.46 120.92.11.92 GET /home/index/index
[ log ] yuanzigo.com/home/index/index [运行时间：0.321446s][吞吐率：3.11req/s] [内存消耗：3,438.88kb] [文件加载：92]
[ info ] [ LANG ] /home/wwwroot/www.yuanzigo.com/thinkphp/lang/zh-cn.php
[ info ] [ ROUTE ] array (
  'type' => 'module',
  'module' => 
  array (
    0 => 'home',
    1 => 'index',
    2 => 'index',
  ),
)
[ info ] [ HEADER ] array (
  'host' => 'yuanzigo.com',
  'user-agent' => 'Mozilla/5.0 (Windows NT 10.0; Win64; x64) AppleWebKit/537.36 (KHTML, like Gecko) Chrome/59.0.3071.115 Safari/537.36Connect Us: webauth@cmcm.com',
  'accept-encoding' => 'gzip, deflate',
  'accept' => '*/*',
  'connection' => 'keep-alive',
  'content-type' => '',
  'content-length' => '',
)
[ info ] [ PARAM ] array (
)
[ info ] [ RUN ] app\home\controller\Index->index[ /home/wwwroot/www.yuanzigo.com/application/home/controller/Index.php ]
[ info ] [ VIEW ] /home/wwwroot/www.yuanzigo.com/public/../application/home/view/index/index.html [ array (
  0 => 'qr',
  1 => 'code',
) ]
[ info ] [ LOG ] INIT File

---------------------------------------------------------------
[ 2018-03-11T14:40:47+08:00 ] 172.19.226.46 61.151.178.169 GET /
[ log ] yuanzigo.com/ [运行时间：0.018389s][吞吐率：54.38req/s] [内存消耗：1,978.63kb] [文件加载：48]
[ info ] [ LANG ] /home/wwwroot/www.yuanzigo.com/thinkphp/lang/zh-cn.php
[ info ] [ ROUTE ] array (
  'type' => 'module',
  'module' => 
  array (
    0 => '',
    1 => NULL,
    2 => NULL,
  ),
)
[ info ] [ HEADER ] array (
  'user-agent' => 'Mozilla/5.0 (Macintosh; Intel Mac OS X 10_12_4) AppleWebKit/537.36 (KHTML, like Gecko) 			Chrome/55.0.2883.95 Safari/537.36',
  'accept' => '*/*',
  'accept-language' => 'zh-CN,zh;q=0.8,en-US;q=0.6,en;q=0.4',
  'host' => 'yuanzigo.com',
  'connection' => 'keep-alive',
  'content-type' => '',
  'content-length' => '',
)
[ info ] [ PARAM ] array (
)
[ info ] [ LOG ] INIT File

---------------------------------------------------------------
[ 2018-03-11T14:41:56+08:00 ] 172.19.226.46 54.183.165.74 GET /
[ log ] www.yuanzichufa.com/ [运行时间：0.018619s][吞吐率：53.71req/s] [内存消耗：1,978.54kb] [文件加载：48]
[ info ] [ LANG ] /home/wwwroot/www.yuanzigo.com/thinkphp/lang/zh-cn.php
[ info ] [ ROUTE ] array (
  'type' => 'module',
  'module' => 
  array (
    0 => '',
    1 => NULL,
    2 => NULL,
  ),
)
[ info ] [ HEADER ] array (
  'host' => 'www.yuanzichufa.com',
  'user-agent' => 'Mozilla/5.0 (Macintosh; Intel Mac OS X 10_12_6) AppleWebKit/537.36 (KHTML, like Gecko) Chrome/61.0.3163.100 Safari/537.36',
  'accept-encoding' => 'gzip',
  'content-type' => '',
  'content-length' => '',
)
[ info ] [ PARAM ] array (
)
[ info ] [ LOG ] INIT File

---------------------------------------------------------------
[ 2018-03-11T14:41:56+08:00 ] 172.19.226.46 54.183.165.74 GET /home/index/index
[ log ] www.yuanzichufa.com/home/index/index [运行时间：0.232901s][吞吐率：4.29req/s] [内存消耗：3,438.21kb] [文件加载：92]
[ info ] [ LANG ] /home/wwwroot/www.yuanzigo.com/thinkphp/lang/zh-cn.php
[ info ] [ ROUTE ] array (
  'type' => 'module',
  'module' => 
  array (
    0 => 'home',
    1 => 'index',
    2 => 'index',
  ),
)
[ info ] [ HEADER ] array (
  'host' => 'www.yuanzichufa.com',
  'user-agent' => 'Mozilla/5.0 (Macintosh; Intel Mac OS X 10_12_6) AppleWebKit/537.36 (KHTML, like Gecko) Chrome/61.0.3163.100 Safari/537.36',
  'referer' => 'https://www.yuanzichufa.com/',
  'accept-encoding' => 'gzip',
  'content-type' => '',
  'content-length' => '',
)
[ info ] [ PARAM ] array (
)
[ info ] [ RUN ] app\home\controller\Index->index[ /home/wwwroot/www.yuanzigo.com/application/home/controller/Index.php ]
[ info ] [ VIEW ] /home/wwwroot/www.yuanzigo.com/public/../application/home/view/index/index.html [ array (
  0 => 'qr',
  1 => 'code',
) ]
[ info ] [ LOG ] INIT File

---------------------------------------------------------------
[ 2018-03-11T14:59:52+08:00 ] 172.19.226.46 106.11.227.83 GET /
[ log ] yuanzigo.com/ [运行时间：0.018063s][吞吐率：55.36req/s] [内存消耗：1,979.05kb] [文件加载：48]
[ info ] [ LANG ] /home/wwwroot/www.yuanzigo.com/thinkphp/lang/zh-cn.php
[ info ] [ ROUTE ] array (
  'type' => 'module',
  'module' => 
  array (
    0 => '',
    1 => NULL,
    2 => NULL,
  ),
)
[ info ] [ HEADER ] array (
  'accept-encoding' => 'gzip',
  'user-agent' => 'Mozilla/5.0 (iPad; CPU OS 9_1 like Mac OS X) AppleWebKit/601.1.46 (KHTML, like Gecko) Version/9.0 Mobile/13B143 Safari/601.1',
  'cache-control' => 'no-cache',
  'pragma' => 'no-cache',
  'host' => 'yuanzigo.com',
  'accept' => 'text/html, image/gif, image/jpeg, *; q=.2, */*; q=.2',
  'connection' => 'keep-alive',
  'content-type' => '',
  'content-length' => '',
)
[ info ] [ PARAM ] array (
)
[ info ] [ LOG ] INIT File

---------------------------------------------------------------
[ 2018-03-11T14:59:52+08:00 ] 172.19.226.46 106.11.227.23 GET /home/index/index
[ log ] yuanzigo.com/home/index/index [运行时间：0.203557s][吞吐率：4.91req/s] [内存消耗：3,438.52kb] [文件加载：92]
[ info ] [ LANG ] /home/wwwroot/www.yuanzigo.com/thinkphp/lang/zh-cn.php
[ info ] [ ROUTE ] array (
  'type' => 'module',
  'module' => 
  array (
    0 => 'home',
    1 => 'index',
    2 => 'index',
  ),
)
[ info ] [ HEADER ] array (
  'accept-encoding' => 'gzip',
  'user-agent' => 'Mozilla/5.0 (iPad; CPU OS 9_1 like Mac OS X) AppleWebKit/601.1.46 (KHTML, like Gecko) Version/9.0 Mobile/13B143 Safari/601.1',
  'cache-control' => 'no-cache',
  'pragma' => 'no-cache',
  'host' => 'yuanzigo.com',
  'accept' => 'text/html, image/gif, image/jpeg, *; q=.2, */*; q=.2',
  'connection' => 'keep-alive',
  'content-type' => '',
  'content-length' => '',
)
[ info ] [ PARAM ] array (
)
[ info ] [ RUN ] app\home\controller\Index->index[ /home/wwwroot/www.yuanzigo.com/application/home/controller/Index.php ]
[ info ] [ VIEW ] /home/wwwroot/www.yuanzigo.com/public/../application/home/view/index/index.html [ array (
  0 => 'qr',
  1 => 'code',
) ]
[ info ] [ LOG ] INIT File

---------------------------------------------------------------
[ 2018-03-11T16:26:13+08:00 ] 172.19.226.46 220.181.108.83 GET /
[ log ] www.yuanzigo.com/ [运行时间：0.017813s][吞吐率：56.14req/s] [内存消耗：1,978.99kb] [文件加载：48]
[ info ] [ LANG ] /home/wwwroot/www.yuanzigo.com/thinkphp/lang/zh-cn.php
[ info ] [ ROUTE ] array (
  'type' => 'module',
  'module' => 
  array (
    0 => '',
    1 => NULL,
    2 => NULL,
  ),
)
[ info ] [ HEADER ] array (
  'host' => 'www.yuanzigo.com',
  'connection' => 'close',
  'user-agent' => 'Mozilla/5.0 (compatible; Baiduspider/2.0; +http://www.baidu.com/search/spider.html)',
  'accept-language' => 'zh-cn,zh-tw',
  'if-none-match' => '"@NULL@"',
  'accept-encoding' => 'gzip',
  'accept' => '*/*',
  'content-type' => '',
  'content-length' => '',
)
[ info ] [ PARAM ] array (
)
[ info ] [ LOG ] INIT File

---------------------------------------------------------------
[ 2018-03-11T16:26:14+08:00 ] 172.19.226.46 123.125.71.99 GET /home/index/index
[ log ] www.yuanzigo.com/home/index/index [运行时间：0.311235s][吞吐率：3.21req/s] [内存消耗：3,438.78kb] [文件加载：92]
[ info ] [ LANG ] /home/wwwroot/www.yuanzigo.com/thinkphp/lang/zh-cn.php
[ info ] [ ROUTE ] array (
  'type' => 'module',
  'module' => 
  array (
    0 => 'home',
    1 => 'index',
    2 => 'index',
  ),
)
[ info ] [ HEADER ] array (
  'host' => 'www.yuanzigo.com',
  'connection' => 'close',
  'user-agent' => 'Mozilla/5.0 (compatible; Baiduspider/2.0; +http://www.baidu.com/search/spider.html)',
  'accept-language' => 'zh-cn,zh-tw',
  'if-none-match' => '"@NULL@"',
  'accept-encoding' => 'gzip',
  'accept' => '*/*',
  'content-type' => '',
  'content-length' => '',
)
[ info ] [ PARAM ] array (
)
[ info ] [ RUN ] app\home\controller\Index->index[ /home/wwwroot/www.yuanzigo.com/application/home/controller/Index.php ]
[ info ] [ VIEW ] /home/wwwroot/www.yuanzigo.com/public/../application/home/view/index/index.html [ array (
  0 => 'qr',
  1 => 'code',
) ]
[ info ] [ LOG ] INIT File

---------------------------------------------------------------
[ 2018-03-11T18:31:21+08:00 ] 172.19.226.46 60.191.38.77 GET /
[ log ] 47.100.166.58:443/ [运行时间：0.020097s][吞吐率：49.76req/s] [内存消耗：1,978.84kb] [文件加载：48]
[ info ] [ LANG ] /home/wwwroot/www.yuanzigo.com/thinkphp/lang/zh-cn.php
[ info ] [ ROUTE ] array (
  'type' => 'module',
  'module' => 
  array (
    0 => '',
    1 => NULL,
    2 => NULL,
  ),
)
[ info ] [ HEADER ] array (
  'host' => '47.100.166.58:443',
  'user-agent' => 'Mozilla/5.0 (Macintosh; Intel Mac OS X 10.11; rv:47.0) Gecko/20100101 Firefox/47.0',
  'accept' => 'text/html,application/xhtml+xml,application/xml;q=0.9,*/*;q=0.8',
  'accept-encoding' => 'gzip',
  'connection' => 'keep-alive',
  'content-type' => '',
  'content-length' => '',
)
[ info ] [ PARAM ] array (
)
[ info ] [ LOG ] INIT File

---------------------------------------------------------------
[ 2018-03-11T20:47:20+08:00 ] 172.19.226.46 137.226.113.27 GET /
[ log ] www.yuanzigo.com/ [运行时间：0.018333s][吞吐率：54.55req/s] [内存消耗：1,978.49kb] [文件加载：48]
[ info ] [ LANG ] /home/wwwroot/www.yuanzigo.com/thinkphp/lang/zh-cn.php
[ info ] [ ROUTE ] array (
  'type' => 'module',
  'module' => 
  array (
    0 => '',
    1 => NULL,
    2 => NULL,
  ),
)
[ info ] [ HEADER ] array (
  'host' => 'www.yuanzigo.com',
  'user-agent' => 'Mozilla/5.0 zgrab/0.x (compatible; Researchscan/t12ca; +http://researchscan.comsys.rwth-aachen.de)',
  'accept' => '*/*',
  'accept-encoding' => 'gzip',
  'content-type' => '',
  'content-length' => '',
)
[ info ] [ PARAM ] array (
)
[ info ] [ LOG ] INIT File

---------------------------------------------------------------
[ 2018-03-11T20:47:21+08:00 ] 172.19.226.46 137.226.113.27 GET /home/index/index
[ log ] 47.100.166.58:443/home/index/index [运行时间：0.325918s][吞吐率：3.07req/s] [内存消耗：3,439.08kb] [文件加载：92]
[ info ] [ LANG ] /home/wwwroot/www.yuanzigo.com/thinkphp/lang/zh-cn.php
[ info ] [ ROUTE ] array (
  'type' => 'module',
  'module' => 
  array (
    0 => 'home',
    1 => 'index',
    2 => 'index',
  ),
)
[ info ] [ HEADER ] array (
  'host' => '47.100.166.58:443',
  'user-agent' => 'Mozilla/5.0 zgrab/0.x (compatible; Researchscan/t12ca; +http://researchscan.comsys.rwth-aachen.de)',
  'accept' => '*/*',
  'referer' => 'https://47.100.166.58:443/',
  'accept-encoding' => 'gzip',
  'content-type' => '',
  'content-length' => '',
)
[ info ] [ PARAM ] array (
)
[ info ] [ RUN ] app\home\controller\Index->index[ /home/wwwroot/www.yuanzigo.com/application/home/controller/Index.php ]
[ info ] [ VIEW ] /home/wwwroot/www.yuanzigo.com/public/../application/home/view/index/index.html [ array (
  0 => 'qr',
  1 => 'code',
) ]
[ info ] [ LOG ] INIT File

---------------------------------------------------------------
[ 2018-03-11T20:50:37+08:00 ] 172.19.226.46 59.64.129.108 GET /
[ log ] www.yuanzigo.com/ [运行时间：0.019899s][吞吐率：50.25req/s] [内存消耗：1,978.67kb] [文件加载：48]
[ info ] [ LANG ] /home/wwwroot/www.yuanzigo.com/thinkphp/lang/zh-cn.php
[ info ] [ ROUTE ] array (
  'type' => 'module',
  'module' => 
  array (
    0 => '',
    1 => NULL,
    2 => NULL,
  ),
)
[ info ] [ HEADER ] array (
  'host' => 'www.yuanzigo.com',
  'user-agent' => 'Mozilla/5.0 (Windows NT 10.0; Win64; x64)',
  'accept-encoding' => 'gzip, deflate',
  'accept' => '*/*',
  'connection' => 'keep-alive',
  'content-type' => '',
  'content-length' => '',
)
[ info ] [ PARAM ] array (
)
[ info ] [ LOG ] INIT File

---------------------------------------------------------------
[ 2018-03-11T20:50:38+08:00 ] 172.19.226.46 59.64.129.108 GET /home/index/index
[ log ] www.yuanzigo.com/home/index/index [运行时间：0.215337s][吞吐率：4.64req/s] [内存消耗：3,438.18kb] [文件加载：92]
[ info ] [ LANG ] /home/wwwroot/www.yuanzigo.com/thinkphp/lang/zh-cn.php
[ info ] [ ROUTE ] array (
  'type' => 'module',
  'module' => 
  array (
    0 => 'home',
    1 => 'index',
    2 => 'index',
  ),
)
[ info ] [ HEADER ] array (
  'host' => 'www.yuanzigo.com',
  'user-agent' => 'Mozilla/5.0 (Windows NT 10.0; Win64; x64)',
  'accept-encoding' => 'gzip, deflate',
  'accept' => '*/*',
  'connection' => 'keep-alive',
  'content-type' => '',
  'content-length' => '',
)
[ info ] [ PARAM ] array (
)
[ info ] [ RUN ] app\home\controller\Index->index[ /home/wwwroot/www.yuanzigo.com/application/home/controller/Index.php ]
[ info ] [ VIEW ] /home/wwwroot/www.yuanzigo.com/public/../application/home/view/index/index.html [ array (
  0 => 'qr',
  1 => 'code',
) ]
[ info ] [ LOG ] INIT File

---------------------------------------------------------------
[ 2018-03-11T22:26:58+08:00 ] 172.19.226.46 184.105.139.70 GET /
[ log ] 47.100.166.58/ [运行时间：0.020045s][吞吐率：49.89req/s] [内存消耗：2,015.23kb] [文件加载：50]
[ info ] [ LANG ] /home/wwwroot/www.yuanzigo.com/thinkphp/lang/zh-cn.php
[ info ] [ ROUTE ] array (
  'type' => 'module',
  'module' => 
  array (
    0 => '',
    1 => NULL,
    2 => NULL,
  ),
)
[ info ] [ HEADER ] array (
  'host' => '47.100.166.58',
  'content-type' => '',
  'content-length' => '',
)
[ info ] [ PARAM ] array (
)
[ info ] [ LOG ] INIT File
[ error ] [8]未定义数组索引: HTTP_USER_AGENT[/home/wwwroot/www.yuanzigo.com/application/common.php:13]

---------------------------------------------------------------
[ 2018-03-11T23:03:45+08:00 ] 172.19.226.46 60.191.38.77 GET /
[ log ] 47.100.166.58:443/ [运行时间：0.019196s][吞吐率：52.09req/s] [内存消耗：1,978.84kb] [文件加载：48]
[ info ] [ LANG ] /home/wwwroot/www.yuanzigo.com/thinkphp/lang/zh-cn.php
[ info ] [ ROUTE ] array (
  'type' => 'module',
  'module' => 
  array (
    0 => '',
    1 => NULL,
    2 => NULL,
  ),
)
[ info ] [ HEADER ] array (
  'host' => '47.100.166.58:443',
  'user-agent' => 'Mozilla/5.0 (Macintosh; Intel Mac OS X 10.11; rv:47.0) Gecko/20100101 Firefox/47.0',
  'accept' => 'text/html,application/xhtml+xml,application/xml;q=0.9,*/*;q=0.8',
  'accept-encoding' => 'gzip',
  'connection' => 'keep-alive',
  'content-type' => '',
  'content-length' => '',
)
[ info ] [ PARAM ] array (
)
[ info ] [ LOG ] INIT File

---------------------------------------------------------------
