[ 2018-03-24T00:31:54+08:00 ] 172.19.226.46 123.125.71.117 GET /
[ log ] www.yuanzigo.com/ [运行时间：0.019484s][吞吐率：51.32req/s] [内存消耗：1,978.98kb] [文件加载：48]
[ info ] [ LANG ] /home/wwwroot/www.yuanzigo.com/thinkphp/lang/zh-cn.php
[ info ] [ ROUTE ] array (
  'type' => 'module',
  'module' => 
  array (
    0 => '',
    1 => NULL,
    2 => NULL,
  ),
)
[ info ] [ HEADER ] array (
  'host' => 'www.yuanzigo.com',
  'connection' => 'close',
  'user-agent' => 'Mozilla/5.0 (compatible; Baiduspider/2.0; +http://www.baidu.com/search/spider.html)',
  'accept-language' => 'zh-cn,zh-tw',
  'if-none-match' => '"@NULL@"',
  'accept-encoding' => 'gzip',
  'accept' => '*/*',
  'content-type' => '',
  'content-length' => '',
)
[ info ] [ PARAM ] array (
)
[ info ] [ LOG ] INIT File

---------------------------------------------------------------
[ 2018-03-24T00:31:55+08:00 ] 172.19.226.46 123.125.71.116 GET /home/index/index
[ log ] www.yuanzigo.com/home/index/index [运行时间：0.328424s][吞吐率：3.04req/s] [内存消耗：3,438.84kb] [文件加载：92]
[ info ] [ LANG ] /home/wwwroot/www.yuanzigo.com/thinkphp/lang/zh-cn.php
[ info ] [ ROUTE ] array (
  'type' => 'module',
  'module' => 
  array (
    0 => 'home',
    1 => 'index',
    2 => 'index',
  ),
)
[ info ] [ HEADER ] array (
  'host' => 'www.yuanzigo.com',
  'connection' => 'close',
  'user-agent' => 'Mozilla/5.0 (compatible; Baiduspider/2.0; +http://www.baidu.com/search/spider.html)',
  'accept-language' => 'zh-cn,zh-tw',
  'if-none-match' => '"@NULL@"',
  'accept-encoding' => 'gzip',
  'accept' => '*/*',
  'content-type' => '',
  'content-length' => '',
)
[ info ] [ PARAM ] array (
)
[ info ] [ RUN ] app\home\controller\Index->index[ /home/wwwroot/www.yuanzigo.com/application/home/controller/Index.php ]
[ info ] [ VIEW ] /home/wwwroot/www.yuanzigo.com/public/../application/home/view/index/index.html [ array (
  0 => 'qr',
  1 => 'code',
) ]
[ info ] [ LOG ] INIT File

---------------------------------------------------------------
[ 2018-03-24T02:03:23+08:00 ] 172.19.226.46 60.191.38.77 GET /
[ log ] 47.100.166.58:443/ [运行时间：0.018791s][吞吐率：53.22req/s] [内存消耗：1,978.84kb] [文件加载：48]
[ info ] [ LANG ] /home/wwwroot/www.yuanzigo.com/thinkphp/lang/zh-cn.php
[ info ] [ ROUTE ] array (
  'type' => 'module',
  'module' => 
  array (
    0 => '',
    1 => NULL,
    2 => NULL,
  ),
)
[ info ] [ HEADER ] array (
  'host' => '47.100.166.58:443',
  'user-agent' => 'Mozilla/5.0 (Macintosh; Intel Mac OS X 10.11; rv:47.0) Gecko/20100101 Firefox/47.0',
  'accept' => 'text/html,application/xhtml+xml,application/xml;q=0.9,*/*;q=0.8',
  'accept-encoding' => 'gzip',
  'connection' => 'keep-alive',
  'content-type' => '',
  'content-length' => '',
)
[ info ] [ PARAM ] array (
)
[ info ] [ LOG ] INIT File

---------------------------------------------------------------
[ 2018-03-24T02:08:49+08:00 ] 172.19.226.46 207.46.13.14 GET /
[ log ] www.yuanzichufa.com/ [运行时间：0.019652s][吞吐率：50.89req/s] [内存消耗：1,978.92kb] [文件加载：48]
[ info ] [ LANG ] /home/wwwroot/www.yuanzigo.com/thinkphp/lang/zh-cn.php
[ info ] [ ROUTE ] array (
  'type' => 'module',
  'module' => 
  array (
    0 => '',
    1 => NULL,
    2 => NULL,
  ),
)
[ info ] [ HEADER ] array (
  'cache-control' => 'no-cache',
  'connection' => 'Keep-Alive',
  'pragma' => 'no-cache',
  'accept' => '*/*',
  'accept-encoding' => 'gzip, deflate',
  'from' => 'bingbot(at)microsoft.com',
  'host' => 'www.yuanzichufa.com',
  'user-agent' => 'Mozilla/5.0 (compatible; bingbot/2.0; +http://www.bing.com/bingbot.htm)',
  'content-type' => '',
  'content-length' => '',
)
[ info ] [ PARAM ] array (
)
[ info ] [ LOG ] INIT File

---------------------------------------------------------------
[ 2018-03-24T02:56:46+08:00 ] 172.19.226.46 106.45.1.237 GET /
[ log ] 47.100.166.58:443/ [运行时间：0.021377s][吞吐率：46.78req/s] [内存消耗：2,015.20kb] [文件加载：50]
[ info ] [ LANG ] /home/wwwroot/www.yuanzigo.com/thinkphp/lang/zh-cn.php
[ info ] [ ROUTE ] array (
  'type' => 'module',
  'module' => 
  array (
    0 => '',
    1 => NULL,
    2 => NULL,
  ),
)
[ info ] [ HEADER ] array (
  'host' => '47.100.166.58:443',
  'content-type' => '',
  'content-length' => '',
)
[ info ] [ PARAM ] array (
)
[ info ] [ LOG ] INIT File
[ error ] [8]未定义数组索引: HTTP_USER_AGENT[/home/wwwroot/www.yuanzigo.com/application/common.php:13]

---------------------------------------------------------------
[ 2018-03-24T03:03:28+08:00 ] 172.19.226.46 203.208.60.175 GET /
[ log ] www.yuanzigo.com/ [运行时间：0.019039s][吞吐率：52.52req/s] [内存消耗：1,978.84kb] [文件加载：48]
[ info ] [ LANG ] /home/wwwroot/www.yuanzigo.com/thinkphp/lang/zh-cn.php
[ info ] [ ROUTE ] array (
  'type' => 'module',
  'module' => 
  array (
    0 => '',
    1 => NULL,
    2 => NULL,
  ),
)
[ info ] [ HEADER ] array (
  'host' => 'www.yuanzigo.com',
  'connection' => 'keep-alive',
  'accept' => 'text/html,application/xhtml+xml,application/xml;q=0.9,*/*;q=0.8',
  'from' => 'googlebot(at)googlebot.com',
  'user-agent' => 'Mozilla/5.0 (compatible; Googlebot/2.1; +http://www.google.com/bot.html)',
  'accept-encoding' => 'gzip,deflate,br',
  'content-type' => '',
  'content-length' => '',
)
[ info ] [ PARAM ] array (
)
[ info ] [ LOG ] INIT File

---------------------------------------------------------------
[ 2018-03-24T03:03:29+08:00 ] 172.19.226.46 203.208.60.175 GET /home/index/index
[ log ] www.yuanzigo.com/home/index/index [运行时间：0.276866s][吞吐率：3.61req/s] [内存消耗：3,438.80kb] [文件加载：92]
[ info ] [ LANG ] /home/wwwroot/www.yuanzigo.com/thinkphp/lang/zh-cn.php
[ info ] [ ROUTE ] array (
  'type' => 'module',
  'module' => 
  array (
    0 => 'home',
    1 => 'index',
    2 => 'index',
  ),
)
[ info ] [ HEADER ] array (
  'host' => 'www.yuanzigo.com',
  'connection' => 'keep-alive',
  'accept' => 'text/html,application/xhtml+xml,application/xml;q=0.9,*/*;q=0.8',
  'from' => 'googlebot(at)googlebot.com',
  'user-agent' => 'Mozilla/5.0 (compatible; Googlebot/2.1; +http://www.google.com/bot.html)',
  'accept-encoding' => 'gzip,deflate,br',
  'content-type' => '',
  'content-length' => '',
)
[ info ] [ PARAM ] array (
)
[ info ] [ RUN ] app\home\controller\Index->index[ /home/wwwroot/www.yuanzigo.com/application/home/controller/Index.php ]
[ info ] [ VIEW ] /home/wwwroot/www.yuanzigo.com/public/../application/home/view/index/index.html [ array (
  0 => 'qr',
  1 => 'code',
) ]
[ info ] [ LOG ] INIT File

---------------------------------------------------------------
[ 2018-03-24T03:23:07+08:00 ] 172.19.226.46 140.205.205.25 HEAD /
[ log ] www.yuanzichufa.com:443/ [运行时间：0.019503s][吞吐率：51.27req/s] [内存消耗：1,978.63kb] [文件加载：48]
[ info ] [ LANG ] /home/wwwroot/www.yuanzigo.com/thinkphp/lang/zh-cn.php
[ info ] [ ROUTE ] array (
  'type' => 'module',
  'module' => 
  array (
    0 => '',
    1 => NULL,
    2 => NULL,
  ),
)
[ info ] [ HEADER ] array (
  'host' => 'www.yuanzichufa.com:443',
  'user-agent' => 'Go-http-client/1.1',
  'connection' => 'close',
  'content-type' => '',
  'content-length' => '',
)
[ info ] [ PARAM ] array (
)
[ info ] [ LOG ] INIT File

---------------------------------------------------------------
[ 2018-03-24T03:23:07+08:00 ] 172.19.226.46 140.205.205.25 HEAD /
[ log ] www.yuanzigo.com:443/ [运行时间：0.019226s][吞吐率：52.01req/s] [内存消耗：1,978.37kb] [文件加载：48]
[ info ] [ LANG ] /home/wwwroot/www.yuanzigo.com/thinkphp/lang/zh-cn.php
[ info ] [ ROUTE ] array (
  'type' => 'module',
  'module' => 
  array (
    0 => '',
    1 => NULL,
    2 => NULL,
  ),
)
[ info ] [ HEADER ] array (
  'host' => 'www.yuanzigo.com:443',
  'user-agent' => 'Go-http-client/1.1',
  'connection' => 'close',
  'content-type' => '',
  'content-length' => '',
)
[ info ] [ PARAM ] array (
)
[ info ] [ LOG ] INIT File

---------------------------------------------------------------
[ 2018-03-24T04:36:34+08:00 ] 172.19.226.46 140.205.205.25 GET /
[ log ] www.yuanzigo.com/ [运行时间：0.019849s][吞吐率：50.38req/s] [内存消耗：1,978.62kb] [文件加载：48]
[ info ] [ LANG ] /home/wwwroot/www.yuanzigo.com/thinkphp/lang/zh-cn.php
[ info ] [ ROUTE ] array (
  'type' => 'module',
  'module' => 
  array (
    0 => '',
    1 => NULL,
    2 => NULL,
  ),
)
[ info ] [ HEADER ] array (
  'host' => 'www.yuanzigo.com',
  'accept-language' => 'en',
  'accept-encoding' => 'gzip,deflate',
  'accept' => 'text/html,application/xhtml+xml,application/xml;q=0.9,*/*;q=0.8',
  'user-agent' => 'Scrapy/1.5.0 (+https://scrapy.org)',
  'content-type' => '',
  'content-length' => '',
)
[ info ] [ PARAM ] array (
)
[ info ] [ LOG ] INIT File

---------------------------------------------------------------
[ 2018-03-24T04:36:34+08:00 ] 172.19.226.46 140.205.205.25 GET /home/index/index
[ log ] www.yuanzigo.com/home/index/index [运行时间：0.313681s][吞吐率：3.19req/s] [内存消耗：3,438.80kb] [文件加载：92]
[ info ] [ LANG ] /home/wwwroot/www.yuanzigo.com/thinkphp/lang/zh-cn.php
[ info ] [ ROUTE ] array (
  'type' => 'module',
  'module' => 
  array (
    0 => 'home',
    1 => 'index',
    2 => 'index',
  ),
)
[ info ] [ HEADER ] array (
  'host' => 'www.yuanzigo.com',
  'accept-language' => 'en',
  'accept-encoding' => 'gzip,deflate',
  'accept' => 'text/html,application/xhtml+xml,application/xml;q=0.9,*/*;q=0.8',
  'user-agent' => 'Scrapy/1.5.0 (+https://scrapy.org)',
  'content-type' => '',
  'content-length' => '',
)
[ info ] [ PARAM ] array (
)
[ info ] [ RUN ] app\home\controller\Index->index[ /home/wwwroot/www.yuanzigo.com/application/home/controller/Index.php ]
[ info ] [ VIEW ] /home/wwwroot/www.yuanzigo.com/public/../application/home/view/index/index.html [ array (
  0 => 'qr',
  1 => 'code',
) ]
[ info ] [ LOG ] INIT File

---------------------------------------------------------------
[ 2018-03-24T04:36:35+08:00 ] 172.19.226.46 140.205.205.25 GET /home/index/index
[ log ] www.yuanzigo.com/home/index/index [运行时间：0.291370s][吞吐率：3.43req/s] [内存消耗：3,438.62kb] [文件加载：92]
[ info ] [ LANG ] /home/wwwroot/www.yuanzigo.com/thinkphp/lang/zh-cn.php
[ info ] [ ROUTE ] array (
  'type' => 'module',
  'module' => 
  array (
    0 => 'home',
    1 => 'index',
    2 => 'index',
  ),
)
[ info ] [ HEADER ] array (
  'accept-language' => 'en',
  'accept-encoding' => 'gzip,deflate',
  'accept' => 'text/html,application/xhtml+xml,application/xml;q=0.9,*/*;q=0.8',
  'user-agent' => 'Scrapy/1.5.0 (+https://scrapy.org)',
  'host' => 'www.yuanzigo.com',
  'referer' => 'https://www.yuanzigo.com/home/index/index',
  'content-type' => '',
  'content-length' => '',
)
[ info ] [ PARAM ] array (
)
[ info ] [ RUN ] app\home\controller\Index->index[ /home/wwwroot/www.yuanzigo.com/application/home/controller/Index.php ]
[ info ] [ VIEW ] /home/wwwroot/www.yuanzigo.com/public/../application/home/view/index/index.html [ array (
  0 => 'qr',
  1 => 'code',
) ]
[ info ] [ LOG ] INIT File

---------------------------------------------------------------
[ 2018-03-24T07:08:20+08:00 ] 172.19.226.46 140.205.205.25 GET /
[ log ] www.yuanzichufa.com/ [运行时间：0.018497s][吞吐率：54.06req/s] [内存消耗：1,978.53kb] [文件加载：48]
[ info ] [ LANG ] /home/wwwroot/www.yuanzigo.com/thinkphp/lang/zh-cn.php
[ info ] [ ROUTE ] array (
  'type' => 'module',
  'module' => 
  array (
    0 => '',
    1 => NULL,
    2 => NULL,
  ),
)
[ info ] [ HEADER ] array (
  'host' => 'www.yuanzichufa.com',
  'accept-language' => 'en',
  'accept-encoding' => 'gzip,deflate',
  'accept' => 'text/html,application/xhtml+xml,application/xml;q=0.9,*/*;q=0.8',
  'user-agent' => 'Scrapy/1.5.0 (+https://scrapy.org)',
  'content-type' => '',
  'content-length' => '',
)
[ info ] [ PARAM ] array (
)
[ info ] [ LOG ] INIT File

---------------------------------------------------------------
[ 2018-03-24T07:08:20+08:00 ] 172.19.226.46 140.205.205.25 GET /home/index/index
[ log ] www.yuanzichufa.com/home/index/index [运行时间：0.425816s][吞吐率：2.35req/s] [内存消耗：3,438.88kb] [文件加载：92]
[ info ] [ LANG ] /home/wwwroot/www.yuanzigo.com/thinkphp/lang/zh-cn.php
[ info ] [ ROUTE ] array (
  'type' => 'module',
  'module' => 
  array (
    0 => 'home',
    1 => 'index',
    2 => 'index',
  ),
)
[ info ] [ HEADER ] array (
  'host' => 'www.yuanzichufa.com',
  'accept-language' => 'en',
  'accept-encoding' => 'gzip,deflate',
  'accept' => 'text/html,application/xhtml+xml,application/xml;q=0.9,*/*;q=0.8',
  'user-agent' => 'Scrapy/1.5.0 (+https://scrapy.org)',
  'content-type' => '',
  'content-length' => '',
)
[ info ] [ PARAM ] array (
)
[ info ] [ RUN ] app\home\controller\Index->index[ /home/wwwroot/www.yuanzigo.com/application/home/controller/Index.php ]
[ info ] [ VIEW ] /home/wwwroot/www.yuanzigo.com/public/../application/home/view/index/index.html [ array (
  0 => 'qr',
  1 => 'code',
) ]
[ info ] [ LOG ] INIT File

---------------------------------------------------------------
[ 2018-03-24T07:08:21+08:00 ] 172.19.226.46 140.205.205.23 GET /home/index/index
[ log ] www.yuanzichufa.com/home/index/index [运行时间：0.166810s][吞吐率：5.99req/s] [内存消耗：3,438.51kb] [文件加载：92]
[ info ] [ LANG ] /home/wwwroot/www.yuanzigo.com/thinkphp/lang/zh-cn.php
[ info ] [ ROUTE ] array (
  'type' => 'module',
  'module' => 
  array (
    0 => 'home',
    1 => 'index',
    2 => 'index',
  ),
)
[ info ] [ HEADER ] array (
  'accept-language' => 'en',
  'accept-encoding' => 'gzip,deflate',
  'accept' => 'text/html,application/xhtml+xml,application/xml;q=0.9,*/*;q=0.8',
  'user-agent' => 'Scrapy/1.5.0 (+https://scrapy.org)',
  'host' => 'www.yuanzichufa.com',
  'referer' => 'https://www.yuanzichufa.com/home/index/index',
  'content-type' => '',
  'content-length' => '',
)
[ info ] [ PARAM ] array (
)
[ info ] [ RUN ] app\home\controller\Index->index[ /home/wwwroot/www.yuanzigo.com/application/home/controller/Index.php ]
[ info ] [ VIEW ] /home/wwwroot/www.yuanzigo.com/public/../application/home/view/index/index.html [ array (
  0 => 'qr',
  1 => 'code',
) ]
[ info ] [ LOG ] INIT File

---------------------------------------------------------------
[ 2018-03-24T08:26:17+08:00 ] 172.19.226.46 202.108.211.56 GET /
[ log ] www.yuanzichufa.com/ [运行时间：0.019435s][吞吐率：51.45req/s] [内存消耗：1,979.51kb] [文件加载：48]
[ info ] [ LANG ] /home/wwwroot/www.yuanzigo.com/thinkphp/lang/zh-cn.php
[ info ] [ ROUTE ] array (
  'type' => 'module',
  'module' => 
  array (
    0 => '',
    1 => NULL,
    2 => NULL,
  ),
)
[ info ] [ HEADER ] array (
  'user-agent' => 'Mozilla/5.0 (X11; Linux x86_64) AppleWebKit/535.21 (KHTML, like Gecko) Chrome/19.0.1042.0 Safari/535.21',
  'accept' => 'text/html,application/xhtml+xml,application/xml;q=0.9,image/webp,*/*;q=0.8',
  'accept-encoding' => 'gzip, deflate, sdch',
  'accept-language' => 'zh-CN,zh;q=0.8,en-US;q=0.6,en;q=0.4',
  'cache-control' => 'no-cache',
  'pragma' => 'no-cache',
  'upgrade-insecure-requests' => '1',
  'host' => 'www.yuanzichufa.com',
  'connection' => 'keep-alive',
  'content-type' => '',
  'content-length' => '',
)
[ info ] [ PARAM ] array (
)
[ info ] [ LOG ] INIT File

---------------------------------------------------------------
[ 2018-03-24T08:26:17+08:00 ] 172.19.226.46 202.108.211.56 GET /home/index/index
[ log ] www.yuanzichufa.com/home/index/index [运行时间：0.216323s][吞吐率：4.62req/s] [内存消耗：3,438.81kb] [文件加载：92]
[ info ] [ LANG ] /home/wwwroot/www.yuanzigo.com/thinkphp/lang/zh-cn.php
[ info ] [ ROUTE ] array (
  'type' => 'module',
  'module' => 
  array (
    0 => 'home',
    1 => 'index',
    2 => 'index',
  ),
)
[ info ] [ HEADER ] array (
  'user-agent' => 'Mozilla/5.0 (X11; Linux x86_64) AppleWebKit/535.21 (KHTML, like Gecko) Chrome/19.0.1042.0 Safari/535.21',
  'accept' => 'text/html,application/xhtml+xml,application/xml;q=0.9,image/webp,*/*;q=0.8',
  'accept-encoding' => 'gzip, deflate, sdch',
  'accept-language' => 'zh-CN,zh;q=0.8,en-US;q=0.6,en;q=0.4',
  'cache-control' => 'no-cache',
  'pragma' => 'no-cache',
  'upgrade-insecure-requests' => '1',
  'host' => 'www.yuanzichufa.com',
  'connection' => 'keep-alive',
  'content-type' => '',
  'content-length' => '',
)
[ info ] [ PARAM ] array (
)
[ info ] [ RUN ] app\home\controller\Index->index[ /home/wwwroot/www.yuanzigo.com/application/home/controller/Index.php ]
[ info ] [ VIEW ] /home/wwwroot/www.yuanzigo.com/public/../application/home/view/index/index.html [ array (
  0 => 'qr',
  1 => 'code',
) ]
[ info ] [ LOG ] INIT File

---------------------------------------------------------------
[ 2018-03-24T08:27:24+08:00 ] 172.19.226.46 47.93.110.173 GET /home/index/index
[ log ] yuanzigo.com/home/index/index [运行时间：0.234468s][吞吐率：4.26req/s] [内存消耗：3,438.47kb] [文件加载：92]
[ info ] [ LANG ] /home/wwwroot/www.yuanzigo.com/thinkphp/lang/zh-cn.php
[ info ] [ ROUTE ] array (
  'type' => 'module',
  'module' => 
  array (
    0 => 'home',
    1 => 'index',
    2 => 'index',
  ),
)
[ info ] [ HEADER ] array (
  'user-agent' => 'Mozilla/5.0 (X11; Ubuntu; Linux x86_64; rv:36.0) Gecko/20100101 Firefox/36.0',
  'cache-control' => 'no-cache',
  'pragma' => 'no-cache',
  'host' => 'yuanzigo.com',
  'accept' => 'text/html, image/gif, image/jpeg, *; q=.2, */*; q=.2',
  'connection' => 'keep-alive',
  'content-type' => '',
  'content-length' => '',
)
[ info ] [ PARAM ] array (
)
[ info ] [ RUN ] app\home\controller\Index->index[ /home/wwwroot/www.yuanzigo.com/application/home/controller/Index.php ]
[ info ] [ VIEW ] /home/wwwroot/www.yuanzigo.com/public/../application/home/view/index/index.html [ array (
  0 => 'qr',
  1 => 'code',
) ]
[ info ] [ LOG ] INIT File

---------------------------------------------------------------
[ 2018-03-24T08:32:08+08:00 ] 172.19.226.46 220.181.108.97 GET /
[ log ] www.yuanzigo.com/ [运行时间：0.018838s][吞吐率：53.08req/s] [内存消耗：1,978.99kb] [文件加载：48]
[ info ] [ LANG ] /home/wwwroot/www.yuanzigo.com/thinkphp/lang/zh-cn.php
[ info ] [ ROUTE ] array (
  'type' => 'module',
  'module' => 
  array (
    0 => '',
    1 => NULL,
    2 => NULL,
  ),
)
[ info ] [ HEADER ] array (
  'host' => 'www.yuanzigo.com',
  'connection' => 'close',
  'user-agent' => 'Mozilla/5.0 (compatible; Baiduspider/2.0; +http://www.baidu.com/search/spider.html)',
  'accept-language' => 'zh-cn,zh-tw',
  'if-none-match' => '"@NULL@"',
  'accept-encoding' => 'gzip',
  'accept' => '*/*',
  'content-type' => '',
  'content-length' => '',
)
[ info ] [ PARAM ] array (
)
[ info ] [ LOG ] INIT File

---------------------------------------------------------------
[ 2018-03-24T08:32:08+08:00 ] 172.19.226.46 220.181.108.95 GET /home/index/index
[ log ] www.yuanzigo.com/home/index/index [运行时间：0.342694s][吞吐率：2.92req/s] [内存消耗：3,438.84kb] [文件加载：92]
[ info ] [ LANG ] /home/wwwroot/www.yuanzigo.com/thinkphp/lang/zh-cn.php
[ info ] [ ROUTE ] array (
  'type' => 'module',
  'module' => 
  array (
    0 => 'home',
    1 => 'index',
    2 => 'index',
  ),
)
[ info ] [ HEADER ] array (
  'host' => 'www.yuanzigo.com',
  'connection' => 'close',
  'user-agent' => 'Mozilla/5.0 (compatible; Baiduspider/2.0; +http://www.baidu.com/search/spider.html)',
  'accept-language' => 'zh-cn,zh-tw',
  'if-none-match' => '"@NULL@"',
  'accept-encoding' => 'gzip',
  'accept' => '*/*',
  'content-type' => '',
  'content-length' => '',
)
[ info ] [ PARAM ] array (
)
[ info ] [ RUN ] app\home\controller\Index->index[ /home/wwwroot/www.yuanzigo.com/application/home/controller/Index.php ]
[ info ] [ VIEW ] /home/wwwroot/www.yuanzigo.com/public/../application/home/view/index/index.html [ array (
  0 => 'qr',
  1 => 'code',
) ]
[ info ] [ LOG ] INIT File

---------------------------------------------------------------
[ 2018-03-24T09:54:45+08:00 ] 172.19.226.46 196.52.43.67 GET /
[ log ] yuanzigo.com/ [运行时间：0.019262s][吞吐率：51.92req/s] [内存消耗：1,978.02kb] [文件加载：48]
[ info ] [ LANG ] /home/wwwroot/www.yuanzigo.com/thinkphp/lang/zh-cn.php
[ info ] [ ROUTE ] array (
  'type' => 'module',
  'module' => 
  array (
    0 => '',
    1 => NULL,
    2 => NULL,
  ),
)
[ info ] [ HEADER ] array (
  'host' => 'yuanzigo.com',
  'user-agent' => 'Mozilla/5.0 (X11; Linux x86_64) AppleWebKit/537.36 (KHTML, like Gecko) Chrome/60.0.3112.90 Safari/537.36',
  'content-type' => '',
  'content-length' => '',
)
[ info ] [ PARAM ] array (
)
[ info ] [ LOG ] INIT File

---------------------------------------------------------------
[ 2018-03-24T09:54:46+08:00 ] 172.19.226.46 196.52.43.67 GET /home/index/index
[ log ] 47.100.166.58:443/home/index/index [运行时间：0.208793s][吞吐率：4.79req/s] [内存消耗：3,437.53kb] [文件加载：92]
[ info ] [ LANG ] /home/wwwroot/www.yuanzigo.com/thinkphp/lang/zh-cn.php
[ info ] [ ROUTE ] array (
  'type' => 'module',
  'module' => 
  array (
    0 => 'home',
    1 => 'index',
    2 => 'index',
  ),
)
[ info ] [ HEADER ] array (
  'host' => '47.100.166.58:443',
  'user-agent' => 'Go http package',
  'content-type' => '',
  'content-length' => '',
)
[ info ] [ PARAM ] array (
)
[ info ] [ RUN ] app\home\controller\Index->index[ /home/wwwroot/www.yuanzigo.com/application/home/controller/Index.php ]
[ info ] [ VIEW ] /home/wwwroot/www.yuanzigo.com/public/../application/home/view/index/index.html [ array (
  0 => 'qr',
  1 => 'code',
) ]
[ info ] [ LOG ] INIT File

---------------------------------------------------------------
[ 2018-03-24T10:06:08+08:00 ] 172.19.226.46 58.250.125.83 GET /
[ log ] www.yuanzigo.com/ [运行时间：0.019574s][吞吐率：51.09req/s] [内存消耗：1,978.71kb] [文件加载：48]
[ info ] [ LANG ] /home/wwwroot/www.yuanzigo.com/thinkphp/lang/zh-cn.php
[ info ] [ ROUTE ] array (
  'type' => 'module',
  'module' => 
  array (
    0 => '',
    1 => NULL,
    2 => NULL,
  ),
)
[ info ] [ HEADER ] array (
  'host' => 'www.yuanzigo.com',
  'accept' => '*/*',
  'accept-language' => 'zh-cn',
  'accept-encoding' => 'gzip,deflate',
  'user-agent' => 'Sogou web spider/4.0(+http://www.sogou.com/docs/help/webmasters.htm#07)',
  'connection' => 'close',
  'content-type' => '',
  'content-length' => '',
)
[ info ] [ PARAM ] array (
)
[ info ] [ LOG ] INIT File

---------------------------------------------------------------
[ 2018-03-24T10:07:12+08:00 ] 172.19.226.46 58.250.125.83 GET /home/index/index
[ log ] www.yuanzigo.com/home/index/index [运行时间：0.331514s][吞吐率：3.02req/s] [内存消耗：3,438.86kb] [文件加载：92]
[ info ] [ LANG ] /home/wwwroot/www.yuanzigo.com/thinkphp/lang/zh-cn.php
[ info ] [ ROUTE ] array (
  'type' => 'module',
  'module' => 
  array (
    0 => 'home',
    1 => 'index',
    2 => 'index',
  ),
)
[ info ] [ HEADER ] array (
  'host' => 'www.yuanzigo.com',
  'accept' => '*/*',
  'accept-language' => 'zh-cn',
  'accept-encoding' => 'gzip,deflate',
  'user-agent' => 'Sogou web spider/4.0(+http://www.sogou.com/docs/help/webmasters.htm#07)',
  'connection' => 'close',
  'content-type' => '',
  'content-length' => '',
)
[ info ] [ PARAM ] array (
)
[ info ] [ RUN ] app\home\controller\Index->index[ /home/wwwroot/www.yuanzigo.com/application/home/controller/Index.php ]
[ info ] [ VIEW ] /home/wwwroot/www.yuanzigo.com/public/../application/home/view/index/index.html [ array (
  0 => 'qr',
  1 => 'code',
) ]
[ info ] [ LOG ] INIT File

---------------------------------------------------------------
[ 2018-03-24T10:13:34+08:00 ] 172.19.226.46 60.191.38.77 GET /
[ log ] 47.100.166.58:443/ [运行时间：0.018492s][吞吐率：54.08req/s] [内存消耗：1,978.84kb] [文件加载：48]
[ info ] [ LANG ] /home/wwwroot/www.yuanzigo.com/thinkphp/lang/zh-cn.php
[ info ] [ ROUTE ] array (
  'type' => 'module',
  'module' => 
  array (
    0 => '',
    1 => NULL,
    2 => NULL,
  ),
)
[ info ] [ HEADER ] array (
  'host' => '47.100.166.58:443',
  'user-agent' => 'Mozilla/5.0 (Macintosh; Intel Mac OS X 10.11; rv:47.0) Gecko/20100101 Firefox/47.0',
  'accept' => 'text/html,application/xhtml+xml,application/xml;q=0.9,*/*;q=0.8',
  'accept-encoding' => 'gzip',
  'connection' => 'keep-alive',
  'content-type' => '',
  'content-length' => '',
)
[ info ] [ PARAM ] array (
)
[ info ] [ LOG ] INIT File

---------------------------------------------------------------
[ 2018-03-24T11:30:26+08:00 ] 172.19.226.46 107.170.196.195 GET /
[ log ] 47.100.166.58/ [运行时间：0.019193s][吞吐率：52.10req/s] [内存消耗：1,978.46kb] [文件加载：48]
[ info ] [ LANG ] /home/wwwroot/www.yuanzigo.com/thinkphp/lang/zh-cn.php
[ info ] [ ROUTE ] array (
  'type' => 'module',
  'module' => 
  array (
    0 => '',
    1 => NULL,
    2 => NULL,
  ),
)
[ info ] [ HEADER ] array (
  'host' => '47.100.166.58',
  'user-agent' => 'Mozilla/5.0 zgrab/0.x',
  'accept' => '*/*',
  'accept-encoding' => 'gzip',
  'content-type' => '',
  'content-length' => '',
)
[ info ] [ PARAM ] array (
)
[ info ] [ LOG ] INIT File

---------------------------------------------------------------
[ 2018-03-24T12:16:34+08:00 ] 172.19.226.46 123.126.113.189 GET /home/index/index
[ log ] www.yuanzigo.com/home/index/index [运行时间：0.332497s][吞吐率：3.01req/s] [内存消耗：3,438.92kb] [文件加载：92]
[ info ] [ LANG ] /home/wwwroot/www.yuanzigo.com/thinkphp/lang/zh-cn.php
[ info ] [ ROUTE ] array (
  'type' => 'module',
  'module' => 
  array (
    0 => 'home',
    1 => 'index',
    2 => 'index',
  ),
)
[ info ] [ HEADER ] array (
  'host' => 'www.yuanzigo.com',
  'accept' => '*/*',
  'accept-language' => 'zh-cn',
  'accept-encoding' => 'gzip,deflate',
  'user-agent' => 'Sogou web spider/4.0(+http://www.sogou.com/docs/help/webmasters.htm#07)',
  'connection' => 'close',
  'if-modified-since' => 'Wed, 07 Feb 2018 12:03:05 GMT',
  'content-type' => '',
  'content-length' => '',
)
[ info ] [ PARAM ] array (
)
[ info ] [ RUN ] app\home\controller\Index->index[ /home/wwwroot/www.yuanzigo.com/application/home/controller/Index.php ]
[ info ] [ VIEW ] /home/wwwroot/www.yuanzigo.com/public/../application/home/view/index/index.html [ array (
  0 => 'qr',
  1 => 'code',
) ]
[ info ] [ LOG ] INIT File

---------------------------------------------------------------
[ 2018-03-24T12:59:09+08:00 ] 172.19.226.46 60.191.38.77 GET /
[ log ] 47.100.166.58:443/ [运行时间：0.018273s][吞吐率：54.73req/s] [内存消耗：1,978.84kb] [文件加载：48]
[ info ] [ LANG ] /home/wwwroot/www.yuanzigo.com/thinkphp/lang/zh-cn.php
[ info ] [ ROUTE ] array (
  'type' => 'module',
  'module' => 
  array (
    0 => '',
    1 => NULL,
    2 => NULL,
  ),
)
[ info ] [ HEADER ] array (
  'host' => '47.100.166.58:443',
  'user-agent' => 'Mozilla/5.0 (Macintosh; Intel Mac OS X 10.11; rv:47.0) Gecko/20100101 Firefox/47.0',
  'accept' => 'text/html,application/xhtml+xml,application/xml;q=0.9,*/*;q=0.8',
  'accept-encoding' => 'gzip',
  'connection' => 'keep-alive',
  'content-type' => '',
  'content-length' => '',
)
[ info ] [ PARAM ] array (
)
[ info ] [ LOG ] INIT File

---------------------------------------------------------------
[ 2018-03-24T13:29:32+08:00 ] 172.19.226.46 117.146.128.196 GET /index/user/money/act/2
[ log ] www.yuanzigo.com/index/user/money/act/2 [运行时间：0.019465s][吞吐率：51.37req/s] [内存消耗：2,075.20kb] [文件加载：49]
[ info ] [ LANG ] /home/wwwroot/www.yuanzigo.com/thinkphp/lang/zh-cn.php
[ info ] [ ROUTE ] array (
  'type' => 'module',
  'module' => 
  array (
    0 => 'index',
    1 => 'user',
    2 => 'money',
  ),
)
[ info ] [ HEADER ] array (
  'host' => 'www.yuanzigo.com',
  'upgrade-insecure-requests' => '1',
  'accept' => 'text/html,application/xhtml+xml,application/xml;q=0.9,*/*;q=0.8',
  'user-agent' => 'Mozilla/5.0 (iPhone; CPU iPhone OS 11_2_6 like Mac OS X) AppleWebKit/604.5.6 (KHTML, like Gecko) Mobile/15D100 MicroMessenger/6.6.5 NetType/WIFI Language/zh_CN',
  'accept-language' => 'zh-cn',
  'accept-encoding' => 'gzip, deflate',
  'connection' => 'keep-alive',
  'content-type' => '',
  'content-length' => '',
)
[ info ] [ PARAM ] array (
  'act' => '2',
)
[ info ] [ LOG ] INIT File

---------------------------------------------------------------
[ 2018-03-24T13:29:32+08:00 ] 172.19.226.46 117.146.128.196 GET /index/passport/login
[ log ] www.yuanzigo.com/index/passport/login [运行时间：0.062337s][吞吐率：16.04req/s] [内存消耗：1,964.47kb] [文件加载：47]
[ info ] [ LANG ] /home/wwwroot/www.yuanzigo.com/thinkphp/lang/zh-cn.php
[ info ] [ ROUTE ] array (
  'type' => 'module',
  'module' => 
  array (
    0 => 'index',
    1 => 'passport',
    2 => 'login',
  ),
)
[ info ] [ HEADER ] array (
  'host' => 'www.yuanzigo.com',
  'accept' => 'text/html,application/xhtml+xml,application/xml;q=0.9,*/*;q=0.8',
  'upgrade-insecure-requests' => '1',
  'cookie' => 'jumpurl=http%3A%2F%2Fwww.yuanzigo.com%2Findex%2Fuser%2Fmoney%2Fact%2F2',
  'user-agent' => 'Mozilla/5.0 (iPhone; CPU iPhone OS 11_2_6 like Mac OS X) AppleWebKit/604.5.6 (KHTML, like Gecko) Mobile/15D100 MicroMessenger/6.6.5 NetType/WIFI Language/zh_CN',
  'accept-language' => 'zh-cn',
  'accept-encoding' => 'gzip, deflate',
  'connection' => 'keep-alive',
  'content-type' => '',
  'content-length' => '',
)
[ info ] [ PARAM ] array (
)
[ info ] [ RUN ] app\index\controller\Passport->login[ /home/wwwroot/www.yuanzigo.com/application/index/controller/Passport.php ]
[ info ] [ LOG ] INIT File

---------------------------------------------------------------
[ 2018-03-24T13:29:33+08:00 ] 172.19.226.46 117.146.128.196 GET /index/passport/login?code=071KNn9F00EfGj2uKs5F08Pv9F0KNn9q&state=STATE
[ log ] www.yuanzigo.com/index/passport/login?code=071KNn9F00EfGj2uKs5F08Pv9F0KNn9q&state=STATE [运行时间：0.302283s][吞吐率：3.31req/s] [内存消耗：3,058.23kb] [文件加载：59]
[ info ] [ LANG ] /home/wwwroot/www.yuanzigo.com/thinkphp/lang/zh-cn.php
[ info ] [ ROUTE ] array (
  'type' => 'module',
  'module' => 
  array (
    0 => 'index',
    1 => 'passport',
    2 => 'login',
  ),
)
[ info ] [ HEADER ] array (
  'host' => 'www.yuanzigo.com',
  'accept' => 'text/html,application/xhtml+xml,application/xml;q=0.9,*/*;q=0.8',
  'upgrade-insecure-requests' => '1',
  'cookie' => 'jumpurl=http%3A%2F%2Fwww.yuanzigo.com%2Findex%2Fuser%2Fmoney%2Fact%2F2',
  'user-agent' => 'Mozilla/5.0 (iPhone; CPU iPhone OS 11_2_6 like Mac OS X) AppleWebKit/604.5.6 (KHTML, like Gecko) Mobile/15D100 MicroMessenger/6.6.5 NetType/WIFI Language/zh_CN',
  'accept-language' => 'zh-cn',
  'accept-encoding' => 'gzip, deflate',
  'connection' => 'keep-alive',
  'content-type' => '',
  'content-length' => '',
)
[ info ] [ PARAM ] array (
  'code' => '071KNn9F00EfGj2uKs5F08Pv9F0KNn9q',
  'state' => 'STATE',
)
[ info ] [ RUN ] app\index\controller\Passport->login[ /home/wwwroot/www.yuanzigo.com/application/index/controller/Passport.php ]
[ info ] [ DB ] INIT mysql
[ info ] [ LOG ] INIT File
[ sql ] [ DB ] CONNECT:[ UseTime:0.000432s ] mysql:dbname=yuanzi;host=127.0.0.1;charset=utf8
[ sql ] [ SQL ] SHOW COLUMNS FROM `aman_talent` [ RunTime:0.035942s ]
[ sql ] [ SQL ] SELECT * FROM `aman_talent` WHERE  `openid` = 'omP8Nws2w8V7ChFqNjSFOv_3cpGo' LIMIT 1 [ RunTime:0.000825s ]

---------------------------------------------------------------
[ 2018-03-24T13:29:34+08:00 ] 172.19.226.46 117.146.128.196 GET /index/user/money/act/2
[ log ] www.yuanzigo.com/index/user/money/act/2 [运行时间：0.238301s][吞吐率：4.20req/s] [内存消耗：3,630.77kb] [文件加载：64]
[ info ] [ LANG ] /home/wwwroot/www.yuanzigo.com/thinkphp/lang/zh-cn.php
[ info ] [ ROUTE ] array (
  'type' => 'module',
  'module' => 
  array (
    0 => 'index',
    1 => 'user',
    2 => 'money',
  ),
)
[ info ] [ HEADER ] array (
  'host' => 'www.yuanzigo.com',
  'accept' => 'text/html,application/xhtml+xml,application/xml;q=0.9,*/*;q=0.8',
  'upgrade-insecure-requests' => '1',
  'cookie' => 'userinfo=think%3A%7B%22id%22%3A%22103%22%2C%22group%22%3A0%2C%22shopname%22%3A%22%25E6%2596%25B0%25E7%2596%2586%25E8%2587%25AA%25E9%25A9%25BE%25E6%2597%2585%25E6%25B8%25B8%25E5%258D%258F%25E4%25BC%259A%22%2C%22shoplogo%22%3Anull%2C%22phone%22%3A%2215199173615%22%2C%22openid%22%3A%22omP8Nws2w8V7ChFqNjSFOv_3cpGo%22%2C%22nickname%22%3A%22%25E4%25BF%259E%25E9%259D%2599%22%2C%22password%22%3A%220%22%2C%22headimgurl%22%3A%22http%253A%252F%252Fwx.qlogo.cn%252Fmmopen%252Fvi_32%252FDYAIOgq83eoibeD7Rnic0pXOb7o56QoUtvvFqqFTiaf08w9Ziakt3OfNeraUgQvHo1UG1YTDBtHbey2uLFkjK6mJAg%252F0%22%2C%22city%22%3A%22%25E4%25B9%258C%25E9%25B2%2581%25E6%259C%25A8%25E9%25BD%2590%25E5%25B8%2582%22%2C%22sex%22%3A0%2C%22invite%22%3A%223%22%2C%22element_fee%22%3A%220.03%22%2C%22event_fee%22%3A0%2C%22url%22%3A%22https%253A%252F%252Fw.url.cn%252Fs%252FAKrgVXY%22%2C%22verify%22%3A%221%22%2C%22ctime%22%3A%221506324163%22%7D; jumpurl=http%3A%2F%2Fwww.yuanzigo.com%2Findex%2Fuser%2Fmoney%2Fact%2F2',
  'user-agent' => 'Mozilla/5.0 (iPhone; CPU iPhone OS 11_2_6 like Mac OS X) AppleWebKit/604.5.6 (KHTML, like Gecko) Mobile/15D100 MicroMessenger/6.6.5 NetType/WIFI Language/zh_CN',
  'accept-language' => 'zh-cn',
  'accept-encoding' => 'gzip, deflate',
  'connection' => 'keep-alive',
  'content-type' => '',
  'content-length' => '',
)
[ info ] [ PARAM ] array (
  'act' => '2',
)
[ info ] [ DB ] INIT mysql
[ info ] [ DB ] INIT mysql
[ info ] [ DB ] INIT mysql
[ info ] [ RUN ] app\index\controller\User->money[ /home/wwwroot/www.yuanzigo.com/application/index/controller/User.php ]
[ info ] [ DB ] INIT mysql
[ info ] [ DB ] INIT mysql
[ info ] [ VIEW ] /home/wwwroot/www.yuanzigo.com/public/../application/index/view/user/money.html [ array (
  0 => 'signPackage',
  1 => 'menuinfo',
  2 => 'shareinfo',
  3 => 'userinfo',
  4 => 'page_title',
  5 => 'element',
  6 => 'event',
) ]
[ info ] [ LOG ] INIT File
[ sql ] [ DB ] CONNECT:[ UseTime:0.000517s ] mysql:dbname=yuanzi;host=127.0.0.1;charset=utf8
[ sql ] [ SQL ] SHOW COLUMNS FROM `aman_talent` [ RunTime:0.000888s ]
[ sql ] [ SQL ] SELECT * FROM `aman_talent` WHERE  `openid` = 'omP8Nws2w8V7ChFqNjSFOv_3cpGo' LIMIT 1 [ RunTime:0.000460s ]
[ sql ] [ DB ] CONNECT:[ UseTime:0.000427s ] mysql:dbname=yuanzi;host=127.0.0.1;charset=utf8
[ sql ] [ SQL ] SHOW COLUMNS FROM `aman_access_log` [ RunTime:0.052071s ]
[ sql ] [ SQL ] SELECT * FROM `aman_access_log` WHERE  `visitor` = 'omP8Nws2w8V7ChFqNjSFOv_3cpGo'  AND `module` = 'index'  AND `controller` = 'User'  AND `action` = 'money'  AND `ip` = '117.146.128.196'  AND `ip_prov` = '新疆'  AND `ip_city` = '乌鲁木齐' LIMIT 1 [ RunTime:0.005143s ]
[ sql ] [ DB ] CONNECT:[ UseTime:0.000449s ] mysql:dbname=yuanzi;host=127.0.0.1;charset=utf8
[ sql ] [ SQL ] INSERT INTO `aman_access_log` (`visitor` , `module` , `controller` , `action` , `ip` , `ip_prov` , `ip_city` , `ctime`) VALUES ('omP8Nws2w8V7ChFqNjSFOv_3cpGo' , 'index' , 'User' , 'money' , '117.146.128.196' , '新疆' , '乌鲁木齐' , 1521869374) [ RunTime:0.004375s ]
[ sql ] [ DB ] CONNECT:[ UseTime:0.000458s ] mysql:dbname=yuanzi;host=127.0.0.1;charset=utf8
[ sql ] [ SQL ] SHOW COLUMNS FROM `aman_commission` [ RunTime:0.002023s ]
[ sql ] [ SQL ] SELECT c.id as cid,c.order_id as oid,`c`.`commission`,`c`.`fee`,`c`.`element`,`c`.`status`,o.ctime as otime,o.price as oprice,`o`.`pay_total`,`o`.`trade` FROM aman_commission c INNER JOIN `aman_orderinfo` `o` ON `o`.`id`=`c`.`order_id` WHERE  `c`.`talent` = '103'  AND `c`.`cate` = 1  AND `c`.`status` IN ('1','2') ORDER BY otime desc [ RunTime:0.001954s ]
[ sql ] [ DB ] CONNECT:[ UseTime:0.000381s ] mysql:dbname=yuanzi;host=127.0.0.1;charset=utf8
[ sql ] [ SQL ] SELECT c.id as cid,c.order_id as oid,`c`.`commission`,`c`.`fee`,`c`.`element`,`c`.`status`,o.ctime as otime,o.price as oprice,`o`.`pay_total`,`o`.`trade` FROM aman_commission c INNER JOIN `aman_orderinfo` `o` ON `o`.`id`=`c`.`order_id` WHERE  `c`.`talent` = '103'  AND `c`.`cate` = 2  AND `c`.`status` IN ('1','2') ORDER BY otime desc [ RunTime:0.000752s ]

---------------------------------------------------------------
[ 2018-03-24T13:29:38+08:00 ] 172.19.226.46 117.146.128.196 GET /index/element/index
[ log ] www.yuanzigo.com/index/element/index [运行时间：0.102014s][吞吐率：9.80req/s] [内存消耗：3,485.55kb] [文件加载：64]
[ info ] [ LANG ] /home/wwwroot/www.yuanzigo.com/thinkphp/lang/zh-cn.php
[ info ] [ ROUTE ] array (
  'type' => 'module',
  'module' => 
  array (
    0 => 'index',
    1 => 'element',
    2 => 'index',
  ),
)
[ info ] [ HEADER ] array (
  'host' => 'www.yuanzigo.com',
  'cookie' => 'ipinfo=think%3A%7B%22country%22%3A%22%25E4%25B8%25AD%25E5%259B%25BD%22%2C%22prov%22%3A%22%25E6%2596%25B0%25E7%2596%2586%22%2C%22city%22%3A%22%25E4%25B9%258C%25E9%25B2%2581%25E6%259C%25A8%25E9%25BD%2590%22%2C%22city_id%22%3A%22650100%22%2C%22isp%22%3A%22%25E7%25A7%25BB%25E5%258A%25A8%22%2C%22ip%22%3A%22117.146.128.196%22%7D; jumpurl=http%3A%2F%2Fwww.yuanzigo.com%2Findex%2Fuser%2Fmoney%2Fact%2F2; userinfo=think%3A%7B%22id%22%3A%22103%22%2C%22group%22%3A0%2C%22shopname%22%3A%22%25E6%2596%25B0%25E7%2596%2586%25E8%2587%25AA%25E9%25A9%25BE%25E6%2597%2585%25E6%25B8%25B8%25E5%258D%258F%25E4%25BC%259A%22%2C%22shoplogo%22%3Anull%2C%22phone%22%3A%2215199173615%22%2C%22openid%22%3A%22omP8Nws2w8V7ChFqNjSFOv_3cpGo%22%2C%22nickname%22%3A%22%25E4%25BF%259E%25E9%259D%2599%22%2C%22password%22%3A%220%22%2C%22headimgurl%22%3A%22http%253A%252F%252Fwx.qlogo.cn%252Fmmopen%252Fvi_32%252FDYAIOgq83eoibeD7Rnic0pXOb7o56QoUtvvFqqFTiaf08w9Ziakt3OfNeraUgQvHo1UG1YTDBtHbey2uLFkjK6mJAg%252F0%22%2C%22city%22%3A%22%25E4%25B9%258C%25E9%25B2%2581%25E6%259C%25A8%25E9%25BD%2590%25E5%25B8%2582%22%2C%22sex%22%3A0%2C%22invite%22%3A%223%22%2C%22element_fee%22%3A%220.03%22%2C%22event_fee%22%3A0%2C%22url%22%3A%22https%253A%252F%252Fw.url.cn%252Fs%252FAKrgVXY%22%2C%22verify%22%3A%221%22%2C%22ctime%22%3A%221506324163%22%7D',
  'connection' => 'keep-alive',
  'upgrade-insecure-requests' => '1',
  'accept' => 'text/html,application/xhtml+xml,application/xml;q=0.9,*/*;q=0.8',
  'user-agent' => 'Mozilla/5.0 (iPhone; CPU iPhone OS 11_2_6 like Mac OS X) AppleWebKit/604.5.6 (KHTML, like Gecko) Mobile/15D100 MicroMessenger/6.6.5 NetType/WIFI Language/zh_CN',
  'referer' => 'http://www.yuanzigo.com/index/user/money/act/2',
  'accept-language' => 'zh-cn',
  'accept-encoding' => 'gzip, deflate',
  'content-type' => '',
  'content-length' => '',
)
[ info ] [ PARAM ] array (
)
[ info ] [ DB ] INIT mysql
[ info ] [ DB ] INIT mysql
[ info ] [ DB ] INIT mysql
[ info ] [ RUN ] app\index\controller\Element->index[ /home/wwwroot/www.yuanzigo.com/application/index/controller/Element.php ]
[ info ] [ DB ] INIT mysql
[ info ] [ DB ] INIT mysql
[ info ] [ LOG ] INIT File
[ sql ] [ DB ] CONNECT:[ UseTime:0.000527s ] mysql:dbname=yuanzi;host=127.0.0.1;charset=utf8
[ sql ] [ SQL ] SHOW COLUMNS FROM `aman_talent` [ RunTime:0.000847s ]
[ sql ] [ SQL ] SELECT * FROM `aman_talent` WHERE  `openid` = 'omP8Nws2w8V7ChFqNjSFOv_3cpGo' LIMIT 1 [ RunTime:0.000450s ]
[ sql ] [ DB ] CONNECT:[ UseTime:0.000530s ] mysql:dbname=yuanzi;host=127.0.0.1;charset=utf8
[ sql ] [ SQL ] SHOW COLUMNS FROM `aman_access_log` [ RunTime:0.000796s ]
[ sql ] [ SQL ] SELECT * FROM `aman_access_log` WHERE  `visitor` = 'omP8Nws2w8V7ChFqNjSFOv_3cpGo'  AND `module` = 'index'  AND `controller` = 'Element'  AND `action` = 'index'  AND `ip` = '117.146.128.196'  AND `ip_prov` = '新疆'  AND `ip_city` = '乌鲁木齐' LIMIT 1 [ RunTime:0.003027s ]
[ sql ] [ DB ] CONNECT:[ UseTime:0.000369s ] mysql:dbname=yuanzi;host=127.0.0.1;charset=utf8
[ sql ] [ SQL ] INSERT INTO `aman_access_log` (`visitor` , `module` , `controller` , `action` , `ip` , `ip_prov` , `ip_city` , `ctime`) VALUES ('omP8Nws2w8V7ChFqNjSFOv_3cpGo' , 'index' , 'Element' , 'index' , '117.146.128.196' , '新疆' , '乌鲁木齐' , 1521869378) [ RunTime:0.003836s ]
[ sql ] [ DB ] CONNECT:[ UseTime:0.000385s ] mysql:dbname=yuanzi;host=127.0.0.1;charset=utf8
[ sql ] [ SQL ] SELECT * FROM `aman_talent` WHERE  `openid` = 'omP8Nws2w8V7ChFqNjSFOv_3cpGo' LIMIT 1 [ RunTime:0.000496s ]
[ sql ] [ DB ] CONNECT:[ UseTime:0.000316s ] mysql:dbname=yuanzi;host=127.0.0.1;charset=utf8
[ sql ] [ SQL ] SHOW COLUMNS FROM `aman_event_date` [ RunTime:0.002480s ]
[ error ] [10501]SQLSTATE[42000]: Syntax error or access violation: 1055 Expression #1 of SELECT list is not in GROUP BY clause and contains nonaggregated column 'yuanzi.d.id' which is not functionally dependent on columns in GROUP BY clause; this is incompatible with sql_mode=only_full_group_by[/home/wwwroot/www.yuanzigo.com/thinkphp/library/think/db/Connection.php:383]

---------------------------------------------------------------
[ 2018-03-24T13:29:42+08:00 ] 172.19.226.46 117.146.128.196 GET /index/user/money/act/2
[ log ] www.yuanzigo.com/index/user/money/act/2 [运行时间：0.044786s][吞吐率：22.33req/s] [内存消耗：3,424.67kb] [文件加载：62]
[ info ] [ LANG ] /home/wwwroot/www.yuanzigo.com/thinkphp/lang/zh-cn.php
[ info ] [ ROUTE ] array (
  'type' => 'module',
  'module' => 
  array (
    0 => 'index',
    1 => 'user',
    2 => 'money',
  ),
)
[ info ] [ HEADER ] array (
  'host' => 'www.yuanzigo.com',
  'accept' => 'text/html,application/xhtml+xml,application/xml;q=0.9,*/*;q=0.8',
  'upgrade-insecure-requests' => '1',
  'cookie' => 'jumpurl=http%3A%2F%2Fwww.yuanzigo.com%2Findex%2Felement%2Findex; userinfo=think%3A%7B%22id%22%3A%22103%22%2C%22group%22%3A0%2C%22shopname%22%3A%22%25E6%2596%25B0%25E7%2596%2586%25E8%2587%25AA%25E9%25A9%25BE%25E6%2597%2585%25E6%25B8%25B8%25E5%258D%258F%25E4%25BC%259A%22%2C%22shoplogo%22%3Anull%2C%22phone%22%3A%2215199173615%22%2C%22openid%22%3A%22omP8Nws2w8V7ChFqNjSFOv_3cpGo%22%2C%22nickname%22%3A%22%25E4%25BF%259E%25E9%259D%2599%22%2C%22password%22%3A%220%22%2C%22headimgurl%22%3A%22http%253A%252F%252Fwx.qlogo.cn%252Fmmopen%252Fvi_32%252FDYAIOgq83eoibeD7Rnic0pXOb7o56QoUtvvFqqFTiaf08w9Ziakt3OfNeraUgQvHo1UG1YTDBtHbey2uLFkjK6mJAg%252F0%22%2C%22city%22%3A%22%25E4%25B9%258C%25E9%25B2%2581%25E6%259C%25A8%25E9%25BD%2590%25E5%25B8%2582%22%2C%22sex%22%3A0%2C%22invite%22%3A%223%22%2C%22element_fee%22%3A%220.03%22%2C%22event_fee%22%3A0%2C%22url%22%3A%22https%253A%252F%252Fw.url.cn%252Fs%252FAKrgVXY%22%2C%22verify%22%3A%221%22%2C%22ctime%22%3A%221506324163%22%7D; usreinfo=think%3A%7B%22id%22%3A%22103%22%2C%22group%22%3A0%2C%22shopname%22%3A%22%25E6%2596%25B0%25E7%2596%2586%25E8%2587%25AA%25E9%25A9%25BE%25E6%2597%2585%25E6%25B8%25B8%25E5%258D%258F%25E4%25BC%259A%22%2C%22shoplogo%22%3Anull%2C%22phone%22%3A%2215199173615%22%2C%22openid%22%3A%22omP8Nws2w8V7ChFqNjSFOv_3cpGo%22%2C%22nickname%22%3A%22%25E4%25BF%259E%25E9%259D%2599%22%2C%22password%22%3A%220%22%2C%22headimgurl%22%3A%22http%253A%252F%252Fwx.qlogo.cn%252Fmmopen%252Fvi_32%252FDYAIOgq83eoibeD7Rnic0pXOb7o56QoUtvvFqqFTiaf08w9Ziakt3OfNeraUgQvHo1UG1YTDBtHbey2uLFkjK6mJAg%252F0%22%2C%22city%22%3A%22%25E4%25B9%258C%25E9%25B2%2581%25E6%259C%25A8%25E9%25BD%2590%25E5%25B8%2582%22%2C%22sex%22%3A0%2C%22invite%22%3A%223%22%2C%22element_fee%22%3A%220.03%22%2C%22event_fee%22%3A0%2C%22url%22%3A%22https%253A%252F%252Fw.url.cn%252Fs%252FAKrgVXY%22%2C%22verify%22%3A%221%22%2C%22ctime%22%3A%221506324163%22%7D; ipinfo=think%3A%7B%22country%22%3A%22%25E4%25B8%25AD%25E5%259B%25BD%22%2C%22prov%22%3A%22%25E6%2596%25B0%25E7%2596%2586%22%2C%22city%22%3A%22%25E4%25B9%258C%25E9%25B2%2581%25E6%259C%25A8%25E9%25BD%2590%22%2C%22city_id%22%3A%22650100%22%2C%22isp%22%3A%22%25E7%25A7%25BB%25E5%258A%25A8%22%2C%22ip%22%3A%22117.146.128.196%22%7D',
  'user-agent' => 'Mozilla/5.0 (iPhone; CPU iPhone OS 11_2_6 like Mac OS X) AppleWebKit/604.5.6 (KHTML, like Gecko) Mobile/15D100 MicroMessenger/6.6.5 NetType/WIFI Language/zh_CN',
  'accept-language' => 'zh-cn',
  'accept-encoding' => 'gzip, deflate',
  'connection' => 'keep-alive',
  'content-type' => '',
  'content-length' => '',
)
[ info ] [ PARAM ] array (
  'act' => '2',
)
[ info ] [ DB ] INIT mysql
[ info ] [ DB ] INIT mysql
[ info ] [ DB ] INIT mysql
[ info ] [ RUN ] app\index\controller\User->money[ /home/wwwroot/www.yuanzigo.com/application/index/controller/User.php ]
[ info ] [ DB ] INIT mysql
[ info ] [ DB ] INIT mysql
[ info ] [ VIEW ] /home/wwwroot/www.yuanzigo.com/public/../application/index/view/user/money.html [ array (
  0 => 'signPackage',
  1 => 'menuinfo',
  2 => 'shareinfo',
  3 => 'userinfo',
  4 => 'page_title',
  5 => 'element',
  6 => 'event',
) ]
[ info ] [ LOG ] INIT File
[ sql ] [ DB ] CONNECT:[ UseTime:0.000461s ] mysql:dbname=yuanzi;host=127.0.0.1;charset=utf8
[ sql ] [ SQL ] SHOW COLUMNS FROM `aman_talent` [ RunTime:0.000804s ]
[ sql ] [ SQL ] SELECT * FROM `aman_talent` WHERE  `openid` = 'omP8Nws2w8V7ChFqNjSFOv_3cpGo' LIMIT 1 [ RunTime:0.000415s ]
[ sql ] [ DB ] CONNECT:[ UseTime:0.000397s ] mysql:dbname=yuanzi;host=127.0.0.1;charset=utf8
[ sql ] [ SQL ] SHOW COLUMNS FROM `aman_access_log` [ RunTime:0.000692s ]
[ sql ] [ SQL ] SELECT * FROM `aman_access_log` WHERE  `visitor` = 'omP8Nws2w8V7ChFqNjSFOv_3cpGo'  AND `module` = 'index'  AND `controller` = 'User'  AND `action` = 'money'  AND `ip` = '117.146.128.196'  AND `ip_prov` = '新疆'  AND `ip_city` = '乌鲁木齐' LIMIT 1 [ RunTime:0.003180s ]
[ sql ] [ DB ] CONNECT:[ UseTime:0.000304s ] mysql:dbname=yuanzi;host=127.0.0.1;charset=utf8
[ sql ] [ SQL ] UPDATE `aman_access_log`  SET `look`=look+1  WHERE  `id` = 4307 [ RunTime:0.003006s ]
[ sql ] [ DB ] CONNECT:[ UseTime:0.000407s ] mysql:dbname=yuanzi;host=127.0.0.1;charset=utf8
[ sql ] [ SQL ] SHOW COLUMNS FROM `aman_commission` [ RunTime:0.000724s ]
[ sql ] [ SQL ] SELECT c.id as cid,c.order_id as oid,`c`.`commission`,`c`.`fee`,`c`.`element`,`c`.`status`,o.ctime as otime,o.price as oprice,`o`.`pay_total`,`o`.`trade` FROM aman_commission c INNER JOIN `aman_orderinfo` `o` ON `o`.`id`=`c`.`order_id` WHERE  `c`.`talent` = '103'  AND `c`.`cate` = 1  AND `c`.`status` IN ('1','2') ORDER BY otime desc [ RunTime:0.000470s ]
[ sql ] [ DB ] CONNECT:[ UseTime:0.000328s ] mysql:dbname=yuanzi;host=127.0.0.1;charset=utf8
[ sql ] [ SQL ] SELECT c.id as cid,c.order_id as oid,`c`.`commission`,`c`.`fee`,`c`.`element`,`c`.`status`,o.ctime as otime,o.price as oprice,`o`.`pay_total`,`o`.`trade` FROM aman_commission c INNER JOIN `aman_orderinfo` `o` ON `o`.`id`=`c`.`order_id` WHERE  `c`.`talent` = '103'  AND `c`.`cate` = 2  AND `c`.`status` IN ('1','2') ORDER BY otime desc [ RunTime:0.000468s ]

---------------------------------------------------------------
[ 2018-03-24T13:30:32+08:00 ] 172.19.226.46 101.226.225.59 GET /index/passport/login
[ log ] www.yuanzigo.com/index/passport/login [运行时间：0.018925s][吞吐率：52.84req/s] [内存消耗：1,964.35kb] [文件加载：47]
[ info ] [ LANG ] /home/wwwroot/www.yuanzigo.com/thinkphp/lang/zh-cn.php
[ info ] [ ROUTE ] array (
  'type' => 'module',
  'module' => 
  array (
    0 => 'index',
    1 => 'passport',
    2 => 'login',
  ),
)
[ info ] [ HEADER ] array (
  'user-agent' => 'Mozilla/5.0 (Linux; Android 4.4.4; HUAWEI ALE-CL00 Build/HuaweiALE-CL00; wv) AppleWebKit/537.36 (KHTML, like Gecko) Version/4.0 Chrome/53.0.2785.49 Mobile MQQBrowser/6.2 TBS/043024 Safari/537.36 MicroMessenger/6.5.4.1000 NetType/4G Language/zh_CN',
  'accept' => '*/*',
  'accept-language' => 'zh-CN,zh;q=0.8,en-US;q=0.6,en;q=0.4',
  'host' => 'www.yuanzigo.com',
  'connection' => 'keep-alive',
  'content-type' => '',
  'content-length' => '',
)
[ info ] [ PARAM ] array (
)
[ info ] [ RUN ] app\index\controller\Passport->login[ /home/wwwroot/www.yuanzigo.com/application/index/controller/Passport.php ]
[ info ] [ LOG ] INIT File

---------------------------------------------------------------
[ 2018-03-24T13:30:38+08:00 ] 172.19.226.46 61.151.207.252 GET /index/element/index
[ log ] www.yuanzigo.com/index/element/index [运行时间：0.021151s][吞吐率：47.28req/s] [内存消耗：2,149.98kb] [文件加载：49]
[ info ] [ LANG ] /home/wwwroot/www.yuanzigo.com/thinkphp/lang/zh-cn.php
[ info ] [ ROUTE ] array (
  'type' => 'module',
  'module' => 
  array (
    0 => 'index',
    1 => 'element',
    2 => 'index',
  ),
)
[ info ] [ HEADER ] array (
  'user-agent' => 'Mozilla/5.0 (iPhone; CPU iPhone OS 10_2_1 like Mac OS X) AppleWebKit/602.4.6 (KHTML, like Gecko) Mobile/14D27 MicroMessenger/6.5.5 NetType/WIFI Language/zh_CN',
  'accept' => '*/*',
  'accept-language' => 'zh-CN,zh;q=0.8,en-US;q=0.6,en;q=0.4',
  'host' => 'www.yuanzigo.com',
  'connection' => 'keep-alive',
  'content-type' => '',
  'content-length' => '',
)
[ info ] [ PARAM ] array (
)
[ info ] [ LOG ] INIT File

---------------------------------------------------------------
[ 2018-03-24T14:50:01+08:00 ] 172.19.226.46 106.11.242.2 GET /
[ log ] www.yuanzigo.com/ [运行时间：0.018807s][吞吐率：53.17req/s] [内存消耗：1,979.04kb] [文件加载：48]
[ info ] [ LANG ] /home/wwwroot/www.yuanzigo.com/thinkphp/lang/zh-cn.php
[ info ] [ ROUTE ] array (
  'type' => 'module',
  'module' => 
  array (
    0 => '',
    1 => NULL,
    2 => NULL,
  ),
)
[ info ] [ HEADER ] array (
  'accept-encoding' => 'gzip',
  'user-agent' => 'Mozilla/5.0 (iPad; CPU OS 9_1 like Mac OS X) AppleWebKit/601.1.46 (KHTML, like Gecko) Version/9.0 Mobile/13B143 Safari/601.1',
  'cache-control' => 'no-cache',
  'pragma' => 'no-cache',
  'host' => 'www.yuanzigo.com',
  'accept' => 'text/html, image/gif, image/jpeg, *; q=.2, */*; q=.2',
  'connection' => 'keep-alive',
  'content-type' => '',
  'content-length' => '',
)
[ info ] [ PARAM ] array (
)
[ info ] [ LOG ] INIT File

---------------------------------------------------------------
[ 2018-03-24T14:50:01+08:00 ] 172.19.226.46 106.11.242.158 GET /home/index/index
[ log ] www.yuanzigo.com/home/index/index [运行时间：0.487117s][吞吐率：2.05req/s] [内存消耗：3,439.44kb] [文件加载：92]
[ info ] [ LANG ] /home/wwwroot/www.yuanzigo.com/thinkphp/lang/zh-cn.php
[ info ] [ ROUTE ] array (
  'type' => 'module',
  'module' => 
  array (
    0 => 'home',
    1 => 'index',
    2 => 'index',
  ),
)
[ info ] [ HEADER ] array (
  'accept-encoding' => 'gzip',
  'user-agent' => 'Mozilla/5.0 (iPad; CPU OS 9_1 like Mac OS X) AppleWebKit/601.1.46 (KHTML, like Gecko) Version/9.0 Mobile/13B143 Safari/601.1',
  'cache-control' => 'no-cache',
  'pragma' => 'no-cache',
  'host' => 'www.yuanzigo.com',
  'accept' => 'text/html, image/gif, image/jpeg, *; q=.2, */*; q=.2',
  'connection' => 'keep-alive',
  'content-type' => '',
  'content-length' => '',
)
[ info ] [ PARAM ] array (
)
[ info ] [ RUN ] app\home\controller\Index->index[ /home/wwwroot/www.yuanzigo.com/application/home/controller/Index.php ]
[ info ] [ VIEW ] /home/wwwroot/www.yuanzigo.com/public/../application/home/view/index/index.html [ array (
  0 => 'qr',
  1 => 'code',
) ]
[ info ] [ LOG ] INIT File

---------------------------------------------------------------
[ 2018-03-24T14:52:49+08:00 ] 172.19.226.46 207.46.13.14 GET /
[ log ] www.yuanzichufa.com/ [运行时间：0.019595s][吞吐率：51.03req/s] [内存消耗：1,978.92kb] [文件加载：48]
[ info ] [ LANG ] /home/wwwroot/www.yuanzigo.com/thinkphp/lang/zh-cn.php
[ info ] [ ROUTE ] array (
  'type' => 'module',
  'module' => 
  array (
    0 => '',
    1 => NULL,
    2 => NULL,
  ),
)
[ info ] [ HEADER ] array (
  'cache-control' => 'no-cache',
  'connection' => 'Keep-Alive',
  'pragma' => 'no-cache',
  'accept' => '*/*',
  'accept-encoding' => 'gzip, deflate',
  'from' => 'bingbot(at)microsoft.com',
  'host' => 'www.yuanzichufa.com',
  'user-agent' => 'Mozilla/5.0 (compatible; bingbot/2.0; +http://www.bing.com/bingbot.htm)',
  'content-type' => '',
  'content-length' => '',
)
[ info ] [ PARAM ] array (
)
[ info ] [ LOG ] INIT File

---------------------------------------------------------------
[ 2018-03-24T15:02:36+08:00 ] 172.19.226.46 168.1.128.77 GET /
[ log ] yuanzigo.com/ [运行时间：0.028528s][吞吐率：35.05req/s] [内存消耗：2,015.27kb] [文件加载：50]
[ info ] [ LANG ] /home/wwwroot/www.yuanzigo.com/thinkphp/lang/zh-cn.php
[ info ] [ ROUTE ] array (
  'type' => 'module',
  'module' => 
  array (
    0 => '',
    1 => NULL,
    2 => NULL,
  ),
)
[ info ] [ HEADER ] array (
  'host' => 'yuanzigo.com',
  'content-type' => '',
  'content-length' => '',
)
[ info ] [ PARAM ] array (
)
[ info ] [ LOG ] INIT File
[ error ] [8]未定义数组索引: HTTP_USER_AGENT[/home/wwwroot/www.yuanzigo.com/application/common.php:13]

---------------------------------------------------------------
[ 2018-03-24T15:06:52+08:00 ] 172.19.226.46 60.191.38.77 GET /
[ log ] 47.100.166.58:443/ [运行时间：0.018563s][吞吐率：53.87req/s] [内存消耗：1,978.84kb] [文件加载：48]
[ info ] [ LANG ] /home/wwwroot/www.yuanzigo.com/thinkphp/lang/zh-cn.php
[ info ] [ ROUTE ] array (
  'type' => 'module',
  'module' => 
  array (
    0 => '',
    1 => NULL,
    2 => NULL,
  ),
)
[ info ] [ HEADER ] array (
  'host' => '47.100.166.58:443',
  'user-agent' => 'Mozilla/5.0 (Macintosh; Intel Mac OS X 10.11; rv:47.0) Gecko/20100101 Firefox/47.0',
  'accept' => 'text/html,application/xhtml+xml,application/xml;q=0.9,*/*;q=0.8',
  'accept-encoding' => 'gzip',
  'connection' => 'keep-alive',
  'content-type' => '',
  'content-length' => '',
)
[ info ] [ PARAM ] array (
)
[ info ] [ LOG ] INIT File

---------------------------------------------------------------
[ 2018-03-24T16:27:36+08:00 ] 172.19.226.46 123.125.71.109 GET /
[ log ] www.yuanzigo.com/ [运行时间：0.020005s][吞吐率：49.99req/s] [内存消耗：1,978.99kb] [文件加载：48]
[ info ] [ LANG ] /home/wwwroot/www.yuanzigo.com/thinkphp/lang/zh-cn.php
[ info ] [ ROUTE ] array (
  'type' => 'module',
  'module' => 
  array (
    0 => '',
    1 => NULL,
    2 => NULL,
  ),
)
[ info ] [ HEADER ] array (
  'host' => 'www.yuanzigo.com',
  'connection' => 'close',
  'user-agent' => 'Mozilla/5.0 (compatible; Baiduspider/2.0; +http://www.baidu.com/search/spider.html)',
  'accept-language' => 'zh-cn,zh-tw',
  'if-none-match' => '"@NULL@"',
  'accept-encoding' => 'gzip',
  'accept' => '*/*',
  'content-type' => '',
  'content-length' => '',
)
[ info ] [ PARAM ] array (
)
[ info ] [ LOG ] INIT File

---------------------------------------------------------------
[ 2018-03-24T16:27:36+08:00 ] 172.19.226.46 123.125.71.58 GET /home/index/index
[ log ] www.yuanzigo.com/home/index/index [运行时间：0.348594s][吞吐率：2.87req/s] [内存消耗：3,438.84kb] [文件加载：92]
[ info ] [ LANG ] /home/wwwroot/www.yuanzigo.com/thinkphp/lang/zh-cn.php
[ info ] [ ROUTE ] array (
  'type' => 'module',
  'module' => 
  array (
    0 => 'home',
    1 => 'index',
    2 => 'index',
  ),
)
[ info ] [ HEADER ] array (
  'host' => 'www.yuanzigo.com',
  'connection' => 'close',
  'user-agent' => 'Mozilla/5.0 (compatible; Baiduspider/2.0; +http://www.baidu.com/search/spider.html)',
  'accept-language' => 'zh-cn,zh-tw',
  'if-none-match' => '"@NULL@"',
  'accept-encoding' => 'gzip',
  'accept' => '*/*',
  'content-type' => '',
  'content-length' => '',
)
[ info ] [ PARAM ] array (
)
[ info ] [ RUN ] app\home\controller\Index->index[ /home/wwwroot/www.yuanzigo.com/application/home/controller/Index.php ]
[ info ] [ VIEW ] /home/wwwroot/www.yuanzigo.com/public/../application/home/view/index/index.html [ array (
  0 => 'qr',
  1 => 'code',
) ]
[ info ] [ LOG ] INIT File

---------------------------------------------------------------
[ 2018-03-24T16:52:44+08:00 ] 172.19.226.46 137.226.113.28 GET /
[ log ] www.yuanzichufa.com/ [运行时间：0.020230s][吞吐率：49.43req/s] [内存消耗：1,978.30kb] [文件加载：48]
[ info ] [ LANG ] /home/wwwroot/www.yuanzigo.com/thinkphp/lang/zh-cn.php
[ info ] [ ROUTE ] array (
  'type' => 'module',
  'module' => 
  array (
    0 => '',
    1 => NULL,
    2 => NULL,
  ),
)
[ info ] [ HEADER ] array (
  'host' => 'www.yuanzichufa.com',
  'user-agent' => 'Mozilla/5.0 zgrab/0.x (compatible; Researchscan/t13rl; +http://researchscan.comsys.rwth-aachen.de)',
  'accept-encoding' => 'gzip',
  'content-type' => '',
  'content-length' => '',
)
[ info ] [ PARAM ] array (
)
[ info ] [ LOG ] INIT File

---------------------------------------------------------------
[ 2018-03-24T16:52:44+08:00 ] 172.19.226.46 137.226.113.28 GET /home/index/index
[ log ] 47.100.166.58:443/home/index/index [运行时间：0.210322s][吞吐率：4.75req/s] [内存消耗：3,437.90kb] [文件加载：92]
[ info ] [ LANG ] /home/wwwroot/www.yuanzigo.com/thinkphp/lang/zh-cn.php
[ info ] [ ROUTE ] array (
  'type' => 'module',
  'module' => 
  array (
    0 => 'home',
    1 => 'index',
    2 => 'index',
  ),
)
[ info ] [ HEADER ] array (
  'host' => '47.100.166.58:443',
  'user-agent' => 'Mozilla/5.0 zgrab/0.x (compatible; Researchscan/t13rl; +http://researchscan.comsys.rwth-aachen.de)',
  'referer' => 'https://47.100.166.58:443/',
  'accept-encoding' => 'gzip',
  'content-type' => '',
  'content-length' => '',
)
[ info ] [ PARAM ] array (
)
[ info ] [ RUN ] app\home\controller\Index->index[ /home/wwwroot/www.yuanzigo.com/application/home/controller/Index.php ]
[ info ] [ VIEW ] /home/wwwroot/www.yuanzigo.com/public/../application/home/view/index/index.html [ array (
  0 => 'qr',
  1 => 'code',
) ]
[ info ] [ LOG ] INIT File

---------------------------------------------------------------
[ 2018-03-24T17:17:48+08:00 ] 172.19.226.46 164.132.91.13 GET /
[ log ] 47.100.166.58/ [运行时间：0.018385s][吞吐率：54.39req/s] [内存消耗：1,978.44kb] [文件加载：48]
[ info ] [ LANG ] /home/wwwroot/www.yuanzigo.com/thinkphp/lang/zh-cn.php
[ info ] [ ROUTE ] array (
  'type' => 'module',
  'module' => 
  array (
    0 => '',
    1 => NULL,
    2 => NULL,
  ),
)
[ info ] [ HEADER ] array (
  'user-agent' => 'Mozilla/5.0 (Windows NT 6.1) AppleWebKit/537.36 (KHTML, like Gecko) Chrome/41.0.2228.0 Safari/537.36',
  'connection' => 'close',
  'host' => '47.100.166.58',
  'content-type' => '',
  'content-length' => '',
)
[ info ] [ PARAM ] array (
)
[ info ] [ LOG ] INIT File

---------------------------------------------------------------
[ 2018-03-24T17:17:50+08:00 ] 172.19.226.46 164.132.91.13 GET /home/index/index
[ log ] 47.100.166.58/home/index/index [运行时间：0.210879s][吞吐率：4.74req/s] [内存消耗：3,438.20kb] [文件加载：92]
[ info ] [ LANG ] /home/wwwroot/www.yuanzigo.com/thinkphp/lang/zh-cn.php
[ info ] [ ROUTE ] array (
  'type' => 'module',
  'module' => 
  array (
    0 => 'home',
    1 => 'index',
    2 => 'index',
  ),
)
[ info ] [ HEADER ] array (
  'user-agent' => 'Mozilla/5.0 (Windows NT 6.1) AppleWebKit/537.36 (KHTML, like Gecko) Chrome/41.0.2228.0 Safari/537.36',
  'connection' => 'close',
  'host' => '47.100.166.58',
  'content-type' => '',
  'content-length' => '',
)
[ info ] [ PARAM ] array (
)
[ info ] [ RUN ] app\home\controller\Index->index[ /home/wwwroot/www.yuanzigo.com/application/home/controller/Index.php ]
[ info ] [ VIEW ] /home/wwwroot/www.yuanzigo.com/public/../application/home/view/index/index.html [ array (
  0 => 'qr',
  1 => 'code',
) ]
[ info ] [ LOG ] INIT File

---------------------------------------------------------------
[ 2018-03-24T17:35:21+08:00 ] 172.19.226.46 123.126.113.112 GET /
[ log ] www.yuanzigo.com/ [运行时间：0.018242s][吞吐率：54.82req/s] [内存消耗：1,978.71kb] [文件加载：48]
[ info ] [ LANG ] /home/wwwroot/www.yuanzigo.com/thinkphp/lang/zh-cn.php
[ info ] [ ROUTE ] array (
  'type' => 'module',
  'module' => 
  array (
    0 => '',
    1 => NULL,
    2 => NULL,
  ),
)
[ info ] [ HEADER ] array (
  'host' => 'www.yuanzigo.com',
  'accept' => '*/*',
  'accept-language' => 'zh-cn',
  'accept-encoding' => 'gzip,deflate',
  'user-agent' => 'Sogou web spider/4.0(+http://www.sogou.com/docs/help/webmasters.htm#07)',
  'connection' => 'close',
  'content-type' => '',
  'content-length' => '',
)
[ info ] [ PARAM ] array (
)
[ info ] [ LOG ] INIT File

---------------------------------------------------------------
[ 2018-03-24T17:36:25+08:00 ] 172.19.226.46 123.126.113.112 GET /home/index/index
[ log ] www.yuanzigo.com/home/index/index [运行时间：0.204904s][吞吐率：4.88req/s] [内存消耗：3,438.36kb] [文件加载：92]
[ info ] [ LANG ] /home/wwwroot/www.yuanzigo.com/thinkphp/lang/zh-cn.php
[ info ] [ ROUTE ] array (
  'type' => 'module',
  'module' => 
  array (
    0 => 'home',
    1 => 'index',
    2 => 'index',
  ),
)
[ info ] [ HEADER ] array (
  'host' => 'www.yuanzigo.com',
  'accept' => '*/*',
  'accept-language' => 'zh-cn',
  'accept-encoding' => 'gzip,deflate',
  'user-agent' => 'Sogou web spider/4.0(+http://www.sogou.com/docs/help/webmasters.htm#07)',
  'connection' => 'close',
  'content-type' => '',
  'content-length' => '',
)
[ info ] [ PARAM ] array (
)
[ info ] [ RUN ] app\home\controller\Index->index[ /home/wwwroot/www.yuanzigo.com/application/home/controller/Index.php ]
[ info ] [ VIEW ] /home/wwwroot/www.yuanzigo.com/public/../application/home/view/index/index.html [ array (
  0 => 'qr',
  1 => 'code',
) ]
[ info ] [ LOG ] INIT File

---------------------------------------------------------------
[ 2018-03-24T17:48:14+08:00 ] 172.19.226.46 62.233.65.182 GET /
[ log ] 47.100.166.58/ [运行时间：0.020234s][吞吐率：49.42req/s] [内存消耗：2,015.42kb] [文件加载：50]
[ info ] [ LANG ] /home/wwwroot/www.yuanzigo.com/thinkphp/lang/zh-cn.php
[ info ] [ ROUTE ] array (
  'type' => 'module',
  'module' => 
  array (
    0 => '',
    1 => NULL,
    2 => NULL,
  ),
)
[ info ] [ HEADER ] array (
  'host' => '47.100.166.58',
  'connection' => 'Keep-Alive',
  'content-type' => '',
  'content-length' => '',
)
[ info ] [ PARAM ] array (
)
[ info ] [ LOG ] INIT File
[ error ] [8]未定义数组索引: HTTP_USER_AGENT[/home/wwwroot/www.yuanzigo.com/application/common.php:13]

---------------------------------------------------------------
[ 2018-03-24T18:12:34+08:00 ] 172.19.226.46 104.151.246.105 GET /admin
[ log ] yuanzigo.com/admin [运行时间：0.019273s][吞吐率：51.89req/s] [内存消耗：1,963.53kb] [文件加载：49]
[ info ] [ LANG ] /home/wwwroot/www.yuanzigo.com/thinkphp/lang/zh-cn.php
[ info ] [ ROUTE ] array (
  'type' => 'module',
  'module' => 
  array (
    0 => 'admin',
    1 => NULL,
    2 => NULL,
  ),
)
[ info ] [ HEADER ] array (
  'cookie' => 'Max-Age=157680000;expires=Tue, 27-Mar-18 18:01:05 GMT;domain=yuansuarts.com;AUTH_USER_STRING=deleted;AUTH_USER_LANG=deleted;PHPSESSID=4v7u7j4vf0k3pmnm5sqe9gc5t2;AUTH_USER_NAME=deleted;vsid=925vr2694316262831779;security_session_verify=5431008206d7c22625ee0f806fd0d7af;',
  'user-agent' => 'Mozilla/5.0 (Windows NT 5.1; rv:32.0) Gecko/20100101 Firefox/32.0',
  'accept' => 'text/html,application/xhtml+xml,application/xml;q=0.9,*/*;q=0.8',
  'content-language' => 'en-US',
  'cache-control' => 'no-cache',
  'pragma' => 'no-cache',
  'host' => 'yuanzigo.com',
  'connection' => 'keep-alive',
  'content-type' => '',
  'content-length' => '',
)
[ info ] [ PARAM ] array (
)
[ info ] [ LOG ] INIT File

---------------------------------------------------------------
[ 2018-03-24T18:12:34+08:00 ] 172.19.226.46 104.151.246.105 GET /admin/login/index
[ log ] yuanzigo.com/admin/login/index [运行时间：0.021445s][吞吐率：46.63req/s] [内存消耗：1,975.34kb] [文件加载：48]
[ info ] [ LANG ] /home/wwwroot/www.yuanzigo.com/thinkphp/lang/zh-cn.php
[ info ] [ ROUTE ] array (
  'type' => 'module',
  'module' => 
  array (
    0 => 'admin',
    1 => 'login',
    2 => 'index',
  ),
)
[ info ] [ HEADER ] array (
  'cookie' => 'Max-Age=157680000;expires=Tue, 27-Mar-18 18:01:05 GMT;domain=yuansuarts.com;AUTH_USER_STRING=deleted;AUTH_USER_LANG=deleted;PHPSESSID=4v7u7j4vf0k3pmnm5sqe9gc5t2;AUTH_USER_NAME=deleted;vsid=925vr2694316262831779;security_session_verify=5431008206d7c22625ee0f806fd0d7af;',
  'user-agent' => 'Mozilla/5.0 (Windows NT 5.1; rv:32.0) Gecko/20100101 Firefox/32.0',
  'accept' => 'text/html,application/xhtml+xml,application/xml;q=0.9,*/*;q=0.8',
  'content-language' => 'en-US',
  'cache-control' => 'no-cache',
  'pragma' => 'no-cache',
  'host' => 'yuanzigo.com',
  'connection' => 'keep-alive',
  'content-type' => '',
  'content-length' => '',
)
[ info ] [ PARAM ] array (
)
[ info ] [ RUN ] app\admin\controller\Login->index[ /home/wwwroot/www.yuanzigo.com/application/admin/controller/Login.php ]
[ info ] [ VIEW ] /home/wwwroot/www.yuanzigo.com/public/../application/admin/view/login/index.html [ array (
) ]
[ info ] [ LOG ] INIT File

---------------------------------------------------------------
[ 2018-03-24T18:19:33+08:00 ] 172.19.226.46 202.108.211.56 GET /
[ log ] www.yuanzichufa.com/ [运行时间：0.018726s][吞吐率：53.40req/s] [内存消耗：1,979.51kb] [文件加载：48]
[ info ] [ LANG ] /home/wwwroot/www.yuanzigo.com/thinkphp/lang/zh-cn.php
[ info ] [ ROUTE ] array (
  'type' => 'module',
  'module' => 
  array (
    0 => '',
    1 => NULL,
    2 => NULL,
  ),
)
[ info ] [ HEADER ] array (
  'user-agent' => 'Mozilla/5.0 (X11; Linux x86_64) AppleWebKit/535.21 (KHTML, like Gecko) Chrome/19.0.1042.0 Safari/535.21',
  'accept' => 'text/html,application/xhtml+xml,application/xml;q=0.9,image/webp,*/*;q=0.8',
  'accept-encoding' => 'gzip, deflate, sdch',
  'accept-language' => 'zh-CN,zh;q=0.8,en-US;q=0.6,en;q=0.4',
  'cache-control' => 'no-cache',
  'pragma' => 'no-cache',
  'upgrade-insecure-requests' => '1',
  'host' => 'www.yuanzichufa.com',
  'connection' => 'keep-alive',
  'content-type' => '',
  'content-length' => '',
)
[ info ] [ PARAM ] array (
)
[ info ] [ LOG ] INIT File

---------------------------------------------------------------
[ 2018-03-24T18:19:34+08:00 ] 172.19.226.46 202.108.211.56 GET /home/index/index
[ log ] www.yuanzichufa.com/home/index/index [运行时间：0.353453s][吞吐率：2.83req/s] [内存消耗：3,439.32kb] [文件加载：92]
[ info ] [ LANG ] /home/wwwroot/www.yuanzigo.com/thinkphp/lang/zh-cn.php
[ info ] [ ROUTE ] array (
  'type' => 'module',
  'module' => 
  array (
    0 => 'home',
    1 => 'index',
    2 => 'index',
  ),
)
[ info ] [ HEADER ] array (
  'user-agent' => 'Mozilla/5.0 (X11; Linux x86_64) AppleWebKit/535.21 (KHTML, like Gecko) Chrome/19.0.1042.0 Safari/535.21',
  'accept' => 'text/html,application/xhtml+xml,application/xml;q=0.9,image/webp,*/*;q=0.8',
  'accept-encoding' => 'gzip, deflate, sdch',
  'accept-language' => 'zh-CN,zh;q=0.8,en-US;q=0.6,en;q=0.4',
  'cache-control' => 'no-cache',
  'pragma' => 'no-cache',
  'upgrade-insecure-requests' => '1',
  'host' => 'www.yuanzichufa.com',
  'connection' => 'keep-alive',
  'content-type' => '',
  'content-length' => '',
)
[ info ] [ PARAM ] array (
)
[ info ] [ RUN ] app\home\controller\Index->index[ /home/wwwroot/www.yuanzigo.com/application/home/controller/Index.php ]
[ info ] [ VIEW ] /home/wwwroot/www.yuanzigo.com/public/../application/home/view/index/index.html [ array (
  0 => 'qr',
  1 => 'code',
) ]
[ info ] [ LOG ] INIT File

---------------------------------------------------------------
[ 2018-03-24T19:44:44+08:00 ] 172.19.226.46 54.183.165.74 GET /
[ log ] www.yuanzichufa.com/ [运行时间：0.019214s][吞吐率：52.04req/s] [内存消耗：1,978.54kb] [文件加载：48]
[ info ] [ LANG ] /home/wwwroot/www.yuanzigo.com/thinkphp/lang/zh-cn.php
[ info ] [ ROUTE ] array (
  'type' => 'module',
  'module' => 
  array (
    0 => '',
    1 => NULL,
    2 => NULL,
  ),
)
[ info ] [ HEADER ] array (
  'host' => 'www.yuanzichufa.com',
  'user-agent' => 'Mozilla/5.0 (Macintosh; Intel Mac OS X 10_12_6) AppleWebKit/537.36 (KHTML, like Gecko) Chrome/61.0.3163.100 Safari/537.36',
  'accept-encoding' => 'gzip',
  'content-type' => '',
  'content-length' => '',
)
[ info ] [ PARAM ] array (
)
[ info ] [ LOG ] INIT File

---------------------------------------------------------------
[ 2018-03-24T19:44:45+08:00 ] 172.19.226.46 54.183.165.74 GET /home/index/index
[ log ] www.yuanzichufa.com/home/index/index [运行时间：0.417533s][吞吐率：2.40req/s] [内存消耗：3,438.69kb] [文件加载：92]
[ info ] [ LANG ] /home/wwwroot/www.yuanzigo.com/thinkphp/lang/zh-cn.php
[ info ] [ ROUTE ] array (
  'type' => 'module',
  'module' => 
  array (
    0 => 'home',
    1 => 'index',
    2 => 'index',
  ),
)
[ info ] [ HEADER ] array (
  'host' => 'www.yuanzichufa.com',
  'user-agent' => 'Mozilla/5.0 (Macintosh; Intel Mac OS X 10_12_6) AppleWebKit/537.36 (KHTML, like Gecko) Chrome/61.0.3163.100 Safari/537.36',
  'referer' => 'https://www.yuanzichufa.com/',
  'accept-encoding' => 'gzip',
  'content-type' => '',
  'content-length' => '',
)
[ info ] [ PARAM ] array (
)
[ info ] [ RUN ] app\home\controller\Index->index[ /home/wwwroot/www.yuanzigo.com/application/home/controller/Index.php ]
[ info ] [ VIEW ] /home/wwwroot/www.yuanzigo.com/public/../application/home/view/index/index.html [ array (
  0 => 'qr',
  1 => 'code',
) ]
[ info ] [ LOG ] INIT File

---------------------------------------------------------------
[ 2018-03-24T20:59:01+08:00 ] 172.19.226.46 106.11.227.111 GET /
[ log ] yuanzigo.com/ [运行时间：0.018561s][吞吐率：53.88req/s] [内存消耗：1,979.05kb] [文件加载：48]
[ info ] [ LANG ] /home/wwwroot/www.yuanzigo.com/thinkphp/lang/zh-cn.php
[ info ] [ ROUTE ] array (
  'type' => 'module',
  'module' => 
  array (
    0 => '',
    1 => NULL,
    2 => NULL,
  ),
)
[ info ] [ HEADER ] array (
  'accept-encoding' => 'gzip',
  'user-agent' => 'Mozilla/5.0 (iPad; CPU OS 9_1 like Mac OS X) AppleWebKit/601.1.46 (KHTML, like Gecko) Version/9.0 Mobile/13B143 Safari/601.1',
  'cache-control' => 'no-cache',
  'pragma' => 'no-cache',
  'host' => 'yuanzigo.com',
  'accept' => 'text/html, image/gif, image/jpeg, *; q=.2, */*; q=.2',
  'connection' => 'keep-alive',
  'content-type' => '',
  'content-length' => '',
)
[ info ] [ PARAM ] array (
)
[ info ] [ LOG ] INIT File

---------------------------------------------------------------
[ 2018-03-24T20:59:01+08:00 ] 172.19.226.46 106.11.227.132 GET /home/index/index
[ log ] yuanzigo.com/home/index/index [运行时间：0.226934s][吞吐率：4.41req/s] [内存消耗：3,438.52kb] [文件加载：92]
[ info ] [ LANG ] /home/wwwroot/www.yuanzigo.com/thinkphp/lang/zh-cn.php
[ info ] [ ROUTE ] array (
  'type' => 'module',
  'module' => 
  array (
    0 => 'home',
    1 => 'index',
    2 => 'index',
  ),
)
[ info ] [ HEADER ] array (
  'accept-encoding' => 'gzip',
  'user-agent' => 'Mozilla/5.0 (iPad; CPU OS 9_1 like Mac OS X) AppleWebKit/601.1.46 (KHTML, like Gecko) Version/9.0 Mobile/13B143 Safari/601.1',
  'cache-control' => 'no-cache',
  'pragma' => 'no-cache',
  'host' => 'yuanzigo.com',
  'accept' => 'text/html, image/gif, image/jpeg, *; q=.2, */*; q=.2',
  'connection' => 'keep-alive',
  'content-type' => '',
  'content-length' => '',
)
[ info ] [ PARAM ] array (
)
[ info ] [ RUN ] app\home\controller\Index->index[ /home/wwwroot/www.yuanzigo.com/application/home/controller/Index.php ]
[ info ] [ VIEW ] /home/wwwroot/www.yuanzigo.com/public/../application/home/view/index/index.html [ array (
  0 => 'qr',
  1 => 'code',
) ]
[ info ] [ LOG ] INIT File

---------------------------------------------------------------
[ 2018-03-24T22:05:51+08:00 ] 172.19.226.46 184.105.247.196 GET /
[ log ] 47.100.166.58/ [运行时间：0.022195s][吞吐率：45.06req/s] [内存消耗：2,015.23kb] [文件加载：50]
[ info ] [ LANG ] /home/wwwroot/www.yuanzigo.com/thinkphp/lang/zh-cn.php
[ info ] [ ROUTE ] array (
  'type' => 'module',
  'module' => 
  array (
    0 => '',
    1 => NULL,
    2 => NULL,
  ),
)
[ info ] [ HEADER ] array (
  'host' => '47.100.166.58',
  'content-type' => '',
  'content-length' => '',
)
[ info ] [ PARAM ] array (
)
[ info ] [ LOG ] INIT File
[ error ] [8]未定义数组索引: HTTP_USER_AGENT[/home/wwwroot/www.yuanzigo.com/application/common.php:13]

---------------------------------------------------------------
