[ 2018-02-16T00:33:18+08:00 ] 172.19.226.46 220.181.108.102 GET /
[ log ] www.yuanzigo.com/ [运行时间：0.019482s][吞吐率：51.33req/s] [内存消耗：1,978.98kb] [文件加载：48]
[ info ] [ LANG ] /home/wwwroot/www.yuanzigo.com/thinkphp/lang/zh-cn.php
[ info ] [ ROUTE ] array (
  'type' => 'module',
  'module' => 
  array (
    0 => '',
    1 => NULL,
    2 => NULL,
  ),
)
[ info ] [ HEADER ] array (
  'host' => 'www.yuanzigo.com',
  'connection' => 'close',
  'user-agent' => 'Mozilla/5.0 (compatible; Baiduspider/2.0; +http://www.baidu.com/search/spider.html)',
  'accept-language' => 'zh-cn,zh-tw',
  'if-none-match' => '"@NULL@"',
  'accept-encoding' => 'gzip',
  'accept' => '*/*',
  'content-type' => '',
  'content-length' => '',
)
[ info ] [ PARAM ] array (
)
[ info ] [ LOG ] INIT File

---------------------------------------------------------------
[ 2018-02-16T00:33:18+08:00 ] 172.19.226.46 220.181.108.114 GET /home/index/index
[ log ] www.yuanzigo.com/home/index/index [运行时间：0.357794s][吞吐率：2.79req/s] [内存消耗：3,438.99kb] [文件加载：92]
[ info ] [ LANG ] /home/wwwroot/www.yuanzigo.com/thinkphp/lang/zh-cn.php
[ info ] [ ROUTE ] array (
  'type' => 'module',
  'module' => 
  array (
    0 => 'home',
    1 => 'index',
    2 => 'index',
  ),
)
[ info ] [ HEADER ] array (
  'host' => 'www.yuanzigo.com',
  'connection' => 'close',
  'user-agent' => 'Mozilla/5.0 (compatible; Baiduspider/2.0; +http://www.baidu.com/search/spider.html)',
  'accept-language' => 'zh-cn,zh-tw',
  'if-none-match' => '"@NULL@"',
  'accept-encoding' => 'gzip',
  'accept' => '*/*',
  'content-type' => '',
  'content-length' => '',
)
[ info ] [ PARAM ] array (
)
[ info ] [ RUN ] app\home\controller\Index->index[ /home/wwwroot/www.yuanzigo.com/application/home/controller/Index.php ]
[ info ] [ VIEW ] /home/wwwroot/www.yuanzigo.com/public/../application/home/view/index/index.html [ array (
  0 => 'qr',
  1 => 'code',
) ]
[ info ] [ LOG ] INIT File

---------------------------------------------------------------
[ 2018-02-16T00:50:08+08:00 ] 172.19.226.46 140.205.205.25 HEAD /
[ log ] www.yuanzichufa.com:443/ [运行时间：0.018754s][吞吐率：53.32req/s] [内存消耗：1,978.63kb] [文件加载：48]
[ info ] [ LANG ] /home/wwwroot/www.yuanzigo.com/thinkphp/lang/zh-cn.php
[ info ] [ ROUTE ] array (
  'type' => 'module',
  'module' => 
  array (
    0 => '',
    1 => NULL,
    2 => NULL,
  ),
)
[ info ] [ HEADER ] array (
  'host' => 'www.yuanzichufa.com:443',
  'user-agent' => 'Go-http-client/1.1',
  'connection' => 'close',
  'content-type' => '',
  'content-length' => '',
)
[ info ] [ PARAM ] array (
)
[ info ] [ LOG ] INIT File

---------------------------------------------------------------
[ 2018-02-16T00:51:10+08:00 ] 172.19.226.46 140.205.205.23 HEAD /
[ log ] www.yuanzigo.com:443/ [运行时间：0.020160s][吞吐率：49.60req/s] [内存消耗：1,978.37kb] [文件加载：48]
[ info ] [ LANG ] /home/wwwroot/www.yuanzigo.com/thinkphp/lang/zh-cn.php
[ info ] [ ROUTE ] array (
  'type' => 'module',
  'module' => 
  array (
    0 => '',
    1 => NULL,
    2 => NULL,
  ),
)
[ info ] [ HEADER ] array (
  'host' => 'www.yuanzigo.com:443',
  'user-agent' => 'Go-http-client/1.1',
  'connection' => 'close',
  'content-type' => '',
  'content-length' => '',
)
[ info ] [ PARAM ] array (
)
[ info ] [ LOG ] INIT File

---------------------------------------------------------------
[ 2018-02-16T01:03:25+08:00 ] 172.19.226.46 104.199.130.172 GET /wls-wsat/CoordinatorPortType
[ log ] 47.100.166.58/wls-wsat/CoordinatorPortType [运行时间：0.016918s][吞吐率：59.11req/s] [内存消耗：1,572.55kb] [文件加载：40]
[ info ] [ LANG ] /home/wwwroot/www.yuanzigo.com/thinkphp/lang/zh-cn.php
[ info ] [ ROUTE ] array (
  'type' => 'module',
  'module' => 
  array (
    0 => 'wls-wsat',
    1 => 'CoordinatorPortType',
    2 => NULL,
  ),
)
[ info ] [ HEADER ] array (
  'host' => '47.100.166.58',
  'connection' => 'keep-alive',
  'accept-encoding' => 'gzip, deflate',
  'accept' => '*/*',
  'user-agent' => 'python-requests/2.9.1',
  'content-type' => '',
  'content-length' => '',
)
[ info ] [ PARAM ] array (
)
[ info ] [ LOG ] INIT File

---------------------------------------------------------------
[ 2018-02-16T01:30:34+08:00 ] 172.19.226.46 180.149.130.19 GET /
[ log ] yuanzigo.com/ [运行时间：0.019624s][吞吐率：50.96req/s] [内存消耗：1,978.77kb] [文件加载：48]
[ info ] [ LANG ] /home/wwwroot/www.yuanzigo.com/thinkphp/lang/zh-cn.php
[ info ] [ ROUTE ] array (
  'type' => 'module',
  'module' => 
  array (
    0 => '',
    1 => NULL,
    2 => NULL,
  ),
)
[ info ] [ HEADER ] array (
  'accept' => 'text/html,application/xhtml+xml,application/xml;q=0.9,*/*;q=0.8',
  'user-agent' => 'Mozilla/5.0 (Macintosh; Intel Mac OS X 10_11_4) AppleWebKit/537.36 (KHTML, like Gecko) Chrome/49.0.2623.110 Safari/537.36',
  'connection' => 'Keep-Alive',
  'accept-encoding' => 'gzip, deflate',
  'accept-language' => 'en-US,*',
  'host' => 'yuanzigo.com',
  'content-type' => '',
  'content-length' => '',
)
[ info ] [ PARAM ] array (
)
[ info ] [ LOG ] INIT File

---------------------------------------------------------------
[ 2018-02-16T01:30:35+08:00 ] 172.19.226.46 180.149.130.19 GET /home/index/index
[ log ] yuanzigo.com/home/index/index [运行时间：0.199486s][吞吐率：5.01req/s] [内存消耗：3,438.69kb] [文件加载：92]
[ info ] [ LANG ] /home/wwwroot/www.yuanzigo.com/thinkphp/lang/zh-cn.php
[ info ] [ ROUTE ] array (
  'type' => 'module',
  'module' => 
  array (
    0 => 'home',
    1 => 'index',
    2 => 'index',
  ),
)
[ info ] [ HEADER ] array (
  'accept' => 'text/html,application/xhtml+xml,application/xml;q=0.9,*/*;q=0.8',
  'user-agent' => 'Mozilla/5.0 (Macintosh; Intel Mac OS X 10_11_4) AppleWebKit/537.36 (KHTML, like Gecko) Chrome/49.0.2623.110 Safari/537.36',
  'connection' => 'Keep-Alive',
  'accept-encoding' => 'gzip, deflate',
  'accept-language' => 'en-US,*',
  'host' => 'yuanzigo.com',
  'content-type' => '',
  'content-length' => '',
)
[ info ] [ PARAM ] array (
)
[ info ] [ RUN ] app\home\controller\Index->index[ /home/wwwroot/www.yuanzigo.com/application/home/controller/Index.php ]
[ info ] [ VIEW ] /home/wwwroot/www.yuanzigo.com/public/../application/home/view/index/index.html [ array (
  0 => 'qr',
  1 => 'code',
) ]
[ info ] [ LOG ] INIT File

---------------------------------------------------------------
[ 2018-02-16T07:28:05+08:00 ] 172.19.226.46 140.205.205.25 GET /
[ log ] www.yuanzichufa.com/ [运行时间：0.018050s][吞吐率：55.40req/s] [内存消耗：1,978.53kb] [文件加载：48]
[ info ] [ LANG ] /home/wwwroot/www.yuanzigo.com/thinkphp/lang/zh-cn.php
[ info ] [ ROUTE ] array (
  'type' => 'module',
  'module' => 
  array (
    0 => '',
    1 => NULL,
    2 => NULL,
  ),
)
[ info ] [ HEADER ] array (
  'host' => 'www.yuanzichufa.com',
  'accept-language' => 'en',
  'accept-encoding' => 'gzip,deflate',
  'accept' => 'text/html,application/xhtml+xml,application/xml;q=0.9,*/*;q=0.8',
  'user-agent' => 'Scrapy/1.5.0 (+https://scrapy.org)',
  'content-type' => '',
  'content-length' => '',
)
[ info ] [ PARAM ] array (
)
[ info ] [ LOG ] INIT File

---------------------------------------------------------------
[ 2018-02-16T07:28:06+08:00 ] 172.19.226.46 140.205.205.25 GET /home/index/index
[ log ] www.yuanzichufa.com/home/index/index [运行时间：0.316099s][吞吐率：3.16req/s] [内存消耗：3,439.09kb] [文件加载：92]
[ info ] [ LANG ] /home/wwwroot/www.yuanzigo.com/thinkphp/lang/zh-cn.php
[ info ] [ ROUTE ] array (
  'type' => 'module',
  'module' => 
  array (
    0 => 'home',
    1 => 'index',
    2 => 'index',
  ),
)
[ info ] [ HEADER ] array (
  'host' => 'www.yuanzichufa.com',
  'accept-language' => 'en',
  'accept-encoding' => 'gzip,deflate',
  'accept' => 'text/html,application/xhtml+xml,application/xml;q=0.9,*/*;q=0.8',
  'user-agent' => 'Scrapy/1.5.0 (+https://scrapy.org)',
  'content-type' => '',
  'content-length' => '',
)
[ info ] [ PARAM ] array (
)
[ info ] [ RUN ] app\home\controller\Index->index[ /home/wwwroot/www.yuanzigo.com/application/home/controller/Index.php ]
[ info ] [ VIEW ] /home/wwwroot/www.yuanzigo.com/public/../application/home/view/index/index.html [ array (
  0 => 'qr',
  1 => 'code',
) ]
[ info ] [ LOG ] INIT File

---------------------------------------------------------------
[ 2018-02-16T07:28:06+08:00 ] 172.19.226.46 140.205.205.23 GET /home/index/index
[ log ] www.yuanzichufa.com/home/index/index [运行时间：0.182201s][吞吐率：5.49req/s] [内存消耗：3,438.55kb] [文件加载：92]
[ info ] [ LANG ] /home/wwwroot/www.yuanzigo.com/thinkphp/lang/zh-cn.php
[ info ] [ ROUTE ] array (
  'type' => 'module',
  'module' => 
  array (
    0 => 'home',
    1 => 'index',
    2 => 'index',
  ),
)
[ info ] [ HEADER ] array (
  'accept-language' => 'en',
  'accept-encoding' => 'gzip,deflate',
  'accept' => 'text/html,application/xhtml+xml,application/xml;q=0.9,*/*;q=0.8',
  'user-agent' => 'Scrapy/1.5.0 (+https://scrapy.org)',
  'host' => 'www.yuanzichufa.com',
  'referer' => 'https://www.yuanzichufa.com/home/index/index',
  'content-type' => '',
  'content-length' => '',
)
[ info ] [ PARAM ] array (
)
[ info ] [ RUN ] app\home\controller\Index->index[ /home/wwwroot/www.yuanzigo.com/application/home/controller/Index.php ]
[ info ] [ VIEW ] /home/wwwroot/www.yuanzigo.com/public/../application/home/view/index/index.html [ array (
  0 => 'qr',
  1 => 'code',
) ]
[ info ] [ LOG ] INIT File

---------------------------------------------------------------
[ 2018-02-16T08:30:19+08:00 ] 172.19.226.46 220.181.108.177 GET /
[ log ] www.yuanzigo.com/ [运行时间：0.019533s][吞吐率：51.20req/s] [内存消耗：1,978.99kb] [文件加载：48]
[ info ] [ LANG ] /home/wwwroot/www.yuanzigo.com/thinkphp/lang/zh-cn.php
[ info ] [ ROUTE ] array (
  'type' => 'module',
  'module' => 
  array (
    0 => '',
    1 => NULL,
    2 => NULL,
  ),
)
[ info ] [ HEADER ] array (
  'host' => 'www.yuanzigo.com',
  'connection' => 'close',
  'user-agent' => 'Mozilla/5.0 (compatible; Baiduspider/2.0; +http://www.baidu.com/search/spider.html)',
  'accept-language' => 'zh-cn,zh-tw',
  'if-none-match' => '"@NULL@"',
  'accept-encoding' => 'gzip',
  'accept' => '*/*',
  'content-type' => '',
  'content-length' => '',
)
[ info ] [ PARAM ] array (
)
[ info ] [ LOG ] INIT File

---------------------------------------------------------------
[ 2018-02-16T08:30:19+08:00 ] 172.19.226.46 123.125.71.96 GET /home/index/index
[ log ] www.yuanzigo.com/home/index/index [运行时间：0.211615s][吞吐率：4.73req/s] [内存消耗：3,438.48kb] [文件加载：92]
[ info ] [ LANG ] /home/wwwroot/www.yuanzigo.com/thinkphp/lang/zh-cn.php
[ info ] [ ROUTE ] array (
  'type' => 'module',
  'module' => 
  array (
    0 => 'home',
    1 => 'index',
    2 => 'index',
  ),
)
[ info ] [ HEADER ] array (
  'host' => 'www.yuanzigo.com',
  'connection' => 'close',
  'user-agent' => 'Mozilla/5.0 (compatible; Baiduspider/2.0; +http://www.baidu.com/search/spider.html)',
  'accept-language' => 'zh-cn,zh-tw',
  'if-none-match' => '"@NULL@"',
  'accept-encoding' => 'gzip',
  'accept' => '*/*',
  'content-type' => '',
  'content-length' => '',
)
[ info ] [ PARAM ] array (
)
[ info ] [ RUN ] app\home\controller\Index->index[ /home/wwwroot/www.yuanzigo.com/application/home/controller/Index.php ]
[ info ] [ VIEW ] /home/wwwroot/www.yuanzigo.com/public/../application/home/view/index/index.html [ array (
  0 => 'qr',
  1 => 'code',
) ]
[ info ] [ LOG ] INIT File

---------------------------------------------------------------
[ 2018-02-16T08:44:21+08:00 ] 172.19.226.46 140.205.205.23 GET /
[ log ] www.yuanzigo.com/ [运行时间：0.018398s][吞吐率：54.35req/s] [内存消耗：1,978.62kb] [文件加载：48]
[ info ] [ LANG ] /home/wwwroot/www.yuanzigo.com/thinkphp/lang/zh-cn.php
[ info ] [ ROUTE ] array (
  'type' => 'module',
  'module' => 
  array (
    0 => '',
    1 => NULL,
    2 => NULL,
  ),
)
[ info ] [ HEADER ] array (
  'host' => 'www.yuanzigo.com',
  'accept-language' => 'en',
  'accept-encoding' => 'gzip,deflate',
  'accept' => 'text/html,application/xhtml+xml,application/xml;q=0.9,*/*;q=0.8',
  'user-agent' => 'Scrapy/1.5.0 (+https://scrapy.org)',
  'content-type' => '',
  'content-length' => '',
)
[ info ] [ PARAM ] array (
)
[ info ] [ LOG ] INIT File

---------------------------------------------------------------
[ 2018-02-16T08:44:22+08:00 ] 172.19.226.46 140.205.205.23 GET /home/index/index
[ log ] www.yuanzigo.com/home/index/index [运行时间：0.211645s][吞吐率：4.72req/s] [内存消耗：3,438.30kb] [文件加载：92]
[ info ] [ LANG ] /home/wwwroot/www.yuanzigo.com/thinkphp/lang/zh-cn.php
[ info ] [ ROUTE ] array (
  'type' => 'module',
  'module' => 
  array (
    0 => 'home',
    1 => 'index',
    2 => 'index',
  ),
)
[ info ] [ HEADER ] array (
  'host' => 'www.yuanzigo.com',
  'accept-language' => 'en',
  'accept-encoding' => 'gzip,deflate',
  'accept' => 'text/html,application/xhtml+xml,application/xml;q=0.9,*/*;q=0.8',
  'user-agent' => 'Scrapy/1.5.0 (+https://scrapy.org)',
  'content-type' => '',
  'content-length' => '',
)
[ info ] [ PARAM ] array (
)
[ info ] [ RUN ] app\home\controller\Index->index[ /home/wwwroot/www.yuanzigo.com/application/home/controller/Index.php ]
[ info ] [ VIEW ] /home/wwwroot/www.yuanzigo.com/public/../application/home/view/index/index.html [ array (
  0 => 'qr',
  1 => 'code',
) ]
[ info ] [ LOG ] INIT File

---------------------------------------------------------------
[ 2018-02-16T08:44:22+08:00 ] 172.19.226.46 140.205.205.25 GET /home/index/index
[ log ] www.yuanzigo.com/home/index/index [运行时间：0.180490s][吞吐率：5.54req/s] [内存消耗：3,438.52kb] [文件加载：92]
[ info ] [ LANG ] /home/wwwroot/www.yuanzigo.com/thinkphp/lang/zh-cn.php
[ info ] [ ROUTE ] array (
  'type' => 'module',
  'module' => 
  array (
    0 => 'home',
    1 => 'index',
    2 => 'index',
  ),
)
[ info ] [ HEADER ] array (
  'accept-language' => 'en',
  'accept-encoding' => 'gzip,deflate',
  'accept' => 'text/html,application/xhtml+xml,application/xml;q=0.9,*/*;q=0.8',
  'user-agent' => 'Scrapy/1.5.0 (+https://scrapy.org)',
  'host' => 'www.yuanzigo.com',
  'referer' => 'https://www.yuanzigo.com/home/index/index',
  'content-type' => '',
  'content-length' => '',
)
[ info ] [ PARAM ] array (
)
[ info ] [ RUN ] app\home\controller\Index->index[ /home/wwwroot/www.yuanzigo.com/application/home/controller/Index.php ]
[ info ] [ VIEW ] /home/wwwroot/www.yuanzigo.com/public/../application/home/view/index/index.html [ array (
  0 => 'qr',
  1 => 'code',
) ]
[ info ] [ LOG ] INIT File

---------------------------------------------------------------
[ 2018-02-16T09:34:18+08:00 ] 172.19.226.46 123.125.67.144 GET /
[ log ] www.yuanzigo.com/ [运行时间：0.018497s][吞吐率：54.06req/s] [内存消耗：1,978.66kb] [文件加载：48]
[ info ] [ LANG ] /home/wwwroot/www.yuanzigo.com/thinkphp/lang/zh-cn.php
[ info ] [ ROUTE ] array (
  'type' => 'module',
  'module' => 
  array (
    0 => '',
    1 => NULL,
    2 => NULL,
  ),
)
[ info ] [ HEADER ] array (
  'host' => 'www.yuanzigo.com',
  'user-agent' => 'Mozilla/5.0 (Windows NT 10.0; WOW64) AppleWebKit/537.36 (KHTML, like Gecko) Chrome/45.0.2454.93 Safari/537.36',
  'accept-language' => 'zh-cn,zh-tw',
  'accept' => '*/*',
  'content-type' => '',
  'content-length' => '',
)
[ info ] [ PARAM ] array (
)
[ info ] [ LOG ] INIT File

---------------------------------------------------------------
[ 2018-02-16T09:34:19+08:00 ] 172.19.226.46 123.125.67.144 GET /home/index/index
[ log ] www.yuanzigo.com/home/index/index [运行时间：0.376910s][吞吐率：2.65req/s] [内存消耗：3,438.55kb] [文件加载：92]
[ info ] [ LANG ] /home/wwwroot/www.yuanzigo.com/thinkphp/lang/zh-cn.php
[ info ] [ ROUTE ] array (
  'type' => 'module',
  'module' => 
  array (
    0 => 'home',
    1 => 'index',
    2 => 'index',
  ),
)
[ info ] [ HEADER ] array (
  'host' => 'www.yuanzigo.com',
  'user-agent' => 'Mozilla/5.0 (Windows NT 10.0; WOW64) AppleWebKit/537.36 (KHTML, like Gecko) Chrome/45.0.2454.93 Safari/537.36',
  'accept-language' => 'zh-cn,zh-tw',
  'accept' => '*/*',
  'content-type' => '',
  'content-length' => '',
)
[ info ] [ PARAM ] array (
)
[ info ] [ RUN ] app\home\controller\Index->index[ /home/wwwroot/www.yuanzigo.com/application/home/controller/Index.php ]
[ info ] [ VIEW ] /home/wwwroot/www.yuanzigo.com/public/../application/home/view/index/index.html [ array (
  0 => 'qr',
  1 => 'code',
) ]
[ info ] [ LOG ] INIT File

---------------------------------------------------------------
[ 2018-02-16T09:34:22+08:00 ] 172.19.226.46 111.206.221.74 POST /home/index/scan
[ log ] www.yuanzigo.com/home/index/scan [运行时间：0.026688s][吞吐率：37.47req/s] [内存消耗：2,891.94kb] [文件加载：53]
[ info ] [ LANG ] /home/wwwroot/www.yuanzigo.com/thinkphp/lang/zh-cn.php
[ info ] [ ROUTE ] array (
  'type' => 'module',
  'module' => 
  array (
    0 => 'home',
    1 => 'index',
    2 => 'scan',
  ),
)
[ info ] [ HEADER ] array (
  'host' => 'www.yuanzigo.com',
  'content-length' => '3',
  'user-agent' => 'Mozilla/5.0 (Windows NT 10.0; WOW64) AppleWebKit/537.36 (KHTML, like Gecko) Chrome/45.0.2454.93 Safari/537.36',
  'proxy-connection' => 'keep-alive',
  'origin' => 'http://www.yuanzigo.com',
  'accept-language' => 'zh-CN,zh;q=0.8,en-US;q=0.5,en;q=0.3',
  'content-type' => 'application/x-www-form-urlencoded; charset=UTF-8',
  'accept' => '*/*',
  'x-devtools-emulate-network-conditions-client-id' => '3891e930-1737-4f20-aaa8-07a5d072947f',
  'x-requested-with' => 'XMLHttpRequest',
  'resource-type' => '13',
  'referer' => 'http://www.yuanzigo.com/home/index/index',
)
[ info ] [ PARAM ] array (
  'c' => '1',
)
[ info ] [ RUN ] app\home\controller\Index->scan[ /home/wwwroot/www.yuanzigo.com/application/home/controller/Index.php ]
[ info ] [ DB ] INIT mysql
[ info ] [ LOG ] INIT File
[ sql ] [ DB ] CONNECT:[ UseTime:0.000431s ] mysql:dbname=yuanzi;host=127.0.0.1;charset=utf8
[ sql ] [ SQL ] SHOW COLUMNS FROM `aman_scanlogin` [ RunTime:0.000646s ]
[ sql ] [ SQL ] SELECT * FROM `aman_scanlogin` WHERE  `code` = null LIMIT 1 [ RunTime:0.000264s ]

---------------------------------------------------------------
[ 2018-02-16T09:34:25+08:00 ] 172.19.226.46 111.206.198.10 POST /home/index/scan
[ log ] www.yuanzigo.com/home/index/scan [运行时间：0.029170s][吞吐率：34.28req/s] [内存消耗：2,891.94kb] [文件加载：53]
[ info ] [ LANG ] /home/wwwroot/www.yuanzigo.com/thinkphp/lang/zh-cn.php
[ info ] [ ROUTE ] array (
  'type' => 'module',
  'module' => 
  array (
    0 => 'home',
    1 => 'index',
    2 => 'scan',
  ),
)
[ info ] [ HEADER ] array (
  'host' => 'www.yuanzigo.com',
  'content-length' => '3',
  'user-agent' => 'Mozilla/5.0 (Windows NT 10.0; WOW64) AppleWebKit/537.36 (KHTML, like Gecko) Chrome/45.0.2454.93 Safari/537.36',
  'proxy-connection' => 'keep-alive',
  'origin' => 'http://www.yuanzigo.com',
  'accept-language' => 'zh-CN,zh;q=0.8,en-US;q=0.5,en;q=0.3',
  'content-type' => 'application/x-www-form-urlencoded; charset=UTF-8',
  'accept' => '*/*',
  'x-devtools-emulate-network-conditions-client-id' => '3891e930-1737-4f20-aaa8-07a5d072947f',
  'x-requested-with' => 'XMLHttpRequest',
  'resource-type' => '13',
  'referer' => 'http://www.yuanzigo.com/home/index/index',
)
[ info ] [ PARAM ] array (
  'c' => '1',
)
[ info ] [ RUN ] app\home\controller\Index->scan[ /home/wwwroot/www.yuanzigo.com/application/home/controller/Index.php ]
[ info ] [ DB ] INIT mysql
[ info ] [ LOG ] INIT File
[ sql ] [ DB ] CONNECT:[ UseTime:0.000498s ] mysql:dbname=yuanzi;host=127.0.0.1;charset=utf8
[ sql ] [ SQL ] SHOW COLUMNS FROM `aman_scanlogin` [ RunTime:0.000656s ]
[ sql ] [ SQL ] SELECT * FROM `aman_scanlogin` WHERE  `code` = null LIMIT 1 [ RunTime:0.000271s ]

---------------------------------------------------------------
[ 2018-02-16T09:34:28+08:00 ] 172.19.226.46 111.206.198.13 POST /home/index/scan
[ log ] www.yuanzigo.com/home/index/scan [运行时间：0.026825s][吞吐率：37.28req/s] [内存消耗：2,891.94kb] [文件加载：53]
[ info ] [ LANG ] /home/wwwroot/www.yuanzigo.com/thinkphp/lang/zh-cn.php
[ info ] [ ROUTE ] array (
  'type' => 'module',
  'module' => 
  array (
    0 => 'home',
    1 => 'index',
    2 => 'scan',
  ),
)
[ info ] [ HEADER ] array (
  'host' => 'www.yuanzigo.com',
  'content-length' => '3',
  'user-agent' => 'Mozilla/5.0 (Windows NT 10.0; WOW64) AppleWebKit/537.36 (KHTML, like Gecko) Chrome/45.0.2454.93 Safari/537.36',
  'proxy-connection' => 'keep-alive',
  'origin' => 'http://www.yuanzigo.com',
  'accept-language' => 'zh-CN,zh;q=0.8,en-US;q=0.5,en;q=0.3',
  'content-type' => 'application/x-www-form-urlencoded; charset=UTF-8',
  'accept' => '*/*',
  'x-devtools-emulate-network-conditions-client-id' => '3891e930-1737-4f20-aaa8-07a5d072947f',
  'x-requested-with' => 'XMLHttpRequest',
  'resource-type' => '13',
  'referer' => 'http://www.yuanzigo.com/home/index/index',
)
[ info ] [ PARAM ] array (
  'c' => '1',
)
[ info ] [ RUN ] app\home\controller\Index->scan[ /home/wwwroot/www.yuanzigo.com/application/home/controller/Index.php ]
[ info ] [ DB ] INIT mysql
[ info ] [ LOG ] INIT File
[ sql ] [ DB ] CONNECT:[ UseTime:0.000433s ] mysql:dbname=yuanzi;host=127.0.0.1;charset=utf8
[ sql ] [ SQL ] SHOW COLUMNS FROM `aman_scanlogin` [ RunTime:0.000745s ]
[ sql ] [ SQL ] SELECT * FROM `aman_scanlogin` WHERE  `code` = null LIMIT 1 [ RunTime:0.000252s ]

---------------------------------------------------------------
[ 2018-02-16T09:34:31+08:00 ] 172.19.226.46 111.206.221.108 POST /home/index/scan
[ log ] www.yuanzigo.com/home/index/scan [运行时间：0.028025s][吞吐率：35.68req/s] [内存消耗：2,891.94kb] [文件加载：53]
[ info ] [ LANG ] /home/wwwroot/www.yuanzigo.com/thinkphp/lang/zh-cn.php
[ info ] [ ROUTE ] array (
  'type' => 'module',
  'module' => 
  array (
    0 => 'home',
    1 => 'index',
    2 => 'scan',
  ),
)
[ info ] [ HEADER ] array (
  'host' => 'www.yuanzigo.com',
  'content-length' => '3',
  'user-agent' => 'Mozilla/5.0 (Windows NT 10.0; WOW64) AppleWebKit/537.36 (KHTML, like Gecko) Chrome/45.0.2454.93 Safari/537.36',
  'proxy-connection' => 'keep-alive',
  'origin' => 'http://www.yuanzigo.com',
  'accept-language' => 'zh-CN,zh;q=0.8,en-US;q=0.5,en;q=0.3',
  'content-type' => 'application/x-www-form-urlencoded; charset=UTF-8',
  'accept' => '*/*',
  'x-devtools-emulate-network-conditions-client-id' => '3891e930-1737-4f20-aaa8-07a5d072947f',
  'x-requested-with' => 'XMLHttpRequest',
  'resource-type' => '13',
  'referer' => 'http://www.yuanzigo.com/home/index/index',
)
[ info ] [ PARAM ] array (
  'c' => '1',
)
[ info ] [ RUN ] app\home\controller\Index->scan[ /home/wwwroot/www.yuanzigo.com/application/home/controller/Index.php ]
[ info ] [ DB ] INIT mysql
[ info ] [ LOG ] INIT File
[ sql ] [ DB ] CONNECT:[ UseTime:0.000420s ] mysql:dbname=yuanzi;host=127.0.0.1;charset=utf8
[ sql ] [ SQL ] SHOW COLUMNS FROM `aman_scanlogin` [ RunTime:0.000671s ]
[ sql ] [ SQL ] SELECT * FROM `aman_scanlogin` WHERE  `code` = null LIMIT 1 [ RunTime:0.000275s ]

---------------------------------------------------------------
[ 2018-02-16T09:34:34+08:00 ] 172.19.226.46 111.206.198.53 POST /home/index/scan
[ log ] www.yuanzigo.com/home/index/scan [运行时间：0.027333s][吞吐率：36.59req/s] [内存消耗：2,891.94kb] [文件加载：53]
[ info ] [ LANG ] /home/wwwroot/www.yuanzigo.com/thinkphp/lang/zh-cn.php
[ info ] [ ROUTE ] array (
  'type' => 'module',
  'module' => 
  array (
    0 => 'home',
    1 => 'index',
    2 => 'scan',
  ),
)
[ info ] [ HEADER ] array (
  'host' => 'www.yuanzigo.com',
  'content-length' => '3',
  'user-agent' => 'Mozilla/5.0 (Windows NT 10.0; WOW64) AppleWebKit/537.36 (KHTML, like Gecko) Chrome/45.0.2454.93 Safari/537.36',
  'proxy-connection' => 'keep-alive',
  'origin' => 'http://www.yuanzigo.com',
  'accept-language' => 'zh-CN,zh;q=0.8,en-US;q=0.5,en;q=0.3',
  'content-type' => 'application/x-www-form-urlencoded; charset=UTF-8',
  'accept' => '*/*',
  'x-devtools-emulate-network-conditions-client-id' => '3891e930-1737-4f20-aaa8-07a5d072947f',
  'x-requested-with' => 'XMLHttpRequest',
  'resource-type' => '13',
  'referer' => 'http://www.yuanzigo.com/home/index/index',
)
[ info ] [ PARAM ] array (
  'c' => '1',
)
[ info ] [ RUN ] app\home\controller\Index->scan[ /home/wwwroot/www.yuanzigo.com/application/home/controller/Index.php ]
[ info ] [ DB ] INIT mysql
[ info ] [ LOG ] INIT File
[ sql ] [ DB ] CONNECT:[ UseTime:0.000515s ] mysql:dbname=yuanzi;host=127.0.0.1;charset=utf8
[ sql ] [ SQL ] SHOW COLUMNS FROM `aman_scanlogin` [ RunTime:0.000732s ]
[ sql ] [ SQL ] SELECT * FROM `aman_scanlogin` WHERE  `code` = null LIMIT 1 [ RunTime:0.000315s ]

---------------------------------------------------------------
[ 2018-02-16T09:34:37+08:00 ] 172.19.226.46 111.206.198.122 POST /home/index/scan
[ log ] www.yuanzigo.com/home/index/scan [运行时间：0.031138s][吞吐率：32.12req/s] [内存消耗：2,891.94kb] [文件加载：53]
[ info ] [ LANG ] /home/wwwroot/www.yuanzigo.com/thinkphp/lang/zh-cn.php
[ info ] [ ROUTE ] array (
  'type' => 'module',
  'module' => 
  array (
    0 => 'home',
    1 => 'index',
    2 => 'scan',
  ),
)
[ info ] [ HEADER ] array (
  'host' => 'www.yuanzigo.com',
  'content-length' => '3',
  'user-agent' => 'Mozilla/5.0 (Windows NT 10.0; WOW64) AppleWebKit/537.36 (KHTML, like Gecko) Chrome/45.0.2454.93 Safari/537.36',
  'proxy-connection' => 'keep-alive',
  'origin' => 'http://www.yuanzigo.com',
  'accept-language' => 'zh-CN,zh;q=0.8,en-US;q=0.5,en;q=0.3',
  'content-type' => 'application/x-www-form-urlencoded; charset=UTF-8',
  'accept' => '*/*',
  'x-devtools-emulate-network-conditions-client-id' => '3891e930-1737-4f20-aaa8-07a5d072947f',
  'x-requested-with' => 'XMLHttpRequest',
  'resource-type' => '13',
  'referer' => 'http://www.yuanzigo.com/home/index/index',
)
[ info ] [ PARAM ] array (
  'c' => '1',
)
[ info ] [ RUN ] app\home\controller\Index->scan[ /home/wwwroot/www.yuanzigo.com/application/home/controller/Index.php ]
[ info ] [ DB ] INIT mysql
[ info ] [ LOG ] INIT File
[ sql ] [ DB ] CONNECT:[ UseTime:0.000568s ] mysql:dbname=yuanzi;host=127.0.0.1;charset=utf8
[ sql ] [ SQL ] SHOW COLUMNS FROM `aman_scanlogin` [ RunTime:0.000783s ]
[ sql ] [ SQL ] SELECT * FROM `aman_scanlogin` WHERE  `code` = null LIMIT 1 [ RunTime:0.000313s ]

---------------------------------------------------------------
[ 2018-02-16T09:34:40+08:00 ] 172.19.226.46 111.206.221.85 POST /home/index/scan
[ log ] www.yuanzigo.com/home/index/scan [运行时间：0.027649s][吞吐率：36.17req/s] [内存消耗：2,891.94kb] [文件加载：53]
[ info ] [ LANG ] /home/wwwroot/www.yuanzigo.com/thinkphp/lang/zh-cn.php
[ info ] [ ROUTE ] array (
  'type' => 'module',
  'module' => 
  array (
    0 => 'home',
    1 => 'index',
    2 => 'scan',
  ),
)
[ info ] [ HEADER ] array (
  'host' => 'www.yuanzigo.com',
  'content-length' => '3',
  'user-agent' => 'Mozilla/5.0 (Windows NT 10.0; WOW64) AppleWebKit/537.36 (KHTML, like Gecko) Chrome/45.0.2454.93 Safari/537.36',
  'proxy-connection' => 'keep-alive',
  'origin' => 'http://www.yuanzigo.com',
  'accept-language' => 'zh-CN,zh;q=0.8,en-US;q=0.5,en;q=0.3',
  'content-type' => 'application/x-www-form-urlencoded; charset=UTF-8',
  'accept' => '*/*',
  'x-devtools-emulate-network-conditions-client-id' => '3891e930-1737-4f20-aaa8-07a5d072947f',
  'x-requested-with' => 'XMLHttpRequest',
  'resource-type' => '13',
  'referer' => 'http://www.yuanzigo.com/home/index/index',
)
[ info ] [ PARAM ] array (
  'c' => '1',
)
[ info ] [ RUN ] app\home\controller\Index->scan[ /home/wwwroot/www.yuanzigo.com/application/home/controller/Index.php ]
[ info ] [ DB ] INIT mysql
[ info ] [ LOG ] INIT File
[ sql ] [ DB ] CONNECT:[ UseTime:0.000611s ] mysql:dbname=yuanzi;host=127.0.0.1;charset=utf8
[ sql ] [ SQL ] SHOW COLUMNS FROM `aman_scanlogin` [ RunTime:0.000721s ]
[ sql ] [ SQL ] SELECT * FROM `aman_scanlogin` WHERE  `code` = null LIMIT 1 [ RunTime:0.000389s ]

---------------------------------------------------------------
[ 2018-02-16T09:34:43+08:00 ] 172.19.226.46 111.206.198.53 POST /home/index/scan
[ log ] www.yuanzigo.com/home/index/scan [运行时间：0.026587s][吞吐率：37.61req/s] [内存消耗：2,891.94kb] [文件加载：53]
[ info ] [ LANG ] /home/wwwroot/www.yuanzigo.com/thinkphp/lang/zh-cn.php
[ info ] [ ROUTE ] array (
  'type' => 'module',
  'module' => 
  array (
    0 => 'home',
    1 => 'index',
    2 => 'scan',
  ),
)
[ info ] [ HEADER ] array (
  'host' => 'www.yuanzigo.com',
  'content-length' => '3',
  'user-agent' => 'Mozilla/5.0 (Windows NT 10.0; WOW64) AppleWebKit/537.36 (KHTML, like Gecko) Chrome/45.0.2454.93 Safari/537.36',
  'proxy-connection' => 'keep-alive',
  'origin' => 'http://www.yuanzigo.com',
  'accept-language' => 'zh-CN,zh;q=0.8,en-US;q=0.5,en;q=0.3',
  'content-type' => 'application/x-www-form-urlencoded; charset=UTF-8',
  'accept' => '*/*',
  'x-devtools-emulate-network-conditions-client-id' => '3891e930-1737-4f20-aaa8-07a5d072947f',
  'x-requested-with' => 'XMLHttpRequest',
  'resource-type' => '13',
  'referer' => 'http://www.yuanzigo.com/home/index/index',
)
[ info ] [ PARAM ] array (
  'c' => '1',
)
[ info ] [ RUN ] app\home\controller\Index->scan[ /home/wwwroot/www.yuanzigo.com/application/home/controller/Index.php ]
[ info ] [ DB ] INIT mysql
[ info ] [ LOG ] INIT File
[ sql ] [ DB ] CONNECT:[ UseTime:0.000465s ] mysql:dbname=yuanzi;host=127.0.0.1;charset=utf8
[ sql ] [ SQL ] SHOW COLUMNS FROM `aman_scanlogin` [ RunTime:0.000732s ]
[ sql ] [ SQL ] SELECT * FROM `aman_scanlogin` WHERE  `code` = null LIMIT 1 [ RunTime:0.000321s ]

---------------------------------------------------------------
[ 2018-02-16T09:34:46+08:00 ] 172.19.226.46 111.206.221.80 POST /home/index/scan
[ log ] www.yuanzigo.com/home/index/scan [运行时间：0.026818s][吞吐率：37.29req/s] [内存消耗：2,891.94kb] [文件加载：53]
[ info ] [ LANG ] /home/wwwroot/www.yuanzigo.com/thinkphp/lang/zh-cn.php
[ info ] [ ROUTE ] array (
  'type' => 'module',
  'module' => 
  array (
    0 => 'home',
    1 => 'index',
    2 => 'scan',
  ),
)
[ info ] [ HEADER ] array (
  'host' => 'www.yuanzigo.com',
  'content-length' => '3',
  'user-agent' => 'Mozilla/5.0 (Windows NT 10.0; WOW64) AppleWebKit/537.36 (KHTML, like Gecko) Chrome/45.0.2454.93 Safari/537.36',
  'proxy-connection' => 'keep-alive',
  'origin' => 'http://www.yuanzigo.com',
  'accept-language' => 'zh-CN,zh;q=0.8,en-US;q=0.5,en;q=0.3',
  'content-type' => 'application/x-www-form-urlencoded; charset=UTF-8',
  'accept' => '*/*',
  'x-devtools-emulate-network-conditions-client-id' => '3891e930-1737-4f20-aaa8-07a5d072947f',
  'x-requested-with' => 'XMLHttpRequest',
  'resource-type' => '13',
  'referer' => 'http://www.yuanzigo.com/home/index/index',
)
[ info ] [ PARAM ] array (
  'c' => '1',
)
[ info ] [ RUN ] app\home\controller\Index->scan[ /home/wwwroot/www.yuanzigo.com/application/home/controller/Index.php ]
[ info ] [ DB ] INIT mysql
[ info ] [ LOG ] INIT File
[ sql ] [ DB ] CONNECT:[ UseTime:0.000429s ] mysql:dbname=yuanzi;host=127.0.0.1;charset=utf8
[ sql ] [ SQL ] SHOW COLUMNS FROM `aman_scanlogin` [ RunTime:0.000697s ]
[ sql ] [ SQL ] SELECT * FROM `aman_scanlogin` WHERE  `code` = null LIMIT 1 [ RunTime:0.000335s ]

---------------------------------------------------------------
[ 2018-02-16T09:34:49+08:00 ] 172.19.226.46 111.206.221.84 POST /home/index/scan
[ log ] www.yuanzigo.com/home/index/scan [运行时间：0.027189s][吞吐率：36.78req/s] [内存消耗：2,891.94kb] [文件加载：53]
[ info ] [ LANG ] /home/wwwroot/www.yuanzigo.com/thinkphp/lang/zh-cn.php
[ info ] [ ROUTE ] array (
  'type' => 'module',
  'module' => 
  array (
    0 => 'home',
    1 => 'index',
    2 => 'scan',
  ),
)
[ info ] [ HEADER ] array (
  'host' => 'www.yuanzigo.com',
  'content-length' => '3',
  'user-agent' => 'Mozilla/5.0 (Windows NT 10.0; WOW64) AppleWebKit/537.36 (KHTML, like Gecko) Chrome/45.0.2454.93 Safari/537.36',
  'proxy-connection' => 'keep-alive',
  'origin' => 'http://www.yuanzigo.com',
  'accept-language' => 'zh-CN,zh;q=0.8,en-US;q=0.5,en;q=0.3',
  'content-type' => 'application/x-www-form-urlencoded; charset=UTF-8',
  'accept' => '*/*',
  'x-devtools-emulate-network-conditions-client-id' => '3891e930-1737-4f20-aaa8-07a5d072947f',
  'x-requested-with' => 'XMLHttpRequest',
  'resource-type' => '13',
  'referer' => 'http://www.yuanzigo.com/home/index/index',
)
[ info ] [ PARAM ] array (
  'c' => '1',
)
[ info ] [ RUN ] app\home\controller\Index->scan[ /home/wwwroot/www.yuanzigo.com/application/home/controller/Index.php ]
[ info ] [ DB ] INIT mysql
[ info ] [ LOG ] INIT File
[ sql ] [ DB ] CONNECT:[ UseTime:0.000441s ] mysql:dbname=yuanzi;host=127.0.0.1;charset=utf8
[ sql ] [ SQL ] SHOW COLUMNS FROM `aman_scanlogin` [ RunTime:0.000661s ]
[ sql ] [ SQL ] SELECT * FROM `aman_scanlogin` WHERE  `code` = null LIMIT 1 [ RunTime:0.000405s ]

---------------------------------------------------------------
[ 2018-02-16T09:34:52+08:00 ] 172.19.226.46 111.206.198.81 POST /home/index/scan
[ log ] www.yuanzigo.com/home/index/scan [运行时间：0.028293s][吞吐率：35.34req/s] [内存消耗：2,891.94kb] [文件加载：53]
[ info ] [ LANG ] /home/wwwroot/www.yuanzigo.com/thinkphp/lang/zh-cn.php
[ info ] [ ROUTE ] array (
  'type' => 'module',
  'module' => 
  array (
    0 => 'home',
    1 => 'index',
    2 => 'scan',
  ),
)
[ info ] [ HEADER ] array (
  'host' => 'www.yuanzigo.com',
  'content-length' => '3',
  'user-agent' => 'Mozilla/5.0 (Windows NT 10.0; WOW64) AppleWebKit/537.36 (KHTML, like Gecko) Chrome/45.0.2454.93 Safari/537.36',
  'proxy-connection' => 'keep-alive',
  'origin' => 'http://www.yuanzigo.com',
  'accept-language' => 'zh-CN,zh;q=0.8,en-US;q=0.5,en;q=0.3',
  'content-type' => 'application/x-www-form-urlencoded; charset=UTF-8',
  'accept' => '*/*',
  'x-devtools-emulate-network-conditions-client-id' => '3891e930-1737-4f20-aaa8-07a5d072947f',
  'x-requested-with' => 'XMLHttpRequest',
  'resource-type' => '13',
  'referer' => 'http://www.yuanzigo.com/home/index/index',
)
[ info ] [ PARAM ] array (
  'c' => '1',
)
[ info ] [ RUN ] app\home\controller\Index->scan[ /home/wwwroot/www.yuanzigo.com/application/home/controller/Index.php ]
[ info ] [ DB ] INIT mysql
[ info ] [ LOG ] INIT File
[ sql ] [ DB ] CONNECT:[ UseTime:0.000408s ] mysql:dbname=yuanzi;host=127.0.0.1;charset=utf8
[ sql ] [ SQL ] SHOW COLUMNS FROM `aman_scanlogin` [ RunTime:0.000581s ]
[ sql ] [ SQL ] SELECT * FROM `aman_scanlogin` WHERE  `code` = null LIMIT 1 [ RunTime:0.000304s ]

---------------------------------------------------------------
[ 2018-02-16T09:34:55+08:00 ] 172.19.226.46 111.206.198.8 POST /home/index/scan
[ log ] www.yuanzigo.com/home/index/scan [运行时间：0.027685s][吞吐率：36.12req/s] [内存消耗：2,891.94kb] [文件加载：53]
[ info ] [ LANG ] /home/wwwroot/www.yuanzigo.com/thinkphp/lang/zh-cn.php
[ info ] [ ROUTE ] array (
  'type' => 'module',
  'module' => 
  array (
    0 => 'home',
    1 => 'index',
    2 => 'scan',
  ),
)
[ info ] [ HEADER ] array (
  'host' => 'www.yuanzigo.com',
  'content-length' => '3',
  'user-agent' => 'Mozilla/5.0 (Windows NT 10.0; WOW64) AppleWebKit/537.36 (KHTML, like Gecko) Chrome/45.0.2454.93 Safari/537.36',
  'proxy-connection' => 'keep-alive',
  'origin' => 'http://www.yuanzigo.com',
  'accept-language' => 'zh-CN,zh;q=0.8,en-US;q=0.5,en;q=0.3',
  'content-type' => 'application/x-www-form-urlencoded; charset=UTF-8',
  'accept' => '*/*',
  'x-devtools-emulate-network-conditions-client-id' => '3891e930-1737-4f20-aaa8-07a5d072947f',
  'x-requested-with' => 'XMLHttpRequest',
  'resource-type' => '13',
  'referer' => 'http://www.yuanzigo.com/home/index/index',
)
[ info ] [ PARAM ] array (
  'c' => '1',
)
[ info ] [ RUN ] app\home\controller\Index->scan[ /home/wwwroot/www.yuanzigo.com/application/home/controller/Index.php ]
[ info ] [ DB ] INIT mysql
[ info ] [ LOG ] INIT File
[ sql ] [ DB ] CONNECT:[ UseTime:0.000565s ] mysql:dbname=yuanzi;host=127.0.0.1;charset=utf8
[ sql ] [ SQL ] SHOW COLUMNS FROM `aman_scanlogin` [ RunTime:0.000687s ]
[ sql ] [ SQL ] SELECT * FROM `aman_scanlogin` WHERE  `code` = null LIMIT 1 [ RunTime:0.000321s ]

---------------------------------------------------------------
[ 2018-02-16T09:34:58+08:00 ] 172.19.226.46 111.206.221.41 POST /home/index/scan
[ log ] www.yuanzigo.com/home/index/scan [运行时间：0.027003s][吞吐率：37.03req/s] [内存消耗：2,891.94kb] [文件加载：53]
[ info ] [ LANG ] /home/wwwroot/www.yuanzigo.com/thinkphp/lang/zh-cn.php
[ info ] [ ROUTE ] array (
  'type' => 'module',
  'module' => 
  array (
    0 => 'home',
    1 => 'index',
    2 => 'scan',
  ),
)
[ info ] [ HEADER ] array (
  'host' => 'www.yuanzigo.com',
  'content-length' => '3',
  'user-agent' => 'Mozilla/5.0 (Windows NT 10.0; WOW64) AppleWebKit/537.36 (KHTML, like Gecko) Chrome/45.0.2454.93 Safari/537.36',
  'proxy-connection' => 'keep-alive',
  'origin' => 'http://www.yuanzigo.com',
  'accept-language' => 'zh-CN,zh;q=0.8,en-US;q=0.5,en;q=0.3',
  'content-type' => 'application/x-www-form-urlencoded; charset=UTF-8',
  'accept' => '*/*',
  'x-devtools-emulate-network-conditions-client-id' => '3891e930-1737-4f20-aaa8-07a5d072947f',
  'x-requested-with' => 'XMLHttpRequest',
  'resource-type' => '13',
  'referer' => 'http://www.yuanzigo.com/home/index/index',
)
[ info ] [ PARAM ] array (
  'c' => '1',
)
[ info ] [ RUN ] app\home\controller\Index->scan[ /home/wwwroot/www.yuanzigo.com/application/home/controller/Index.php ]
[ info ] [ DB ] INIT mysql
[ info ] [ LOG ] INIT File
[ sql ] [ DB ] CONNECT:[ UseTime:0.000534s ] mysql:dbname=yuanzi;host=127.0.0.1;charset=utf8
[ sql ] [ SQL ] SHOW COLUMNS FROM `aman_scanlogin` [ RunTime:0.000683s ]
[ sql ] [ SQL ] SELECT * FROM `aman_scanlogin` WHERE  `code` = null LIMIT 1 [ RunTime:0.000257s ]

---------------------------------------------------------------
[ 2018-02-16T09:35:01+08:00 ] 172.19.226.46 111.206.198.4 POST /home/index/scan
[ log ] www.yuanzigo.com/home/index/scan [运行时间：0.033379s][吞吐率：29.96req/s] [内存消耗：2,891.94kb] [文件加载：53]
[ info ] [ LANG ] /home/wwwroot/www.yuanzigo.com/thinkphp/lang/zh-cn.php
[ info ] [ ROUTE ] array (
  'type' => 'module',
  'module' => 
  array (
    0 => 'home',
    1 => 'index',
    2 => 'scan',
  ),
)
[ info ] [ HEADER ] array (
  'host' => 'www.yuanzigo.com',
  'content-length' => '3',
  'user-agent' => 'Mozilla/5.0 (Windows NT 10.0; WOW64) AppleWebKit/537.36 (KHTML, like Gecko) Chrome/45.0.2454.93 Safari/537.36',
  'proxy-connection' => 'keep-alive',
  'origin' => 'http://www.yuanzigo.com',
  'accept-language' => 'zh-CN,zh;q=0.8,en-US;q=0.5,en;q=0.3',
  'content-type' => 'application/x-www-form-urlencoded; charset=UTF-8',
  'accept' => '*/*',
  'x-devtools-emulate-network-conditions-client-id' => '3891e930-1737-4f20-aaa8-07a5d072947f',
  'x-requested-with' => 'XMLHttpRequest',
  'resource-type' => '13',
  'referer' => 'http://www.yuanzigo.com/home/index/index',
)
[ info ] [ PARAM ] array (
  'c' => '1',
)
[ info ] [ RUN ] app\home\controller\Index->scan[ /home/wwwroot/www.yuanzigo.com/application/home/controller/Index.php ]
[ info ] [ DB ] INIT mysql
[ info ] [ LOG ] INIT File
[ sql ] [ DB ] CONNECT:[ UseTime:0.000621s ] mysql:dbname=yuanzi;host=127.0.0.1;charset=utf8
[ sql ] [ SQL ] SHOW COLUMNS FROM `aman_scanlogin` [ RunTime:0.000765s ]
[ sql ] [ SQL ] SELECT * FROM `aman_scanlogin` WHERE  `code` = null LIMIT 1 [ RunTime:0.000365s ]

---------------------------------------------------------------
[ 2018-02-16T09:35:04+08:00 ] 172.19.226.46 111.206.221.3 POST /home/index/scan
[ log ] www.yuanzigo.com/home/index/scan [运行时间：0.032709s][吞吐率：30.57req/s] [内存消耗：2,891.94kb] [文件加载：53]
[ info ] [ LANG ] /home/wwwroot/www.yuanzigo.com/thinkphp/lang/zh-cn.php
[ info ] [ ROUTE ] array (
  'type' => 'module',
  'module' => 
  array (
    0 => 'home',
    1 => 'index',
    2 => 'scan',
  ),
)
[ info ] [ HEADER ] array (
  'host' => 'www.yuanzigo.com',
  'content-length' => '3',
  'user-agent' => 'Mozilla/5.0 (Windows NT 10.0; WOW64) AppleWebKit/537.36 (KHTML, like Gecko) Chrome/45.0.2454.93 Safari/537.36',
  'proxy-connection' => 'keep-alive',
  'origin' => 'http://www.yuanzigo.com',
  'accept-language' => 'zh-CN,zh;q=0.8,en-US;q=0.5,en;q=0.3',
  'content-type' => 'application/x-www-form-urlencoded; charset=UTF-8',
  'accept' => '*/*',
  'x-devtools-emulate-network-conditions-client-id' => '3891e930-1737-4f20-aaa8-07a5d072947f',
  'x-requested-with' => 'XMLHttpRequest',
  'resource-type' => '13',
  'referer' => 'http://www.yuanzigo.com/home/index/index',
)
[ info ] [ PARAM ] array (
  'c' => '1',
)
[ info ] [ RUN ] app\home\controller\Index->scan[ /home/wwwroot/www.yuanzigo.com/application/home/controller/Index.php ]
[ info ] [ DB ] INIT mysql
[ info ] [ LOG ] INIT File
[ sql ] [ DB ] CONNECT:[ UseTime:0.000556s ] mysql:dbname=yuanzi;host=127.0.0.1;charset=utf8
[ sql ] [ SQL ] SHOW COLUMNS FROM `aman_scanlogin` [ RunTime:0.000729s ]
[ sql ] [ SQL ] SELECT * FROM `aman_scanlogin` WHERE  `code` = null LIMIT 1 [ RunTime:0.000543s ]

---------------------------------------------------------------
[ 2018-02-16T09:35:07+08:00 ] 172.19.226.46 111.206.198.11 POST /home/index/scan
[ log ] www.yuanzigo.com/home/index/scan [运行时间：0.027106s][吞吐率：36.89req/s] [内存消耗：2,891.94kb] [文件加载：53]
[ info ] [ LANG ] /home/wwwroot/www.yuanzigo.com/thinkphp/lang/zh-cn.php
[ info ] [ ROUTE ] array (
  'type' => 'module',
  'module' => 
  array (
    0 => 'home',
    1 => 'index',
    2 => 'scan',
  ),
)
[ info ] [ HEADER ] array (
  'host' => 'www.yuanzigo.com',
  'content-length' => '3',
  'user-agent' => 'Mozilla/5.0 (Windows NT 10.0; WOW64) AppleWebKit/537.36 (KHTML, like Gecko) Chrome/45.0.2454.93 Safari/537.36',
  'proxy-connection' => 'keep-alive',
  'origin' => 'http://www.yuanzigo.com',
  'accept-language' => 'zh-CN,zh;q=0.8,en-US;q=0.5,en;q=0.3',
  'content-type' => 'application/x-www-form-urlencoded; charset=UTF-8',
  'accept' => '*/*',
  'x-devtools-emulate-network-conditions-client-id' => '3891e930-1737-4f20-aaa8-07a5d072947f',
  'x-requested-with' => 'XMLHttpRequest',
  'resource-type' => '13',
  'referer' => 'http://www.yuanzigo.com/home/index/index',
)
[ info ] [ PARAM ] array (
  'c' => '1',
)
[ info ] [ RUN ] app\home\controller\Index->scan[ /home/wwwroot/www.yuanzigo.com/application/home/controller/Index.php ]
[ info ] [ DB ] INIT mysql
[ info ] [ LOG ] INIT File
[ sql ] [ DB ] CONNECT:[ UseTime:0.000546s ] mysql:dbname=yuanzi;host=127.0.0.1;charset=utf8
[ sql ] [ SQL ] SHOW COLUMNS FROM `aman_scanlogin` [ RunTime:0.000643s ]
[ sql ] [ SQL ] SELECT * FROM `aman_scanlogin` WHERE  `code` = null LIMIT 1 [ RunTime:0.000284s ]

---------------------------------------------------------------
[ 2018-02-16T09:35:10+08:00 ] 172.19.226.46 111.206.198.42 POST /home/index/scan
[ log ] www.yuanzigo.com/home/index/scan [运行时间：0.027182s][吞吐率：36.79req/s] [内存消耗：2,891.94kb] [文件加载：53]
[ info ] [ LANG ] /home/wwwroot/www.yuanzigo.com/thinkphp/lang/zh-cn.php
[ info ] [ ROUTE ] array (
  'type' => 'module',
  'module' => 
  array (
    0 => 'home',
    1 => 'index',
    2 => 'scan',
  ),
)
[ info ] [ HEADER ] array (
  'host' => 'www.yuanzigo.com',
  'content-length' => '3',
  'user-agent' => 'Mozilla/5.0 (Windows NT 10.0; WOW64) AppleWebKit/537.36 (KHTML, like Gecko) Chrome/45.0.2454.93 Safari/537.36',
  'proxy-connection' => 'keep-alive',
  'origin' => 'http://www.yuanzigo.com',
  'accept-language' => 'zh-CN,zh;q=0.8,en-US;q=0.5,en;q=0.3',
  'content-type' => 'application/x-www-form-urlencoded; charset=UTF-8',
  'accept' => '*/*',
  'x-devtools-emulate-network-conditions-client-id' => '3891e930-1737-4f20-aaa8-07a5d072947f',
  'x-requested-with' => 'XMLHttpRequest',
  'resource-type' => '13',
  'referer' => 'http://www.yuanzigo.com/home/index/index',
)
[ info ] [ PARAM ] array (
  'c' => '1',
)
[ info ] [ RUN ] app\home\controller\Index->scan[ /home/wwwroot/www.yuanzigo.com/application/home/controller/Index.php ]
[ info ] [ DB ] INIT mysql
[ info ] [ LOG ] INIT File
[ sql ] [ DB ] CONNECT:[ UseTime:0.000493s ] mysql:dbname=yuanzi;host=127.0.0.1;charset=utf8
[ sql ] [ SQL ] SHOW COLUMNS FROM `aman_scanlogin` [ RunTime:0.000609s ]
[ sql ] [ SQL ] SELECT * FROM `aman_scanlogin` WHERE  `code` = null LIMIT 1 [ RunTime:0.000284s ]

---------------------------------------------------------------
[ 2018-02-16T09:35:13+08:00 ] 172.19.226.46 111.206.221.27 POST /home/index/scan
[ log ] www.yuanzigo.com/home/index/scan [运行时间：0.027521s][吞吐率：36.34req/s] [内存消耗：2,891.94kb] [文件加载：53]
[ info ] [ LANG ] /home/wwwroot/www.yuanzigo.com/thinkphp/lang/zh-cn.php
[ info ] [ ROUTE ] array (
  'type' => 'module',
  'module' => 
  array (
    0 => 'home',
    1 => 'index',
    2 => 'scan',
  ),
)
[ info ] [ HEADER ] array (
  'host' => 'www.yuanzigo.com',
  'content-length' => '3',
  'user-agent' => 'Mozilla/5.0 (Windows NT 10.0; WOW64) AppleWebKit/537.36 (KHTML, like Gecko) Chrome/45.0.2454.93 Safari/537.36',
  'proxy-connection' => 'keep-alive',
  'origin' => 'http://www.yuanzigo.com',
  'accept-language' => 'zh-CN,zh;q=0.8,en-US;q=0.5,en;q=0.3',
  'content-type' => 'application/x-www-form-urlencoded; charset=UTF-8',
  'accept' => '*/*',
  'x-devtools-emulate-network-conditions-client-id' => '3891e930-1737-4f20-aaa8-07a5d072947f',
  'x-requested-with' => 'XMLHttpRequest',
  'resource-type' => '13',
  'referer' => 'http://www.yuanzigo.com/home/index/index',
)
[ info ] [ PARAM ] array (
  'c' => '1',
)
[ info ] [ RUN ] app\home\controller\Index->scan[ /home/wwwroot/www.yuanzigo.com/application/home/controller/Index.php ]
[ info ] [ DB ] INIT mysql
[ info ] [ LOG ] INIT File
[ sql ] [ DB ] CONNECT:[ UseTime:0.000501s ] mysql:dbname=yuanzi;host=127.0.0.1;charset=utf8
[ sql ] [ SQL ] SHOW COLUMNS FROM `aman_scanlogin` [ RunTime:0.000668s ]
[ sql ] [ SQL ] SELECT * FROM `aman_scanlogin` WHERE  `code` = null LIMIT 1 [ RunTime:0.000307s ]

---------------------------------------------------------------
[ 2018-02-16T09:35:16+08:00 ] 172.19.226.46 111.206.221.114 POST /home/index/scan
[ log ] www.yuanzigo.com/home/index/scan [运行时间：0.028580s][吞吐率：34.99req/s] [内存消耗：2,891.94kb] [文件加载：53]
[ info ] [ LANG ] /home/wwwroot/www.yuanzigo.com/thinkphp/lang/zh-cn.php
[ info ] [ ROUTE ] array (
  'type' => 'module',
  'module' => 
  array (
    0 => 'home',
    1 => 'index',
    2 => 'scan',
  ),
)
[ info ] [ HEADER ] array (
  'host' => 'www.yuanzigo.com',
  'content-length' => '3',
  'user-agent' => 'Mozilla/5.0 (Windows NT 10.0; WOW64) AppleWebKit/537.36 (KHTML, like Gecko) Chrome/45.0.2454.93 Safari/537.36',
  'proxy-connection' => 'keep-alive',
  'origin' => 'http://www.yuanzigo.com',
  'accept-language' => 'zh-CN,zh;q=0.8,en-US;q=0.5,en;q=0.3',
  'content-type' => 'application/x-www-form-urlencoded; charset=UTF-8',
  'accept' => '*/*',
  'x-devtools-emulate-network-conditions-client-id' => '3891e930-1737-4f20-aaa8-07a5d072947f',
  'x-requested-with' => 'XMLHttpRequest',
  'resource-type' => '13',
  'referer' => 'http://www.yuanzigo.com/home/index/index',
)
[ info ] [ PARAM ] array (
  'c' => '1',
)
[ info ] [ RUN ] app\home\controller\Index->scan[ /home/wwwroot/www.yuanzigo.com/application/home/controller/Index.php ]
[ info ] [ DB ] INIT mysql
[ info ] [ LOG ] INIT File
[ sql ] [ DB ] CONNECT:[ UseTime:0.000549s ] mysql:dbname=yuanzi;host=127.0.0.1;charset=utf8
[ sql ] [ SQL ] SHOW COLUMNS FROM `aman_scanlogin` [ RunTime:0.000623s ]
[ sql ] [ SQL ] SELECT * FROM `aman_scanlogin` WHERE  `code` = null LIMIT 1 [ RunTime:0.000330s ]

---------------------------------------------------------------
[ 2018-02-16T09:35:19+08:00 ] 172.19.226.46 111.206.221.46 POST /home/index/scan
[ log ] www.yuanzigo.com/home/index/scan [运行时间：0.027250s][吞吐率：36.70req/s] [内存消耗：2,891.94kb] [文件加载：53]
[ info ] [ LANG ] /home/wwwroot/www.yuanzigo.com/thinkphp/lang/zh-cn.php
[ info ] [ ROUTE ] array (
  'type' => 'module',
  'module' => 
  array (
    0 => 'home',
    1 => 'index',
    2 => 'scan',
  ),
)
[ info ] [ HEADER ] array (
  'host' => 'www.yuanzigo.com',
  'content-length' => '3',
  'user-agent' => 'Mozilla/5.0 (Windows NT 10.0; WOW64) AppleWebKit/537.36 (KHTML, like Gecko) Chrome/45.0.2454.93 Safari/537.36',
  'proxy-connection' => 'keep-alive',
  'origin' => 'http://www.yuanzigo.com',
  'accept-language' => 'zh-CN,zh;q=0.8,en-US;q=0.5,en;q=0.3',
  'content-type' => 'application/x-www-form-urlencoded; charset=UTF-8',
  'accept' => '*/*',
  'x-devtools-emulate-network-conditions-client-id' => '3891e930-1737-4f20-aaa8-07a5d072947f',
  'x-requested-with' => 'XMLHttpRequest',
  'resource-type' => '13',
  'referer' => 'http://www.yuanzigo.com/home/index/index',
)
[ info ] [ PARAM ] array (
  'c' => '1',
)
[ info ] [ RUN ] app\home\controller\Index->scan[ /home/wwwroot/www.yuanzigo.com/application/home/controller/Index.php ]
[ info ] [ DB ] INIT mysql
[ info ] [ LOG ] INIT File
[ sql ] [ DB ] CONNECT:[ UseTime:0.000524s ] mysql:dbname=yuanzi;host=127.0.0.1;charset=utf8
[ sql ] [ SQL ] SHOW COLUMNS FROM `aman_scanlogin` [ RunTime:0.000629s ]
[ sql ] [ SQL ] SELECT * FROM `aman_scanlogin` WHERE  `code` = null LIMIT 1 [ RunTime:0.000290s ]

---------------------------------------------------------------
[ 2018-02-16T09:35:22+08:00 ] 172.19.226.46 111.206.221.97 POST /home/index/scan
[ log ] www.yuanzigo.com/home/index/scan [运行时间：0.027796s][吞吐率：35.98req/s] [内存消耗：2,891.94kb] [文件加载：53]
[ info ] [ LANG ] /home/wwwroot/www.yuanzigo.com/thinkphp/lang/zh-cn.php
[ info ] [ ROUTE ] array (
  'type' => 'module',
  'module' => 
  array (
    0 => 'home',
    1 => 'index',
    2 => 'scan',
  ),
)
[ info ] [ HEADER ] array (
  'host' => 'www.yuanzigo.com',
  'content-length' => '3',
  'user-agent' => 'Mozilla/5.0 (Windows NT 10.0; WOW64) AppleWebKit/537.36 (KHTML, like Gecko) Chrome/45.0.2454.93 Safari/537.36',
  'proxy-connection' => 'keep-alive',
  'origin' => 'http://www.yuanzigo.com',
  'accept-language' => 'zh-CN,zh;q=0.8,en-US;q=0.5,en;q=0.3',
  'content-type' => 'application/x-www-form-urlencoded; charset=UTF-8',
  'accept' => '*/*',
  'x-devtools-emulate-network-conditions-client-id' => '3891e930-1737-4f20-aaa8-07a5d072947f',
  'x-requested-with' => 'XMLHttpRequest',
  'resource-type' => '13',
  'referer' => 'http://www.yuanzigo.com/home/index/index',
)
[ info ] [ PARAM ] array (
  'c' => '1',
)
[ info ] [ RUN ] app\home\controller\Index->scan[ /home/wwwroot/www.yuanzigo.com/application/home/controller/Index.php ]
[ info ] [ DB ] INIT mysql
[ info ] [ LOG ] INIT File
[ sql ] [ DB ] CONNECT:[ UseTime:0.000575s ] mysql:dbname=yuanzi;host=127.0.0.1;charset=utf8
[ sql ] [ SQL ] SHOW COLUMNS FROM `aman_scanlogin` [ RunTime:0.000628s ]
[ sql ] [ SQL ] SELECT * FROM `aman_scanlogin` WHERE  `code` = null LIMIT 1 [ RunTime:0.000348s ]

---------------------------------------------------------------
[ 2018-02-16T09:35:25+08:00 ] 172.19.226.46 111.206.221.27 POST /home/index/scan
[ log ] www.yuanzigo.com/home/index/scan [运行时间：0.027029s][吞吐率：37.00req/s] [内存消耗：2,891.94kb] [文件加载：53]
[ info ] [ LANG ] /home/wwwroot/www.yuanzigo.com/thinkphp/lang/zh-cn.php
[ info ] [ ROUTE ] array (
  'type' => 'module',
  'module' => 
  array (
    0 => 'home',
    1 => 'index',
    2 => 'scan',
  ),
)
[ info ] [ HEADER ] array (
  'host' => 'www.yuanzigo.com',
  'content-length' => '3',
  'user-agent' => 'Mozilla/5.0 (Windows NT 10.0; WOW64) AppleWebKit/537.36 (KHTML, like Gecko) Chrome/45.0.2454.93 Safari/537.36',
  'proxy-connection' => 'keep-alive',
  'origin' => 'http://www.yuanzigo.com',
  'accept-language' => 'zh-CN,zh;q=0.8,en-US;q=0.5,en;q=0.3',
  'content-type' => 'application/x-www-form-urlencoded; charset=UTF-8',
  'accept' => '*/*',
  'x-devtools-emulate-network-conditions-client-id' => '3891e930-1737-4f20-aaa8-07a5d072947f',
  'x-requested-with' => 'XMLHttpRequest',
  'resource-type' => '13',
  'referer' => 'http://www.yuanzigo.com/home/index/index',
)
[ info ] [ PARAM ] array (
  'c' => '1',
)
[ info ] [ RUN ] app\home\controller\Index->scan[ /home/wwwroot/www.yuanzigo.com/application/home/controller/Index.php ]
[ info ] [ DB ] INIT mysql
[ info ] [ LOG ] INIT File
[ sql ] [ DB ] CONNECT:[ UseTime:0.000548s ] mysql:dbname=yuanzi;host=127.0.0.1;charset=utf8
[ sql ] [ SQL ] SHOW COLUMNS FROM `aman_scanlogin` [ RunTime:0.000617s ]
[ sql ] [ SQL ] SELECT * FROM `aman_scanlogin` WHERE  `code` = null LIMIT 1 [ RunTime:0.000319s ]

---------------------------------------------------------------
[ 2018-02-16T09:35:28+08:00 ] 172.19.226.46 111.206.198.77 POST /home/index/scan
[ log ] www.yuanzigo.com/home/index/scan [运行时间：0.027266s][吞吐率：36.68req/s] [内存消耗：2,891.94kb] [文件加载：53]
[ info ] [ LANG ] /home/wwwroot/www.yuanzigo.com/thinkphp/lang/zh-cn.php
[ info ] [ ROUTE ] array (
  'type' => 'module',
  'module' => 
  array (
    0 => 'home',
    1 => 'index',
    2 => 'scan',
  ),
)
[ info ] [ HEADER ] array (
  'host' => 'www.yuanzigo.com',
  'content-length' => '3',
  'user-agent' => 'Mozilla/5.0 (Windows NT 10.0; WOW64) AppleWebKit/537.36 (KHTML, like Gecko) Chrome/45.0.2454.93 Safari/537.36',
  'proxy-connection' => 'keep-alive',
  'origin' => 'http://www.yuanzigo.com',
  'accept-language' => 'zh-CN,zh;q=0.8,en-US;q=0.5,en;q=0.3',
  'content-type' => 'application/x-www-form-urlencoded; charset=UTF-8',
  'accept' => '*/*',
  'x-devtools-emulate-network-conditions-client-id' => '3891e930-1737-4f20-aaa8-07a5d072947f',
  'x-requested-with' => 'XMLHttpRequest',
  'resource-type' => '13',
  'referer' => 'http://www.yuanzigo.com/home/index/index',
)
[ info ] [ PARAM ] array (
  'c' => '1',
)
[ info ] [ RUN ] app\home\controller\Index->scan[ /home/wwwroot/www.yuanzigo.com/application/home/controller/Index.php ]
[ info ] [ DB ] INIT mysql
[ info ] [ LOG ] INIT File
[ sql ] [ DB ] CONNECT:[ UseTime:0.000445s ] mysql:dbname=yuanzi;host=127.0.0.1;charset=utf8
[ sql ] [ SQL ] SHOW COLUMNS FROM `aman_scanlogin` [ RunTime:0.000607s ]
[ sql ] [ SQL ] SELECT * FROM `aman_scanlogin` WHERE  `code` = null LIMIT 1 [ RunTime:0.000248s ]

---------------------------------------------------------------
[ 2018-02-16T09:35:31+08:00 ] 172.19.226.46 111.206.198.17 POST /home/index/scan
[ log ] www.yuanzigo.com/home/index/scan [运行时间：0.028595s][吞吐率：34.97req/s] [内存消耗：2,891.94kb] [文件加载：53]
[ info ] [ LANG ] /home/wwwroot/www.yuanzigo.com/thinkphp/lang/zh-cn.php
[ info ] [ ROUTE ] array (
  'type' => 'module',
  'module' => 
  array (
    0 => 'home',
    1 => 'index',
    2 => 'scan',
  ),
)
[ info ] [ HEADER ] array (
  'host' => 'www.yuanzigo.com',
  'content-length' => '3',
  'user-agent' => 'Mozilla/5.0 (Windows NT 10.0; WOW64) AppleWebKit/537.36 (KHTML, like Gecko) Chrome/45.0.2454.93 Safari/537.36',
  'proxy-connection' => 'keep-alive',
  'origin' => 'http://www.yuanzigo.com',
  'accept-language' => 'zh-CN,zh;q=0.8,en-US;q=0.5,en;q=0.3',
  'content-type' => 'application/x-www-form-urlencoded; charset=UTF-8',
  'accept' => '*/*',
  'x-devtools-emulate-network-conditions-client-id' => '3891e930-1737-4f20-aaa8-07a5d072947f',
  'x-requested-with' => 'XMLHttpRequest',
  'resource-type' => '13',
  'referer' => 'http://www.yuanzigo.com/home/index/index',
)
[ info ] [ PARAM ] array (
  'c' => '1',
)
[ info ] [ RUN ] app\home\controller\Index->scan[ /home/wwwroot/www.yuanzigo.com/application/home/controller/Index.php ]
[ info ] [ DB ] INIT mysql
[ info ] [ LOG ] INIT File
[ sql ] [ DB ] CONNECT:[ UseTime:0.000558s ] mysql:dbname=yuanzi;host=127.0.0.1;charset=utf8
[ sql ] [ SQL ] SHOW COLUMNS FROM `aman_scanlogin` [ RunTime:0.000752s ]
[ sql ] [ SQL ] SELECT * FROM `aman_scanlogin` WHERE  `code` = null LIMIT 1 [ RunTime:0.000274s ]

---------------------------------------------------------------
[ 2018-02-16T09:35:34+08:00 ] 172.19.226.46 111.206.221.40 POST /home/index/scan
[ log ] www.yuanzigo.com/home/index/scan [运行时间：0.029158s][吞吐率：34.30req/s] [内存消耗：2,891.94kb] [文件加载：53]
[ info ] [ LANG ] /home/wwwroot/www.yuanzigo.com/thinkphp/lang/zh-cn.php
[ info ] [ ROUTE ] array (
  'type' => 'module',
  'module' => 
  array (
    0 => 'home',
    1 => 'index',
    2 => 'scan',
  ),
)
[ info ] [ HEADER ] array (
  'host' => 'www.yuanzigo.com',
  'content-length' => '3',
  'user-agent' => 'Mozilla/5.0 (Windows NT 10.0; WOW64) AppleWebKit/537.36 (KHTML, like Gecko) Chrome/45.0.2454.93 Safari/537.36',
  'proxy-connection' => 'keep-alive',
  'origin' => 'http://www.yuanzigo.com',
  'accept-language' => 'zh-CN,zh;q=0.8,en-US;q=0.5,en;q=0.3',
  'content-type' => 'application/x-www-form-urlencoded; charset=UTF-8',
  'accept' => '*/*',
  'x-devtools-emulate-network-conditions-client-id' => '3891e930-1737-4f20-aaa8-07a5d072947f',
  'x-requested-with' => 'XMLHttpRequest',
  'resource-type' => '13',
  'referer' => 'http://www.yuanzigo.com/home/index/index',
)
[ info ] [ PARAM ] array (
  'c' => '1',
)
[ info ] [ RUN ] app\home\controller\Index->scan[ /home/wwwroot/www.yuanzigo.com/application/home/controller/Index.php ]
[ info ] [ DB ] INIT mysql
[ info ] [ LOG ] INIT File
[ sql ] [ DB ] CONNECT:[ UseTime:0.000586s ] mysql:dbname=yuanzi;host=127.0.0.1;charset=utf8
[ sql ] [ SQL ] SHOW COLUMNS FROM `aman_scanlogin` [ RunTime:0.000699s ]
[ sql ] [ SQL ] SELECT * FROM `aman_scanlogin` WHERE  `code` = null LIMIT 1 [ RunTime:0.000281s ]

---------------------------------------------------------------
[ 2018-02-16T09:35:37+08:00 ] 172.19.226.46 111.206.198.50 POST /home/index/scan
[ log ] www.yuanzigo.com/home/index/scan [运行时间：0.026886s][吞吐率：37.19req/s] [内存消耗：2,891.94kb] [文件加载：53]
[ info ] [ LANG ] /home/wwwroot/www.yuanzigo.com/thinkphp/lang/zh-cn.php
[ info ] [ ROUTE ] array (
  'type' => 'module',
  'module' => 
  array (
    0 => 'home',
    1 => 'index',
    2 => 'scan',
  ),
)
[ info ] [ HEADER ] array (
  'host' => 'www.yuanzigo.com',
  'content-length' => '3',
  'user-agent' => 'Mozilla/5.0 (Windows NT 10.0; WOW64) AppleWebKit/537.36 (KHTML, like Gecko) Chrome/45.0.2454.93 Safari/537.36',
  'proxy-connection' => 'keep-alive',
  'origin' => 'http://www.yuanzigo.com',
  'accept-language' => 'zh-CN,zh;q=0.8,en-US;q=0.5,en;q=0.3',
  'content-type' => 'application/x-www-form-urlencoded; charset=UTF-8',
  'accept' => '*/*',
  'x-devtools-emulate-network-conditions-client-id' => '3891e930-1737-4f20-aaa8-07a5d072947f',
  'x-requested-with' => 'XMLHttpRequest',
  'resource-type' => '13',
  'referer' => 'http://www.yuanzigo.com/home/index/index',
)
[ info ] [ PARAM ] array (
  'c' => '1',
)
[ info ] [ RUN ] app\home\controller\Index->scan[ /home/wwwroot/www.yuanzigo.com/application/home/controller/Index.php ]
[ info ] [ DB ] INIT mysql
[ info ] [ LOG ] INIT File
[ sql ] [ DB ] CONNECT:[ UseTime:0.000540s ] mysql:dbname=yuanzi;host=127.0.0.1;charset=utf8
[ sql ] [ SQL ] SHOW COLUMNS FROM `aman_scanlogin` [ RunTime:0.000690s ]
[ sql ] [ SQL ] SELECT * FROM `aman_scanlogin` WHERE  `code` = null LIMIT 1 [ RunTime:0.000354s ]

---------------------------------------------------------------
[ 2018-02-16T12:24:55+08:00 ] 172.19.226.46 106.11.225.233 GET /
[ log ] yuanzigo.com/ [运行时间：0.021131s][吞吐率：47.32req/s] [内存消耗：1,979.05kb] [文件加载：48]
[ info ] [ LANG ] /home/wwwroot/www.yuanzigo.com/thinkphp/lang/zh-cn.php
[ info ] [ ROUTE ] array (
  'type' => 'module',
  'module' => 
  array (
    0 => '',
    1 => NULL,
    2 => NULL,
  ),
)
[ info ] [ HEADER ] array (
  'accept-encoding' => 'gzip',
  'user-agent' => 'Mozilla/5.0 (iPad; CPU OS 9_1 like Mac OS X) AppleWebKit/601.1.46 (KHTML, like Gecko) Version/9.0 Mobile/13B143 Safari/601.1',
  'cache-control' => 'no-cache',
  'pragma' => 'no-cache',
  'host' => 'yuanzigo.com',
  'accept' => 'text/html, image/gif, image/jpeg, *; q=.2, */*; q=.2',
  'connection' => 'keep-alive',
  'content-type' => '',
  'content-length' => '',
)
[ info ] [ PARAM ] array (
)
[ info ] [ LOG ] INIT File

---------------------------------------------------------------
[ 2018-02-16T12:24:56+08:00 ] 172.19.226.46 106.11.225.247 GET /home/index/index
[ log ] yuanzigo.com/home/index/index [运行时间：0.338211s][吞吐率：2.96req/s] [内存消耗：3,438.97kb] [文件加载：92]
[ info ] [ LANG ] /home/wwwroot/www.yuanzigo.com/thinkphp/lang/zh-cn.php
[ info ] [ ROUTE ] array (
  'type' => 'module',
  'module' => 
  array (
    0 => 'home',
    1 => 'index',
    2 => 'index',
  ),
)
[ info ] [ HEADER ] array (
  'accept-encoding' => 'gzip',
  'user-agent' => 'Mozilla/5.0 (iPad; CPU OS 9_1 like Mac OS X) AppleWebKit/601.1.46 (KHTML, like Gecko) Version/9.0 Mobile/13B143 Safari/601.1',
  'cache-control' => 'no-cache',
  'pragma' => 'no-cache',
  'host' => 'yuanzigo.com',
  'accept' => 'text/html, image/gif, image/jpeg, *; q=.2, */*; q=.2',
  'connection' => 'keep-alive',
  'content-type' => '',
  'content-length' => '',
)
[ info ] [ PARAM ] array (
)
[ info ] [ RUN ] app\home\controller\Index->index[ /home/wwwroot/www.yuanzigo.com/application/home/controller/Index.php ]
[ info ] [ VIEW ] /home/wwwroot/www.yuanzigo.com/public/../application/home/view/index/index.html [ array (
  0 => 'qr',
  1 => 'code',
) ]
[ info ] [ LOG ] INIT File

---------------------------------------------------------------
[ 2018-02-16T13:04:49+08:00 ] 172.19.226.46 123.126.113.189 GET /
[ log ] yuanzigo.com/ [运行时间：0.018994s][吞吐率：52.65req/s] [内存消耗：1,979.11kb] [文件加载：48]
[ info ] [ LANG ] /home/wwwroot/www.yuanzigo.com/thinkphp/lang/zh-cn.php
[ info ] [ ROUTE ] array (
  'type' => 'module',
  'module' => 
  array (
    0 => '',
    1 => NULL,
    2 => NULL,
  ),
)
[ info ] [ HEADER ] array (
  'host' => 'yuanzigo.com',
  'accept' => '*/*',
  'accept-language' => 'zh-cn',
  'accept-encoding' => 'gzip,deflate',
  'user-agent' => 'Sogou web spider/4.0(+http://www.sogou.com/docs/help/webmasters.htm#07)',
  'connection' => 'close',
  'if-modified-since' => 'Tue, 23 Jan 2018 19:32:36 GMT',
  'content-type' => '',
  'content-length' => '',
)
[ info ] [ PARAM ] array (
)
[ info ] [ LOG ] INIT File

---------------------------------------------------------------
[ 2018-02-16T13:05:02+08:00 ] 172.19.226.46 123.126.113.189 GET /home/index/index
[ log ] yuanzigo.com/home/index/index [运行时间：0.206062s][吞吐率：4.85req/s] [内存消耗：3,438.39kb] [文件加载：92]
[ info ] [ LANG ] /home/wwwroot/www.yuanzigo.com/thinkphp/lang/zh-cn.php
[ info ] [ ROUTE ] array (
  'type' => 'module',
  'module' => 
  array (
    0 => 'home',
    1 => 'index',
    2 => 'index',
  ),
)
[ info ] [ HEADER ] array (
  'host' => 'yuanzigo.com',
  'accept' => '*/*',
  'accept-language' => 'zh-cn',
  'accept-encoding' => 'gzip,deflate',
  'user-agent' => 'Sogou web spider/4.0(+http://www.sogou.com/docs/help/webmasters.htm#07)',
  'connection' => 'close',
  'if-modified-since' => 'Tue, 23 Jan 2018 19:32:36 GMT',
  'content-type' => '',
  'content-length' => '',
)
[ info ] [ PARAM ] array (
)
[ info ] [ RUN ] app\home\controller\Index->index[ /home/wwwroot/www.yuanzigo.com/application/home/controller/Index.php ]
[ info ] [ VIEW ] /home/wwwroot/www.yuanzigo.com/public/../application/home/view/index/index.html [ array (
  0 => 'qr',
  1 => 'code',
) ]
[ info ] [ LOG ] INIT File

---------------------------------------------------------------
[ 2018-02-16T16:27:55+08:00 ] 172.19.226.46 123.125.71.83 GET /
[ log ] www.yuanzigo.com/ [运行时间：0.019003s][吞吐率：52.62req/s] [内存消耗：1,978.99kb] [文件加载：48]
[ info ] [ LANG ] /home/wwwroot/www.yuanzigo.com/thinkphp/lang/zh-cn.php
[ info ] [ ROUTE ] array (
  'type' => 'module',
  'module' => 
  array (
    0 => '',
    1 => NULL,
    2 => NULL,
  ),
)
[ info ] [ HEADER ] array (
  'host' => 'www.yuanzigo.com',
  'connection' => 'close',
  'user-agent' => 'Mozilla/5.0 (compatible; Baiduspider/2.0; +http://www.baidu.com/search/spider.html)',
  'accept-language' => 'zh-cn,zh-tw',
  'if-none-match' => '"@NULL@"',
  'accept-encoding' => 'gzip',
  'accept' => '*/*',
  'content-type' => '',
  'content-length' => '',
)
[ info ] [ PARAM ] array (
)
[ info ] [ LOG ] INIT File

---------------------------------------------------------------
[ 2018-02-16T16:27:55+08:00 ] 172.19.226.46 123.125.71.70 GET /home/index/index
[ log ] www.yuanzigo.com/home/index/index [运行时间：0.326956s][吞吐率：3.06req/s] [内存消耗：3,438.82kb] [文件加载：92]
[ info ] [ LANG ] /home/wwwroot/www.yuanzigo.com/thinkphp/lang/zh-cn.php
[ info ] [ ROUTE ] array (
  'type' => 'module',
  'module' => 
  array (
    0 => 'home',
    1 => 'index',
    2 => 'index',
  ),
)
[ info ] [ HEADER ] array (
  'host' => 'www.yuanzigo.com',
  'connection' => 'close',
  'user-agent' => 'Mozilla/5.0 (compatible; Baiduspider/2.0; +http://www.baidu.com/search/spider.html)',
  'accept-language' => 'zh-cn,zh-tw',
  'if-none-match' => '"@NULL@"',
  'accept-encoding' => 'gzip',
  'accept' => '*/*',
  'content-type' => '',
  'content-length' => '',
)
[ info ] [ PARAM ] array (
)
[ info ] [ RUN ] app\home\controller\Index->index[ /home/wwwroot/www.yuanzigo.com/application/home/controller/Index.php ]
[ info ] [ VIEW ] /home/wwwroot/www.yuanzigo.com/public/../application/home/view/index/index.html [ array (
  0 => 'qr',
  1 => 'code',
) ]
[ info ] [ LOG ] INIT File

---------------------------------------------------------------
[ 2018-02-16T16:37:11+08:00 ] 172.19.226.46 62.4.14.206 GET /
[ log ] 47.100.166.58/ [运行时间：0.019351s][吞吐率：51.68req/s] [内存消耗：1,978.63kb] [文件加载：48]
[ info ] [ LANG ] /home/wwwroot/www.yuanzigo.com/thinkphp/lang/zh-cn.php
[ info ] [ ROUTE ] array (
  'type' => 'module',
  'module' => 
  array (
    0 => '',
    1 => NULL,
    2 => NULL,
  ),
)
[ info ] [ HEADER ] array (
  'user-agent' => 'Mozilla/5.0 (X11; Ubuntu; Linux x86_64; rv:58.0) Gecko/20100101 Firefox/58.0',
  'accept' => 'text/html,application/xhtml+xml,application/xml;q=0.9,*/*;q=0.8',
  'accept-language' => 'en-US,en;q=0.5',
  'host' => '47.100.166.58',
  'content-type' => '',
  'content-length' => '',
)
[ info ] [ PARAM ] array (
)
[ info ] [ LOG ] INIT File

---------------------------------------------------------------
[ 2018-02-16T17:13:00+08:00 ] 172.19.226.46 106.11.227.138 GET /
[ log ] www.yuanzigo.com/ [运行时间：0.018318s][吞吐率：54.59req/s] [内存消耗：1,979.04kb] [文件加载：48]
[ info ] [ LANG ] /home/wwwroot/www.yuanzigo.com/thinkphp/lang/zh-cn.php
[ info ] [ ROUTE ] array (
  'type' => 'module',
  'module' => 
  array (
    0 => '',
    1 => NULL,
    2 => NULL,
  ),
)
[ info ] [ HEADER ] array (
  'accept-encoding' => 'gzip',
  'user-agent' => 'Mozilla/5.0 (iPad; CPU OS 9_1 like Mac OS X) AppleWebKit/601.1.46 (KHTML, like Gecko) Version/9.0 Mobile/13B143 Safari/601.1',
  'cache-control' => 'no-cache',
  'pragma' => 'no-cache',
  'host' => 'www.yuanzigo.com',
  'accept' => 'text/html, image/gif, image/jpeg, *; q=.2, */*; q=.2',
  'connection' => 'keep-alive',
  'content-type' => '',
  'content-length' => '',
)
[ info ] [ PARAM ] array (
)
[ info ] [ LOG ] INIT File

---------------------------------------------------------------
[ 2018-02-16T17:13:00+08:00 ] 172.19.226.46 106.11.227.64 GET /home/index/index
[ log ] www.yuanzigo.com/home/index/index [运行时间：0.217130s][吞吐率：4.61req/s] [内存消耗：3,438.71kb] [文件加载：92]
[ info ] [ LANG ] /home/wwwroot/www.yuanzigo.com/thinkphp/lang/zh-cn.php
[ info ] [ ROUTE ] array (
  'type' => 'module',
  'module' => 
  array (
    0 => 'home',
    1 => 'index',
    2 => 'index',
  ),
)
[ info ] [ HEADER ] array (
  'accept-encoding' => 'gzip',
  'user-agent' => 'Mozilla/5.0 (iPad; CPU OS 9_1 like Mac OS X) AppleWebKit/601.1.46 (KHTML, like Gecko) Version/9.0 Mobile/13B143 Safari/601.1',
  'cache-control' => 'no-cache',
  'pragma' => 'no-cache',
  'host' => 'www.yuanzigo.com',
  'accept' => 'text/html, image/gif, image/jpeg, *; q=.2, */*; q=.2',
  'connection' => 'keep-alive',
  'content-type' => '',
  'content-length' => '',
)
[ info ] [ PARAM ] array (
)
[ info ] [ RUN ] app\home\controller\Index->index[ /home/wwwroot/www.yuanzigo.com/application/home/controller/Index.php ]
[ info ] [ VIEW ] /home/wwwroot/www.yuanzigo.com/public/../application/home/view/index/index.html [ array (
  0 => 'qr',
  1 => 'code',
) ]
[ info ] [ LOG ] INIT File

---------------------------------------------------------------
[ 2018-02-16T17:22:23+08:00 ] 172.19.226.46 38.142.119.130 GET /
[ log ] yuanzigo.com/ [运行时间：0.021474s][吞吐率：46.57req/s] [内存消耗：2,015.27kb] [文件加载：50]
[ info ] [ LANG ] /home/wwwroot/www.yuanzigo.com/thinkphp/lang/zh-cn.php
[ info ] [ ROUTE ] array (
  'type' => 'module',
  'module' => 
  array (
    0 => '',
    1 => NULL,
    2 => NULL,
  ),
)
[ info ] [ HEADER ] array (
  'host' => 'yuanzigo.com',
  'content-type' => '',
  'content-length' => '',
)
[ info ] [ PARAM ] array (
)
[ info ] [ LOG ] INIT File
[ error ] [8]未定义数组索引: HTTP_USER_AGENT[/home/wwwroot/www.yuanzigo.com/application/common.php:13]

---------------------------------------------------------------
[ 2018-02-16T20:59:13+08:00 ] 172.19.226.46 216.218.206.68 GET /
[ log ] 47.100.166.58/ [运行时间：0.022291s][吞吐率：44.86req/s] [内存消耗：2,015.23kb] [文件加载：50]
[ info ] [ LANG ] /home/wwwroot/www.yuanzigo.com/thinkphp/lang/zh-cn.php
[ info ] [ ROUTE ] array (
  'type' => 'module',
  'module' => 
  array (
    0 => '',
    1 => NULL,
    2 => NULL,
  ),
)
[ info ] [ HEADER ] array (
  'host' => '47.100.166.58',
  'content-type' => '',
  'content-length' => '',
)
[ info ] [ PARAM ] array (
)
[ info ] [ LOG ] INIT File
[ error ] [8]未定义数组索引: HTTP_USER_AGENT[/home/wwwroot/www.yuanzigo.com/application/common.php:13]

---------------------------------------------------------------
